2026-06-10T21:26:56.637-04:00  INFO 26640 --- [ms-cancelacion] [main] c.R.m.MsCancelacionApplication           : Starting MsCancelacionApplication using Java 21.0.9 with PID 26640 (C:\Users\va-alumno\Documents\GitHub\Evaluacion-Semestral\com.ReservaPro\ms-cancelacion\target\classes started by VA-Alumno in C:\Users\va-alumno\Documents\GitHub\Evaluacion-Semestral\com.ReservaPro\ms-cancelacion)
2026-06-10T21:26:56.641-04:00  INFO 26640 --- [ms-cancelacion] [main] c.R.m.MsCancelacionApplication           : No active profile set, falling back to 1 default profile: "default"
2026-06-10T21:26:57.042-04:00  INFO 26640 --- [ms-cancelacion] [main] .s.d.r.c.RepositoryConfigurationDelegate : Bootstrapping Spring Data JPA repositories in DEFAULT mode.
2026-06-10T21:26:57.068-04:00  INFO 26640 --- [ms-cancelacion] [main] .s.d.r.c.RepositoryConfigurationDelegate : Finished Spring Data repository scanning in 21 ms. Found 1 JPA repository interface.
2026-06-10T21:26:57.144-04:00  INFO 26640 --- [ms-cancelacion] [main] o.s.cloud.context.scope.GenericScope     : BeanFactory id=a28e97e2-bbe8-3ac8-b334-d705f3aec099
2026-06-10T21:26:57.320-04:00  INFO 26640 --- [ms-cancelacion] [main] o.s.b.w.embedded.tomcat.TomcatWebServer  : Tomcat initialized with port 8082 (http)
2026-06-10T21:26:57.328-04:00  INFO 26640 --- [ms-cancelacion] [main] o.apache.catalina.core.StandardService   : Starting service [Tomcat]
2026-06-10T21:26:57.328-04:00  INFO 26640 --- [ms-cancelacion] [main] o.apache.catalina.core.StandardEngine    : Starting Servlet engine: [Apache Tomcat/10.1.33]
2026-06-10T21:26:57.362-04:00  INFO 26640 --- [ms-cancelacion] [main] o.a.c.c.C.[Tomcat].[localhost].[/]       : Initializing Spring embedded WebApplicationContext
2026-06-10T21:26:57.362-04:00  INFO 26640 --- [ms-cancelacion] [main] w.s.c.ServletWebServerApplicationContext : Root WebApplicationContext: initialization completed in 689 ms
2026-06-10T21:26:57.428-04:00  INFO 26640 --- [ms-cancelacion] [main] o.hibernate.jpa.internal.util.LogHelper  : HHH000204: Processing PersistenceUnitInfo [name: default]
2026-06-10T21:26:57.452-04:00  INFO 26640 --- [ms-cancelacion] [main] org.hibernate.Version                    : HHH000412: Hibernate ORM core version 6.6.2.Final
2026-06-10T21:26:57.467-04:00  INFO 26640 --- [ms-cancelacion] [main] o.h.c.internal.RegionFactoryInitiator    : HHH000026: Second-level cache disabled
2026-06-10T21:26:57.602-04:00  INFO 26640 --- [ms-cancelacion] [main] o.s.o.j.p.SpringPersistenceUnitInfo      : No LoadTimeWeaver setup: ignoring JPA class transformer
2026-06-10T21:26:57.616-04:00  INFO 26640 --- [ms-cancelacion] [main] com.zaxxer.hikari.HikariDataSource       : HikariPool-1 - Starting...
2026-06-10T21:26:57.771-04:00  INFO 26640 --- [ms-cancelacion] [main] com.zaxxer.hikari.pool.HikariPool        : HikariPool-1 - Added connection com.mysql.cj.jdbc.ConnectionImpl@a1cb94
2026-06-10T21:26:57.773-04:00  INFO 26640 --- [ms-cancelacion] [main] com.zaxxer.hikari.HikariDataSource       : HikariPool-1 - Start completed.
2026-06-10T21:26:57.817-04:00  INFO 26640 --- [ms-cancelacion] [main] org.hibernate.orm.connections.pooling    : HHH10001005: Database info:
	Database JDBC URL [Connecting through datasource 'HikariDataSource (HikariPool-1)']
	Database driver: undefined/unknown
	Database version: 8.4.3
	Autocommit mode: undefined/unknown
	Isolation level: undefined/unknown
	Minimum pool size: undefined/unknown
	Maximum pool size: undefined/unknown
2026-06-10T21:26:58.206-04:00  INFO 26640 --- [ms-cancelacion] [main] o.h.e.t.j.p.i.JtaPlatformInitiator       : HHH000489: No JTA platform available (set 'hibernate.transaction.jta.platform' to enable JTA platform integration)
2026-06-10T21:26:58.254-04:00  INFO 26640 --- [ms-cancelacion] [main] j.LocalContainerEntityManagerFactoryBean : Initialized JPA EntityManagerFactory for persistence unit 'default'
2026-06-10T21:26:58.415-04:00  WARN 26640 --- [ms-cancelacion] [main] JpaBaseConfiguration$JpaWebConfiguration : spring.jpa.open-in-view is enabled by default. Therefore, database queries may be performed during view rendering. Explicitly configure spring.jpa.open-in-view to disable this warning
2026-06-10T21:26:59.624-04:00  INFO 26640 --- [ms-cancelacion] [main] o.s.cloud.commons.util.InetUtils         : Cannot determine local hostname
2026-06-10T21:26:59.664-04:00  INFO 26640 --- [ms-cancelacion] [main] o.s.b.w.embedded.tomcat.TomcatWebServer  : Tomcat started on port 8082 (http) with context path '/'
2026-06-10T21:27:00.681-04:00  INFO 26640 --- [ms-cancelacion] [main] o.s.cloud.commons.util.InetUtils         : Cannot determine local hostname
2026-06-10T21:27:00.691-04:00  INFO 26640 --- [ms-cancelacion] [main] c.R.m.MsCancelacionApplication           : Started MsCancelacionApplication in 5.309 seconds (process running for 5.608)
2026-06-10T21:27:49.873-04:00  INFO 26640 --- [ms-cancelacion] [SpringApplicationShutdownHook] o.s.b.w.e.tomcat.GracefulShutdown        : Commencing graceful shutdown. Waiting for active requests to complete
2026-06-10T21:27:49.877-04:00  INFO 26640 --- [ms-cancelacion] [tomcat-shutdown] o.s.b.w.e.tomcat.GracefulShutdown        : Graceful shutdown complete
2026-06-10T21:27:49.880-04:00  INFO 26640 --- [ms-cancelacion] [SpringApplicationShutdownHook] j.LocalContainerEntityManagerFactoryBean : Closing JPA EntityManagerFactory for persistence unit 'default'
2026-06-10T21:27:49.882-04:00  INFO 26640 --- [ms-cancelacion] [SpringApplicationShutdownHook] com.zaxxer.hikari.HikariDataSource       : HikariPool-1 - Shutdown initiated...
2026-06-10T21:27:49.885-04:00  INFO 26640 --- [ms-cancelacion] [SpringApplicationShutdownHook] com.zaxxer.hikari.HikariDataSource       : HikariPool-1 - Shutdown completed.
