2026-07-03T19:56:09.799-04:00  INFO 25768 --- [ms-gestion-servicio] [main] c.R.m.MsGestionServicioApplication       : Starting MsGestionServicioApplication using Java 21.0.9 with PID 25768 (C:\Users\va-alumno\Desktop\Evaluacion-Semestral\com.ReservaPro\ms-gestion-servicio\target\classes started by VA-Alumno in C:\Users\va-alumno\Desktop\Evaluacion-Semestral)
2026-07-03T19:56:09.802-04:00  INFO 25768 --- [ms-gestion-servicio] [main] c.R.m.MsGestionServicioApplication       : No active profile set, falling back to 1 default profile: "default"
2026-07-03T19:56:10.604-04:00  INFO 25768 --- [ms-gestion-servicio] [main] .s.d.r.c.RepositoryConfigurationDelegate : Bootstrapping Spring Data JPA repositories in DEFAULT mode.
2026-07-03T19:56:10.737-04:00  INFO 25768 --- [ms-gestion-servicio] [main] .s.d.r.c.RepositoryConfigurationDelegate : Finished Spring Data repository scanning in 124 ms. Found 1 JPA repository interface.
2026-07-03T19:56:10.962-04:00  INFO 25768 --- [ms-gestion-servicio] [main] o.s.cloud.context.scope.GenericScope     : BeanFactory id=bae7c292-5d15-31d6-bfde-70614896ad8a
2026-07-03T19:56:11.315-04:00  INFO 25768 --- [ms-gestion-servicio] [main] o.s.b.w.embedded.tomcat.TomcatWebServer  : Tomcat initialized with port 8091 (http)
2026-07-03T19:56:11.328-04:00  INFO 25768 --- [ms-gestion-servicio] [main] o.apache.catalina.core.StandardService   : Starting service [Tomcat]
2026-07-03T19:56:11.329-04:00  INFO 25768 --- [ms-gestion-servicio] [main] o.apache.catalina.core.StandardEngine    : Starting Servlet engine: [Apache Tomcat/10.1.33]
2026-07-03T19:56:11.439-04:00  INFO 25768 --- [ms-gestion-servicio] [main] o.a.c.c.C.[Tomcat].[localhost].[/]       : Initializing Spring embedded WebApplicationContext
2026-07-03T19:56:11.439-04:00  INFO 25768 --- [ms-gestion-servicio] [main] w.s.c.ServletWebServerApplicationContext : Root WebApplicationContext: initialization completed in 1591 ms
2026-07-03T19:56:11.654-04:00  INFO 25768 --- [ms-gestion-servicio] [main] com.zaxxer.hikari.HikariDataSource       : HikariPool-1 - Starting...
2026-07-03T19:56:11.920-04:00  INFO 25768 --- [ms-gestion-servicio] [main] com.zaxxer.hikari.pool.HikariPool        : HikariPool-1 - Added connection com.mysql.cj.jdbc.ConnectionImpl@5a90fcaa
2026-07-03T19:56:11.923-04:00  INFO 25768 --- [ms-gestion-servicio] [main] com.zaxxer.hikari.HikariDataSource       : HikariPool-1 - Start completed.
2026-07-03T19:56:11.961-04:00  INFO 25768 --- [ms-gestion-servicio] [main] org.flywaydb.core.FlywayExecutor         : Database: jdbc:mysql://localhost:3306/ms_gestion_servicio (MySQL 8.4)
2026-07-03T19:56:11.974-04:00  WARN 25768 --- [ms-gestion-servicio] [main] o.f.c.internal.database.base.Database    : Flyway upgrade recommended: MySQL 8.4 is newer than this version of Flyway and support has not been tested. The latest supported version of MySQL is 8.1.
2026-07-03T19:56:11.993-04:00  INFO 25768 --- [ms-gestion-servicio] [main] o.f.c.i.s.JdbcTableSchemaHistory         : Schema history table `ms_gestion_servicio`.`flyway_schema_history` does not exist yet
2026-07-03T19:56:11.995-04:00  INFO 25768 --- [ms-gestion-servicio] [main] o.f.core.internal.command.DbValidate     : Successfully validated 0 migrations (execution time 00:00.011s)
2026-07-03T19:56:11.996-04:00  WARN 25768 --- [ms-gestion-servicio] [main] o.f.core.internal.command.DbValidate     : No migrations found. Are your locations set up correctly?
2026-07-03T19:56:12.015-04:00  INFO 25768 --- [ms-gestion-servicio] [main] o.f.c.i.s.JdbcTableSchemaHistory         : Creating Schema History table `ms_gestion_servicio`.`flyway_schema_history` ...
2026-07-03T19:56:12.100-04:00  INFO 25768 --- [ms-gestion-servicio] [main] o.f.core.internal.command.DbMigrate      : Current version of schema `ms_gestion_servicio`: << Empty Schema >>
2026-07-03T19:56:12.104-04:00  INFO 25768 --- [ms-gestion-servicio] [main] o.f.core.internal.command.DbMigrate      : Schema `ms_gestion_servicio` is up to date. No migration necessary.
2026-07-03T19:56:12.187-04:00  INFO 25768 --- [ms-gestion-servicio] [main] o.hibernate.jpa.internal.util.LogHelper  : HHH000204: Processing PersistenceUnitInfo [name: default]
2026-07-03T19:56:12.245-04:00  INFO 25768 --- [ms-gestion-servicio] [main] org.hibernate.Version                    : HHH000412: Hibernate ORM core version 6.6.2.Final
2026-07-03T19:56:12.281-04:00  INFO 25768 --- [ms-gestion-servicio] [main] o.h.c.internal.RegionFactoryInitiator    : HHH000026: Second-level cache disabled
2026-07-03T19:56:12.525-04:00  INFO 25768 --- [ms-gestion-servicio] [main] o.s.o.j.p.SpringPersistenceUnitInfo      : No LoadTimeWeaver setup: ignoring JPA class transformer
2026-07-03T19:56:12.573-04:00  WARN 25768 --- [ms-gestion-servicio] [main] org.hibernate.orm.deprecation            : HHH90000025: MySQLDialect does not need to be specified explicitly using 'hibernate.dialect' (remove the property setting and it will be selected by default)
2026-07-03T19:56:12.586-04:00  INFO 25768 --- [ms-gestion-servicio] [main] org.hibernate.orm.connections.pooling    : HHH10001005: Database info:
	Database JDBC URL [Connecting through datasource 'HikariDataSource (HikariPool-1)']
	Database driver: undefined/unknown
	Database version: 8.4.3
	Autocommit mode: undefined/unknown
	Isolation level: undefined/unknown
	Minimum pool size: undefined/unknown
	Maximum pool size: undefined/unknown
2026-07-03T19:56:13.299-04:00  INFO 25768 --- [ms-gestion-servicio] [main] o.h.e.t.j.p.i.JtaPlatformInitiator       : HHH000489: No JTA platform available (set 'hibernate.transaction.jta.platform' to enable JTA platform integration)
2026-07-03T19:56:13.372-04:00  INFO 25768 --- [ms-gestion-servicio] [main] j.LocalContainerEntityManagerFactoryBean : Initialized JPA EntityManagerFactory for persistence unit 'default'
2026-07-03T19:56:13.749-04:00  WARN 25768 --- [ms-gestion-servicio] [main] JpaBaseConfiguration$JpaWebConfiguration : spring.jpa.open-in-view is enabled by default. Therefore, database queries may be performed during view rendering. Explicitly configure spring.jpa.open-in-view to disable this warning
2026-07-03T19:56:15.177-04:00  INFO 25768 --- [ms-gestion-servicio] [main] o.s.cloud.commons.util.InetUtils         : Cannot determine local hostname
2026-07-03T19:56:16.206-04:00  INFO 25768 --- [ms-gestion-servicio] [main] o.s.cloud.commons.util.InetUtils         : Cannot determine local hostname
2026-07-03T19:56:16.222-04:00  INFO 25768 --- [ms-gestion-servicio] [main] DiscoveryClientOptionalArgsConfiguration : Eureka HTTP Client uses RestTemplate.
2026-07-03T19:56:16.250-04:00  WARN 25768 --- [ms-gestion-servicio] [main] iguration$LoadBalancerCaffeineWarnLogger : Spring Cloud LoadBalancer is currently working with the default cache. While this cache implementation is useful for development and tests, it's recommended to use Caffeine cache in production.You can switch to using Caffeine cache, by adding it and org.springframework.cache.caffeine.CaffeineCacheManager to the classpath.
2026-07-03T19:56:16.282-04:00  INFO 25768 --- [ms-gestion-servicio] [main] o.s.c.n.eureka.InstanceInfoFactory       : Setting initial instance status as: STARTING
2026-07-03T19:56:16.307-04:00  INFO 25768 --- [ms-gestion-servicio] [main] com.netflix.discovery.DiscoveryClient    : Initializing Eureka in region us-east-1
2026-07-03T19:56:16.311-04:00  INFO 25768 --- [ms-gestion-servicio] [main] c.n.d.s.r.aws.ConfigClusterResolver      : Resolving eureka endpoints via configuration
2026-07-03T19:56:16.324-04:00  INFO 25768 --- [ms-gestion-servicio] [main] com.netflix.discovery.DiscoveryClient    : Disable delta property : false
2026-07-03T19:56:16.324-04:00  INFO 25768 --- [ms-gestion-servicio] [main] com.netflix.discovery.DiscoveryClient    : Single vip registry refresh property : null
2026-07-03T19:56:16.324-04:00  INFO 25768 --- [ms-gestion-servicio] [main] com.netflix.discovery.DiscoveryClient    : Force full registry fetch : false
2026-07-03T19:56:16.325-04:00  INFO 25768 --- [ms-gestion-servicio] [main] com.netflix.discovery.DiscoveryClient    : Application is null : false
2026-07-03T19:56:16.325-04:00  INFO 25768 --- [ms-gestion-servicio] [main] com.netflix.discovery.DiscoveryClient    : Registered Applications size is zero : true
2026-07-03T19:56:16.325-04:00  INFO 25768 --- [ms-gestion-servicio] [main] com.netflix.discovery.DiscoveryClient    : Application version is -1: true
2026-07-03T19:56:16.325-04:00  INFO 25768 --- [ms-gestion-servicio] [main] com.netflix.discovery.DiscoveryClient    : Getting all instance registry info from the eureka server
2026-07-03T19:56:16.587-04:00  INFO 25768 --- [ms-gestion-servicio] [main] com.netflix.discovery.DiscoveryClient    : The response status is 200
2026-07-03T19:56:16.591-04:00  INFO 25768 --- [ms-gestion-servicio] [main] com.netflix.discovery.DiscoveryClient    : Starting heartbeat executor: renew interval is: 30
2026-07-03T19:56:16.593-04:00  INFO 25768 --- [ms-gestion-servicio] [main] c.n.discovery.InstanceInfoReplicator     : InstanceInfoReplicator onDemand update allowed rate per min is 4
2026-07-03T19:56:16.595-04:00  INFO 25768 --- [ms-gestion-servicio] [main] com.netflix.discovery.DiscoveryClient    : Discovery Client initialized at timestamp 1783122976594 with initial instances count: 4
2026-07-03T19:56:16.598-04:00  INFO 25768 --- [ms-gestion-servicio] [main] o.s.c.n.e.s.EurekaServiceRegistry        : Registering application MS-GESTION-SERVICIO with eureka with status UP
2026-07-03T19:56:16.599-04:00  INFO 25768 --- [ms-gestion-servicio] [main] com.netflix.discovery.DiscoveryClient    : Saw local status change event StatusChangeEvent [timestamp=1783122976599, current=UP, previous=STARTING]
2026-07-03T19:56:16.601-04:00  INFO 25768 --- [ms-gestion-servicio] [DiscoveryClient-InstanceInfoReplicator-%d] com.netflix.discovery.DiscoveryClient    : DiscoveryClient_MS-GESTION-SERVICIO/localhost:ms-gestion-servicio:8091: registering service...
2026-07-03T19:56:16.626-04:00  INFO 25768 --- [ms-gestion-servicio] [main] o.s.b.w.embedded.tomcat.TomcatWebServer  : Tomcat started on port 8091 (http) with context path '/'
2026-07-03T19:56:16.628-04:00  INFO 25768 --- [ms-gestion-servicio] [main] .s.c.n.e.s.EurekaAutoServiceRegistration : Updating port to 8091
2026-07-03T19:56:16.631-04:00  INFO 25768 --- [ms-gestion-servicio] [DiscoveryClient-InstanceInfoReplicator-%d] com.netflix.discovery.DiscoveryClient    : DiscoveryClient_MS-GESTION-SERVICIO/localhost:ms-gestion-servicio:8091 - registration status: 204
2026-07-03T19:56:17.649-04:00  INFO 25768 --- [ms-gestion-servicio] [main] o.s.cloud.commons.util.InetUtils         : Cannot determine local hostname
2026-07-03T19:56:17.658-04:00  INFO 25768 --- [ms-gestion-servicio] [main] c.R.m.MsGestionServicioApplication       : Started MsGestionServicioApplication in 9.348 seconds (process running for 10.164)
2026-07-03T20:01:16.337-04:00  INFO 25768 --- [ms-gestion-servicio] [AsyncResolver-bootstrap-executor-%d] c.n.d.s.r.aws.ConfigClusterResolver      : Resolving eureka endpoints via configuration
2026-07-03T20:06:16.342-04:00  INFO 25768 --- [ms-gestion-servicio] [AsyncResolver-bootstrap-executor-%d] c.n.d.s.r.aws.ConfigClusterResolver      : Resolving eureka endpoints via configuration
2026-07-03T20:11:16.342-04:00  INFO 25768 --- [ms-gestion-servicio] [AsyncResolver-bootstrap-executor-%d] c.n.d.s.r.aws.ConfigClusterResolver      : Resolving eureka endpoints via configuration
2026-07-03T20:16:16.342-04:00  INFO 25768 --- [ms-gestion-servicio] [AsyncResolver-bootstrap-executor-%d] c.n.d.s.r.aws.ConfigClusterResolver      : Resolving eureka endpoints via configuration
