2026-07-03T19:56:43.782-04:00  INFO 26480 --- [ms-historial-reserva] [restartedMain] c.R.m.MsHistorialReservaApplication      : Starting MsHistorialReservaApplication using Java 21.0.9 with PID 26480 (C:\Users\va-alumno\Desktop\Evaluacion-Semestral\com.ReservaPro\ms-historial-reserva\target\classes started by VA-Alumno in C:\Users\va-alumno\Desktop\Evaluacion-Semestral)
2026-07-03T19:56:43.784-04:00  INFO 26480 --- [ms-historial-reserva] [restartedMain] c.R.m.MsHistorialReservaApplication      : No active profile set, falling back to 1 default profile: "default"
2026-07-03T19:56:43.830-04:00  INFO 26480 --- [ms-historial-reserva] [restartedMain] .e.DevToolsPropertyDefaultsPostProcessor : Devtools property defaults active! Set 'spring.devtools.add-properties' to 'false' to disable
2026-07-03T19:56:43.843-04:00  INFO 26480 --- [ms-historial-reserva] [restartedMain] .e.DevToolsPropertyDefaultsPostProcessor : For additional web related logging consider setting the 'logging.level.web' property to 'DEBUG'
2026-07-03T19:56:44.711-04:00  INFO 26480 --- [ms-historial-reserva] [restartedMain] .s.d.r.c.RepositoryConfigurationDelegate : Bootstrapping Spring Data JPA repositories in DEFAULT mode.
2026-07-03T19:56:44.843-04:00  INFO 26480 --- [ms-historial-reserva] [restartedMain] .s.d.r.c.RepositoryConfigurationDelegate : Finished Spring Data repository scanning in 125 ms. Found 1 JPA repository interface.
2026-07-03T19:56:45.073-04:00  INFO 26480 --- [ms-historial-reserva] [restartedMain] o.s.cloud.context.scope.GenericScope     : BeanFactory id=a9cf0fc0-5362-323f-9d41-2469d9246dc5
2026-07-03T19:56:45.470-04:00  INFO 26480 --- [ms-historial-reserva] [restartedMain] o.s.b.w.embedded.tomcat.TomcatWebServer  : Tomcat initialized with port 8094 (http)
2026-07-03T19:56:45.483-04:00  INFO 26480 --- [ms-historial-reserva] [restartedMain] o.apache.catalina.core.StandardService   : Starting service [Tomcat]
2026-07-03T19:56:45.483-04:00  INFO 26480 --- [ms-historial-reserva] [restartedMain] o.apache.catalina.core.StandardEngine    : Starting Servlet engine: [Apache Tomcat/10.1.33]
2026-07-03T19:56:45.557-04:00  INFO 26480 --- [ms-historial-reserva] [restartedMain] o.a.c.c.C.[Tomcat].[localhost].[/]       : Initializing Spring embedded WebApplicationContext
2026-07-03T19:56:45.558-04:00  INFO 26480 --- [ms-historial-reserva] [restartedMain] w.s.c.ServletWebServerApplicationContext : Root WebApplicationContext: initialization completed in 1715 ms
2026-07-03T19:56:45.780-04:00  INFO 26480 --- [ms-historial-reserva] [restartedMain] com.zaxxer.hikari.HikariDataSource       : HikariPool-1 - Starting...
2026-07-03T19:56:46.041-04:00  INFO 26480 --- [ms-historial-reserva] [restartedMain] com.zaxxer.hikari.pool.HikariPool        : HikariPool-1 - Added connection com.mysql.cj.jdbc.ConnectionImpl@5132ae9
2026-07-03T19:56:46.042-04:00  INFO 26480 --- [ms-historial-reserva] [restartedMain] com.zaxxer.hikari.HikariDataSource       : HikariPool-1 - Start completed.
2026-07-03T19:56:46.082-04:00  INFO 26480 --- [ms-historial-reserva] [restartedMain] org.flywaydb.core.FlywayExecutor         : Database: jdbc:mysql://localhost:3306/ms_historial_reserva (MySQL 8.4)
2026-07-03T19:56:46.093-04:00  WARN 26480 --- [ms-historial-reserva] [restartedMain] o.f.c.internal.database.base.Database    : Flyway upgrade recommended: MySQL 8.4 is newer than this version of Flyway and support has not been tested. The latest supported version of MySQL is 8.1.
2026-07-03T19:56:46.117-04:00  INFO 26480 --- [ms-historial-reserva] [restartedMain] o.f.c.i.s.JdbcTableSchemaHistory         : Schema history table `ms_historial_reserva`.`flyway_schema_history` does not exist yet
2026-07-03T19:56:46.126-04:00  INFO 26480 --- [ms-historial-reserva] [restartedMain] o.f.core.internal.command.DbValidate     : Successfully validated 2 migrations (execution time 00:00.023s)
2026-07-03T19:56:46.146-04:00  INFO 26480 --- [ms-historial-reserva] [restartedMain] o.f.c.i.s.JdbcTableSchemaHistory         : Creating Schema History table `ms_historial_reserva`.`flyway_schema_history` ...
2026-07-03T19:56:46.227-04:00  INFO 26480 --- [ms-historial-reserva] [restartedMain] o.f.core.internal.command.DbMigrate      : Current version of schema `ms_historial_reserva`: << Empty Schema >>
2026-07-03T19:56:46.236-04:00  INFO 26480 --- [ms-historial-reserva] [restartedMain] o.f.core.internal.command.DbMigrate      : Migrating schema `ms_historial_reserva` to version "1 - crear tabla"
2026-07-03T19:56:46.292-04:00  INFO 26480 --- [ms-historial-reserva] [restartedMain] o.f.core.internal.command.DbMigrate      : Migrating schema `ms_historial_reserva` to version "2 - insert historiales"
2026-07-03T19:56:46.320-04:00  INFO 26480 --- [ms-historial-reserva] [restartedMain] o.f.core.internal.command.DbMigrate      : Successfully applied 2 migrations to schema `ms_historial_reserva`, now at version v2 (execution time 00:00.033s)
2026-07-03T19:56:46.403-04:00  INFO 26480 --- [ms-historial-reserva] [restartedMain] o.hibernate.jpa.internal.util.LogHelper  : HHH000204: Processing PersistenceUnitInfo [name: default]
2026-07-03T19:56:46.456-04:00  INFO 26480 --- [ms-historial-reserva] [restartedMain] org.hibernate.Version                    : HHH000412: Hibernate ORM core version 6.6.2.Final
2026-07-03T19:56:46.487-04:00  INFO 26480 --- [ms-historial-reserva] [restartedMain] o.h.c.internal.RegionFactoryInitiator    : HHH000026: Second-level cache disabled
2026-07-03T19:56:46.729-04:00  INFO 26480 --- [ms-historial-reserva] [restartedMain] o.s.o.j.p.SpringPersistenceUnitInfo      : No LoadTimeWeaver setup: ignoring JPA class transformer
2026-07-03T19:56:46.785-04:00  WARN 26480 --- [ms-historial-reserva] [restartedMain] org.hibernate.orm.deprecation            : HHH90000025: MySQLDialect does not need to be specified explicitly using 'hibernate.dialect' (remove the property setting and it will be selected by default)
2026-07-03T19:56:46.796-04:00  INFO 26480 --- [ms-historial-reserva] [restartedMain] org.hibernate.orm.connections.pooling    : HHH10001005: Database info:
	Database JDBC URL [Connecting through datasource 'HikariDataSource (HikariPool-1)']
	Database driver: undefined/unknown
	Database version: 8.4.3
	Autocommit mode: undefined/unknown
	Isolation level: undefined/unknown
	Minimum pool size: undefined/unknown
	Maximum pool size: undefined/unknown
2026-07-03T19:56:47.488-04:00  INFO 26480 --- [ms-historial-reserva] [restartedMain] o.h.e.t.j.p.i.JtaPlatformInitiator       : HHH000489: No JTA platform available (set 'hibernate.transaction.jta.platform' to enable JTA platform integration)
2026-07-03T19:56:47.514-04:00  INFO 26480 --- [ms-historial-reserva] [restartedMain] j.LocalContainerEntityManagerFactoryBean : Initialized JPA EntityManagerFactory for persistence unit 'default'
2026-07-03T19:56:47.889-04:00  WARN 26480 --- [ms-historial-reserva] [restartedMain] JpaBaseConfiguration$JpaWebConfiguration : spring.jpa.open-in-view is enabled by default. Therefore, database queries may be performed during view rendering. Explicitly configure spring.jpa.open-in-view to disable this warning
2026-07-03T19:56:47.906-04:00  INFO 26480 --- [ms-historial-reserva] [restartedMain] o.s.b.d.a.OptionalLiveReloadServer       : LiveReload server is running on port 35729
2026-07-03T19:56:48.923-04:00  INFO 26480 --- [ms-historial-reserva] [restartedMain] o.s.cloud.commons.util.InetUtils         : Cannot determine local hostname
2026-07-03T19:56:48.980-04:00  INFO 26480 --- [ms-historial-reserva] [restartedMain] o.s.c.openfeign.FeignClientFactoryBean   : For 'ms-reserva' URL not provided. Will try picking an instance via load-balancing.
2026-07-03T19:56:50.447-04:00  INFO 26480 --- [ms-historial-reserva] [restartedMain] o.s.cloud.commons.util.InetUtils         : Cannot determine local hostname
2026-07-03T19:56:50.466-04:00  INFO 26480 --- [ms-historial-reserva] [restartedMain] DiscoveryClientOptionalArgsConfiguration : Eureka HTTP Client uses RestTemplate.
2026-07-03T19:56:50.486-04:00  WARN 26480 --- [ms-historial-reserva] [restartedMain] iguration$LoadBalancerCaffeineWarnLogger : Spring Cloud LoadBalancer is currently working with the default cache. While this cache implementation is useful for development and tests, it's recommended to use Caffeine cache in production.You can switch to using Caffeine cache, by adding it and org.springframework.cache.caffeine.CaffeineCacheManager to the classpath.
2026-07-03T19:56:50.507-04:00  INFO 26480 --- [ms-historial-reserva] [restartedMain] o.s.c.n.eureka.InstanceInfoFactory       : Setting initial instance status as: STARTING
2026-07-03T19:56:50.526-04:00  INFO 26480 --- [ms-historial-reserva] [restartedMain] com.netflix.discovery.DiscoveryClient    : Initializing Eureka in region us-east-1
2026-07-03T19:56:50.530-04:00  INFO 26480 --- [ms-historial-reserva] [restartedMain] c.n.d.s.r.aws.ConfigClusterResolver      : Resolving eureka endpoints via configuration
2026-07-03T19:56:50.537-04:00  INFO 26480 --- [ms-historial-reserva] [restartedMain] com.netflix.discovery.DiscoveryClient    : Disable delta property : false
2026-07-03T19:56:50.537-04:00  INFO 26480 --- [ms-historial-reserva] [restartedMain] com.netflix.discovery.DiscoveryClient    : Single vip registry refresh property : null
2026-07-03T19:56:50.538-04:00  INFO 26480 --- [ms-historial-reserva] [restartedMain] com.netflix.discovery.DiscoveryClient    : Force full registry fetch : false
2026-07-03T19:56:50.538-04:00  INFO 26480 --- [ms-historial-reserva] [restartedMain] com.netflix.discovery.DiscoveryClient    : Application is null : false
2026-07-03T19:56:50.538-04:00  INFO 26480 --- [ms-historial-reserva] [restartedMain] com.netflix.discovery.DiscoveryClient    : Registered Applications size is zero : true
2026-07-03T19:56:50.538-04:00  INFO 26480 --- [ms-historial-reserva] [restartedMain] com.netflix.discovery.DiscoveryClient    : Application version is -1: true
2026-07-03T19:56:50.538-04:00  INFO 26480 --- [ms-historial-reserva] [restartedMain] com.netflix.discovery.DiscoveryClient    : Getting all instance registry info from the eureka server
2026-07-03T19:56:50.792-04:00  INFO 26480 --- [ms-historial-reserva] [restartedMain] com.netflix.discovery.DiscoveryClient    : The response status is 200
2026-07-03T19:56:50.794-04:00  INFO 26480 --- [ms-historial-reserva] [restartedMain] com.netflix.discovery.DiscoveryClient    : Starting heartbeat executor: renew interval is: 30
2026-07-03T19:56:50.796-04:00  INFO 26480 --- [ms-historial-reserva] [restartedMain] c.n.discovery.InstanceInfoReplicator     : InstanceInfoReplicator onDemand update allowed rate per min is 4
2026-07-03T19:56:50.797-04:00  INFO 26480 --- [ms-historial-reserva] [restartedMain] com.netflix.discovery.DiscoveryClient    : Discovery Client initialized at timestamp 1783123010797 with initial instances count: 5
2026-07-03T19:56:50.801-04:00  INFO 26480 --- [ms-historial-reserva] [restartedMain] o.s.c.n.e.s.EurekaServiceRegistry        : Registering application MS-HISTORIAL-RESERVA with eureka with status UP
2026-07-03T19:56:50.801-04:00  INFO 26480 --- [ms-historial-reserva] [restartedMain] com.netflix.discovery.DiscoveryClient    : Saw local status change event StatusChangeEvent [timestamp=1783123010801, current=UP, previous=STARTING]
2026-07-03T19:56:50.803-04:00  INFO 26480 --- [ms-historial-reserva] [DiscoveryClient-InstanceInfoReplicator-%d] com.netflix.discovery.DiscoveryClient    : DiscoveryClient_MS-HISTORIAL-RESERVA/localhost:ms-historial-reserva:8094: registering service...
2026-07-03T19:56:50.825-04:00  INFO 26480 --- [ms-historial-reserva] [restartedMain] o.s.b.w.embedded.tomcat.TomcatWebServer  : Tomcat started on port 8094 (http) with context path '/'
2026-07-03T19:56:50.825-04:00  INFO 26480 --- [ms-historial-reserva] [restartedMain] .s.c.n.e.s.EurekaAutoServiceRegistration : Updating port to 8094
2026-07-03T19:56:50.829-04:00  INFO 26480 --- [ms-historial-reserva] [DiscoveryClient-InstanceInfoReplicator-%d] com.netflix.discovery.DiscoveryClient    : DiscoveryClient_MS-HISTORIAL-RESERVA/localhost:ms-historial-reserva:8094 - registration status: 204
2026-07-03T19:56:51.846-04:00  INFO 26480 --- [ms-historial-reserva] [restartedMain] o.s.cloud.commons.util.InetUtils         : Cannot determine local hostname
2026-07-03T19:56:51.853-04:00  INFO 26480 --- [ms-historial-reserva] [restartedMain] c.R.m.MsHistorialReservaApplication      : Started MsHistorialReservaApplication in 9.524 seconds (process running for 10.512)
2026-07-03T20:01:50.547-04:00  INFO 26480 --- [ms-historial-reserva] [AsyncResolver-bootstrap-executor-%d] c.n.d.s.r.aws.ConfigClusterResolver      : Resolving eureka endpoints via configuration
2026-07-03T20:06:50.550-04:00  INFO 26480 --- [ms-historial-reserva] [AsyncResolver-bootstrap-executor-%d] c.n.d.s.r.aws.ConfigClusterResolver      : Resolving eureka endpoints via configuration
2026-07-03T20:11:50.548-04:00  INFO 26480 --- [ms-historial-reserva] [AsyncResolver-bootstrap-executor-%d] c.n.d.s.r.aws.ConfigClusterResolver      : Resolving eureka endpoints via configuration
2026-07-03T20:16:50.548-04:00  INFO 26480 --- [ms-historial-reserva] [AsyncResolver-bootstrap-executor-%d] c.n.d.s.r.aws.ConfigClusterResolver      : Resolving eureka endpoints via configuration
