2026-07-13T05:54:17.184-04:00  INFO 24652 --- [ms-calificacion] [main] c.R.m.MsCalificacionApplication          : Starting MsCalificacionApplication using Java 21.0.11 with PID 24652 (C:\Users\damia\OneDrive\Escritorio\Proyectos Github\Evaluacion-Semestral\com.ReservaPro\ms-calificacion\target\classes started by damia in C:\Users\damia\OneDrive\Escritorio\Proyectos Github\Evaluacion-Semestral)
2026-07-13T05:54:17.255-04:00  INFO 24652 --- [ms-calificacion] [main] c.R.m.MsCalificacionApplication          : No active profile set, falling back to 1 default profile: "default"
2026-07-13T05:54:20.611-04:00  INFO 24652 --- [ms-calificacion] [main] .s.d.r.c.RepositoryConfigurationDelegate : Bootstrapping Spring Data JPA repositories in DEFAULT mode.
2026-07-13T05:54:21.045-04:00  INFO 24652 --- [ms-calificacion] [main] .s.d.r.c.RepositoryConfigurationDelegate : Finished Spring Data repository scanning in 414 ms. Found 1 JPA repository interface.
2026-07-13T05:54:22.247-04:00  INFO 24652 --- [ms-calificacion] [main] o.s.cloud.context.scope.GenericScope     : BeanFactory id=d9573f94-d142-3f09-bf14-e1ccf9c8178d
2026-07-13T05:54:23.502-04:00  INFO 24652 --- [ms-calificacion] [main] o.s.b.w.embedded.tomcat.TomcatWebServer  : Tomcat initialized with port 8098 (http)
2026-07-13T05:54:23.564-04:00  INFO 24652 --- [ms-calificacion] [main] o.apache.catalina.core.StandardService   : Starting service [Tomcat]
2026-07-13T05:54:23.565-04:00  INFO 24652 --- [ms-calificacion] [main] o.apache.catalina.core.StandardEngine    : Starting Servlet engine: [Apache Tomcat/10.1.33]
2026-07-13T05:54:23.853-04:00  INFO 24652 --- [ms-calificacion] [main] o.a.c.c.C.[Tomcat].[localhost].[/]       : Initializing Spring embedded WebApplicationContext
2026-07-13T05:54:23.869-04:00  INFO 24652 --- [ms-calificacion] [main] w.s.c.ServletWebServerApplicationContext : Root WebApplicationContext: initialization completed in 6465 ms
2026-07-13T05:54:25.049-04:00  INFO 24652 --- [ms-calificacion] [main] com.zaxxer.hikari.HikariDataSource       : HikariPool-1 - Starting...
2026-07-13T05:54:26.025-04:00  INFO 24652 --- [ms-calificacion] [main] com.zaxxer.hikari.pool.HikariPool        : HikariPool-1 - Added connection com.mysql.cj.jdbc.ConnectionImpl@17003497
2026-07-13T05:54:26.028-04:00  INFO 24652 --- [ms-calificacion] [main] com.zaxxer.hikari.HikariDataSource       : HikariPool-1 - Start completed.
2026-07-13T05:54:26.122-04:00  INFO 24652 --- [ms-calificacion] [main] org.flywaydb.core.FlywayExecutor         : Database: jdbc:mysql://localhost:3306/ms_calificacion (MySQL 8.4)
2026-07-13T05:54:26.154-04:00  WARN 24652 --- [ms-calificacion] [main] o.f.c.internal.database.base.Database    : Flyway upgrade recommended: MySQL 8.4 is newer than this version of Flyway and support has not been tested. The latest supported version of MySQL is 8.1.
2026-07-13T05:54:26.212-04:00  INFO 24652 --- [ms-calificacion] [main] o.f.c.i.s.JdbcTableSchemaHistory         : Schema history table `ms_calificacion`.`flyway_schema_history` does not exist yet
2026-07-13T05:54:26.220-04:00  INFO 24652 --- [ms-calificacion] [main] o.f.core.internal.command.DbValidate     : Successfully validated 2 migrations (execution time 00:00.041s)
2026-07-13T05:54:26.269-04:00  INFO 24652 --- [ms-calificacion] [main] o.f.c.i.s.JdbcTableSchemaHistory         : Creating Schema History table `ms_calificacion`.`flyway_schema_history` ...
2026-07-13T05:54:26.440-04:00  INFO 24652 --- [ms-calificacion] [main] o.f.core.internal.command.DbMigrate      : Current version of schema `ms_calificacion`: << Empty Schema >>
2026-07-13T05:54:26.462-04:00  INFO 24652 --- [ms-calificacion] [main] o.f.core.internal.command.DbMigrate      : Migrating schema `ms_calificacion` to version "1 - crear tabla calificacion"
2026-07-13T05:54:26.697-04:00  INFO 24652 --- [ms-calificacion] [main] o.f.core.internal.command.DbMigrate      : Migrating schema `ms_calificacion` to version "2 - insert calificacion"
2026-07-13T05:54:26.752-04:00  INFO 24652 --- [ms-calificacion] [main] o.f.core.internal.command.DbMigrate      : Successfully applied 2 migrations to schema `ms_calificacion`, now at version v2 (execution time 00:00.186s)
2026-07-13T05:54:26.954-04:00  INFO 24652 --- [ms-calificacion] [main] o.hibernate.jpa.internal.util.LogHelper  : HHH000204: Processing PersistenceUnitInfo [name: default]
2026-07-13T05:54:27.102-04:00  INFO 24652 --- [ms-calificacion] [main] org.hibernate.Version                    : HHH000412: Hibernate ORM core version 6.6.2.Final
2026-07-13T05:54:27.211-04:00  INFO 24652 --- [ms-calificacion] [main] o.h.c.internal.RegionFactoryInitiator    : HHH000026: Second-level cache disabled
2026-07-13T05:54:27.973-04:00  INFO 24652 --- [ms-calificacion] [main] o.s.o.j.p.SpringPersistenceUnitInfo      : No LoadTimeWeaver setup: ignoring JPA class transformer
2026-07-13T05:54:28.095-04:00  WARN 24652 --- [ms-calificacion] [main] org.hibernate.orm.deprecation            : HHH90000025: MySQLDialect does not need to be specified explicitly using 'hibernate.dialect' (remove the property setting and it will be selected by default)
2026-07-13T05:54:28.127-04:00  INFO 24652 --- [ms-calificacion] [main] org.hibernate.orm.connections.pooling    : HHH10001005: Database info:
	Database JDBC URL [Connecting through datasource 'HikariDataSource (HikariPool-1)']
	Database driver: undefined/unknown
	Database version: 8.4.3
	Autocommit mode: undefined/unknown
	Isolation level: undefined/unknown
	Minimum pool size: undefined/unknown
	Maximum pool size: undefined/unknown
2026-07-13T05:54:30.144-04:00  INFO 24652 --- [ms-calificacion] [main] o.h.e.t.j.p.i.JtaPlatformInitiator       : HHH000489: No JTA platform available (set 'hibernate.transaction.jta.platform' to enable JTA platform integration)
2026-07-13T05:54:30.210-04:00  INFO 24652 --- [ms-calificacion] [main] j.LocalContainerEntityManagerFactoryBean : Initialized JPA EntityManagerFactory for persistence unit 'default'
2026-07-13T05:54:31.241-04:00  WARN 24652 --- [ms-calificacion] [main] JpaBaseConfiguration$JpaWebConfiguration : spring.jpa.open-in-view is enabled by default. Therefore, database queries may be performed during view rendering. Explicitly configure spring.jpa.open-in-view to disable this warning
2026-07-13T05:54:32.366-04:00  INFO 24652 --- [ms-calificacion] [main] DiscoveryClientOptionalArgsConfiguration : Eureka HTTP Client uses RestTemplate.
2026-07-13T05:54:32.447-04:00  WARN 24652 --- [ms-calificacion] [main] iguration$LoadBalancerCaffeineWarnLogger : Spring Cloud LoadBalancer is currently working with the default cache. While this cache implementation is useful for development and tests, it's recommended to use Caffeine cache in production.You can switch to using Caffeine cache, by adding it and org.springframework.cache.caffeine.CaffeineCacheManager to the classpath.
2026-07-13T05:54:32.530-04:00  INFO 24652 --- [ms-calificacion] [main] o.s.c.n.eureka.InstanceInfoFactory       : Setting initial instance status as: STARTING
2026-07-13T05:54:32.598-04:00  INFO 24652 --- [ms-calificacion] [main] com.netflix.discovery.DiscoveryClient    : Initializing Eureka in region us-east-1
2026-07-13T05:54:32.610-04:00  INFO 24652 --- [ms-calificacion] [main] c.n.d.s.r.aws.ConfigClusterResolver      : Resolving eureka endpoints via configuration
2026-07-13T05:54:32.632-04:00  INFO 24652 --- [ms-calificacion] [main] com.netflix.discovery.DiscoveryClient    : Disable delta property : false
2026-07-13T05:54:32.634-04:00  INFO 24652 --- [ms-calificacion] [main] com.netflix.discovery.DiscoveryClient    : Single vip registry refresh property : null
2026-07-13T05:54:32.634-04:00  INFO 24652 --- [ms-calificacion] [main] com.netflix.discovery.DiscoveryClient    : Force full registry fetch : false
2026-07-13T05:54:32.635-04:00  INFO 24652 --- [ms-calificacion] [main] com.netflix.discovery.DiscoveryClient    : Application is null : false
2026-07-13T05:54:32.635-04:00  INFO 24652 --- [ms-calificacion] [main] com.netflix.discovery.DiscoveryClient    : Registered Applications size is zero : true
2026-07-13T05:54:32.635-04:00  INFO 24652 --- [ms-calificacion] [main] com.netflix.discovery.DiscoveryClient    : Application version is -1: true
2026-07-13T05:54:32.637-04:00  INFO 24652 --- [ms-calificacion] [main] com.netflix.discovery.DiscoveryClient    : Getting all instance registry info from the eureka server
2026-07-13T05:54:33.365-04:00  INFO 24652 --- [ms-calificacion] [main] com.netflix.discovery.DiscoveryClient    : The response status is 200
2026-07-13T05:54:33.371-04:00  INFO 24652 --- [ms-calificacion] [main] com.netflix.discovery.DiscoveryClient    : Starting heartbeat executor: renew interval is: 30
2026-07-13T05:54:33.375-04:00  INFO 24652 --- [ms-calificacion] [main] c.n.discovery.InstanceInfoReplicator     : InstanceInfoReplicator onDemand update allowed rate per min is 4
2026-07-13T05:54:33.378-04:00  INFO 24652 --- [ms-calificacion] [main] com.netflix.discovery.DiscoveryClient    : Discovery Client initialized at timestamp 1783936473377 with initial instances count: 13
2026-07-13T05:54:33.385-04:00  INFO 24652 --- [ms-calificacion] [main] o.s.c.n.e.s.EurekaServiceRegistry        : Registering application MS-CALIFICACION with eureka with status UP
2026-07-13T05:54:33.386-04:00  INFO 24652 --- [ms-calificacion] [main] com.netflix.discovery.DiscoveryClient    : Saw local status change event StatusChangeEvent [timestamp=1783936473386, current=UP, previous=STARTING]
2026-07-13T05:54:33.389-04:00  INFO 24652 --- [ms-calificacion] [DiscoveryClient-InstanceInfoReplicator-%d] com.netflix.discovery.DiscoveryClient    : DiscoveryClient_MS-CALIFICACION/host.docker.internal:ms-calificacion:8098: registering service...
2026-07-13T05:54:33.401-04:00  INFO 24652 --- [ms-calificacion] [main] o.s.c.n.e.s.EurekaServiceRegistry        : Unregistering application MS-CALIFICACION with eureka with status DOWN
2026-07-13T05:54:33.402-04:00  INFO 24652 --- [ms-calificacion] [main] com.netflix.discovery.DiscoveryClient    : Saw local status change event StatusChangeEvent [timestamp=1783936473402, current=DOWN, previous=UP]
2026-07-13T05:54:33.402-04:00  WARN 24652 --- [ms-calificacion] [main] ConfigServletWebServerApplicationContext : Exception encountered during context initialization - cancelling refresh attempt: org.springframework.context.ApplicationContextException: Failed to start bean 'webServerStartStop'
2026-07-13T05:54:33.407-04:00  INFO 24652 --- [ms-calificacion] [main] j.LocalContainerEntityManagerFactoryBean : Closing JPA EntityManagerFactory for persistence unit 'default'
2026-07-13T05:54:33.410-04:00  INFO 24652 --- [ms-calificacion] [main] com.zaxxer.hikari.HikariDataSource       : HikariPool-1 - Shutdown initiated...
2026-07-13T05:54:33.435-04:00  INFO 24652 --- [ms-calificacion] [main] com.zaxxer.hikari.HikariDataSource       : HikariPool-1 - Shutdown completed.
2026-07-13T05:54:33.435-04:00  INFO 24652 --- [ms-calificacion] [main] com.netflix.discovery.DiscoveryClient    : Shutting down DiscoveryClient ...
2026-07-13T05:54:33.459-04:00  INFO 24652 --- [ms-calificacion] [DiscoveryClient-InstanceInfoReplicator-%d] com.netflix.discovery.DiscoveryClient    : DiscoveryClient_MS-CALIFICACION/host.docker.internal:ms-calificacion:8098 - registration status: 204
2026-07-13T05:54:33.460-04:00  INFO 24652 --- [ms-calificacion] [DiscoveryClient-InstanceInfoReplicator-%d] com.netflix.discovery.DiscoveryClient    : DiscoveryClient_MS-CALIFICACION/host.docker.internal:ms-calificacion:8098: registering service...
2026-07-13T05:54:33.468-04:00  INFO 24652 --- [ms-calificacion] [DiscoveryClient-InstanceInfoReplicator-%d] com.netflix.discovery.DiscoveryClient    : DiscoveryClient_MS-CALIFICACION/host.docker.internal:ms-calificacion:8098 - registration status: 204
2026-07-13T05:54:33.469-04:00  INFO 24652 --- [ms-calificacion] [main] com.netflix.discovery.DiscoveryClient    : Unregistering ...
2026-07-13T05:54:33.478-04:00  INFO 24652 --- [ms-calificacion] [main] com.netflix.discovery.DiscoveryClient    : DiscoveryClient_MS-CALIFICACION/host.docker.internal:ms-calificacion:8098 - deregister  status: 200
2026-07-13T05:54:33.479-04:00  INFO 24652 --- [ms-calificacion] [main] com.netflix.discovery.DiscoveryClient    : Completed shut down of DiscoveryClient
2026-07-13T05:54:33.501-04:00  INFO 24652 --- [ms-calificacion] [main] .s.b.a.l.ConditionEvaluationReportLogger : 

Error starting ApplicationContext. To display the condition evaluation report re-run your application with 'debug' enabled.
2026-07-13T05:54:33.544-04:00 ERROR 24652 --- [ms-calificacion] [main] o.s.b.d.LoggingFailureAnalysisReporter   : 

***************************
APPLICATION FAILED TO START
***************************

Description:

Web server failed to start. Port 8098 was already in use.

Action:

Identify and stop the process that's listening on port 8098 or configure this application to listen on another port.

2026-07-13T05:56:07.370-04:00  INFO 31616 --- [ms-calificacion] [main] c.R.m.MsCalificacionApplication          : Starting MsCalificacionApplication using Java 21.0.11 with PID 31616 (C:\Users\damia\OneDrive\Escritorio\Proyectos Github\Evaluacion-Semestral\com.ReservaPro\ms-calificacion\target\classes started by damia in C:\Users\damia\OneDrive\Escritorio\Proyectos Github\Evaluacion-Semestral)
2026-07-13T05:56:07.376-04:00  INFO 31616 --- [ms-calificacion] [main] c.R.m.MsCalificacionApplication          : No active profile set, falling back to 1 default profile: "default"
2026-07-13T05:56:10.933-04:00  INFO 31616 --- [ms-calificacion] [main] .s.d.r.c.RepositoryConfigurationDelegate : Bootstrapping Spring Data JPA repositories in DEFAULT mode.
2026-07-13T05:56:11.267-04:00  INFO 31616 --- [ms-calificacion] [main] .s.d.r.c.RepositoryConfigurationDelegate : Finished Spring Data repository scanning in 314 ms. Found 1 JPA repository interface.
2026-07-13T05:56:11.791-04:00  INFO 31616 --- [ms-calificacion] [main] o.s.cloud.context.scope.GenericScope     : BeanFactory id=d9573f94-d142-3f09-bf14-e1ccf9c8178d
2026-07-13T05:56:12.576-04:00  INFO 31616 --- [ms-calificacion] [main] o.s.b.w.embedded.tomcat.TomcatWebServer  : Tomcat initialized with port 8097 (http)
2026-07-13T05:56:12.603-04:00  INFO 31616 --- [ms-calificacion] [main] o.apache.catalina.core.StandardService   : Starting service [Tomcat]
2026-07-13T05:56:12.604-04:00  INFO 31616 --- [ms-calificacion] [main] o.apache.catalina.core.StandardEngine    : Starting Servlet engine: [Apache Tomcat/10.1.33]
2026-07-13T05:56:12.768-04:00  INFO 31616 --- [ms-calificacion] [main] o.a.c.c.C.[Tomcat].[localhost].[/]       : Initializing Spring embedded WebApplicationContext
2026-07-13T05:56:12.769-04:00  INFO 31616 --- [ms-calificacion] [main] w.s.c.ServletWebServerApplicationContext : Root WebApplicationContext: initialization completed in 5135 ms
2026-07-13T05:56:13.266-04:00  INFO 31616 --- [ms-calificacion] [main] com.zaxxer.hikari.HikariDataSource       : HikariPool-1 - Starting...
2026-07-13T05:56:13.809-04:00  INFO 31616 --- [ms-calificacion] [main] com.zaxxer.hikari.pool.HikariPool        : HikariPool-1 - Added connection com.mysql.cj.jdbc.ConnectionImpl@70b196d3
2026-07-13T05:56:13.812-04:00  INFO 31616 --- [ms-calificacion] [main] com.zaxxer.hikari.HikariDataSource       : HikariPool-1 - Start completed.
2026-07-13T05:56:13.887-04:00  INFO 31616 --- [ms-calificacion] [main] org.flywaydb.core.FlywayExecutor         : Database: jdbc:mysql://localhost:3306/ms_calificacion (MySQL 8.4)
2026-07-13T05:56:13.909-04:00  WARN 31616 --- [ms-calificacion] [main] o.f.c.internal.database.base.Database    : Flyway upgrade recommended: MySQL 8.4 is newer than this version of Flyway and support has not been tested. The latest supported version of MySQL is 8.1.
2026-07-13T05:56:13.957-04:00  INFO 31616 --- [ms-calificacion] [main] o.f.c.i.s.JdbcTableSchemaHistory         : Schema history table `ms_calificacion`.`flyway_schema_history` does not exist yet
2026-07-13T05:56:13.962-04:00  INFO 31616 --- [ms-calificacion] [main] o.f.core.internal.command.DbValidate     : Successfully validated 2 migrations (execution time 00:00.036s)
2026-07-13T05:56:13.999-04:00  INFO 31616 --- [ms-calificacion] [main] o.f.c.i.s.JdbcTableSchemaHistory         : Creating Schema History table `ms_calificacion`.`flyway_schema_history` ...
2026-07-13T05:56:14.150-04:00  INFO 31616 --- [ms-calificacion] [main] o.f.core.internal.command.DbMigrate      : Current version of schema `ms_calificacion`: << Empty Schema >>
2026-07-13T05:56:14.168-04:00  INFO 31616 --- [ms-calificacion] [main] o.f.core.internal.command.DbMigrate      : Migrating schema `ms_calificacion` to version "1 - crear tabla calificacion"
2026-07-13T05:56:14.361-04:00  INFO 31616 --- [ms-calificacion] [main] o.f.core.internal.command.DbMigrate      : Migrating schema `ms_calificacion` to version "2 - insert calificacion"
2026-07-13T05:56:14.408-04:00  INFO 31616 --- [ms-calificacion] [main] o.f.core.internal.command.DbMigrate      : Successfully applied 2 migrations to schema `ms_calificacion`, now at version v2 (execution time 00:00.157s)
2026-07-13T05:56:14.578-04:00  INFO 31616 --- [ms-calificacion] [main] o.hibernate.jpa.internal.util.LogHelper  : HHH000204: Processing PersistenceUnitInfo [name: default]
2026-07-13T05:56:14.701-04:00  INFO 31616 --- [ms-calificacion] [main] org.hibernate.Version                    : HHH000412: Hibernate ORM core version 6.6.2.Final
2026-07-13T05:56:14.756-04:00  INFO 31616 --- [ms-calificacion] [main] o.h.c.internal.RegionFactoryInitiator    : HHH000026: Second-level cache disabled
2026-07-13T05:56:15.410-04:00  INFO 31616 --- [ms-calificacion] [main] o.s.o.j.p.SpringPersistenceUnitInfo      : No LoadTimeWeaver setup: ignoring JPA class transformer
2026-07-13T05:56:15.509-04:00  WARN 31616 --- [ms-calificacion] [main] org.hibernate.orm.deprecation            : HHH90000025: MySQLDialect does not need to be specified explicitly using 'hibernate.dialect' (remove the property setting and it will be selected by default)
2026-07-13T05:56:15.532-04:00  INFO 31616 --- [ms-calificacion] [main] org.hibernate.orm.connections.pooling    : HHH10001005: Database info:
	Database JDBC URL [Connecting through datasource 'HikariDataSource (HikariPool-1)']
	Database driver: undefined/unknown
	Database version: 8.4.3
	Autocommit mode: undefined/unknown
	Isolation level: undefined/unknown
	Minimum pool size: undefined/unknown
	Maximum pool size: undefined/unknown
2026-07-13T05:56:16.982-04:00  INFO 31616 --- [ms-calificacion] [main] o.h.e.t.j.p.i.JtaPlatformInitiator       : HHH000489: No JTA platform available (set 'hibernate.transaction.jta.platform' to enable JTA platform integration)
2026-07-13T05:56:17.028-04:00  INFO 31616 --- [ms-calificacion] [main] j.LocalContainerEntityManagerFactoryBean : Initialized JPA EntityManagerFactory for persistence unit 'default'
2026-07-13T05:56:17.894-04:00  WARN 31616 --- [ms-calificacion] [main] JpaBaseConfiguration$JpaWebConfiguration : spring.jpa.open-in-view is enabled by default. Therefore, database queries may be performed during view rendering. Explicitly configure spring.jpa.open-in-view to disable this warning
2026-07-13T05:56:18.737-04:00  INFO 31616 --- [ms-calificacion] [main] DiscoveryClientOptionalArgsConfiguration : Eureka HTTP Client uses RestTemplate.
2026-07-13T05:56:18.797-04:00  WARN 31616 --- [ms-calificacion] [main] iguration$LoadBalancerCaffeineWarnLogger : Spring Cloud LoadBalancer is currently working with the default cache. While this cache implementation is useful for development and tests, it's recommended to use Caffeine cache in production.You can switch to using Caffeine cache, by adding it and org.springframework.cache.caffeine.CaffeineCacheManager to the classpath.
2026-07-13T05:56:18.855-04:00  INFO 31616 --- [ms-calificacion] [main] o.s.c.n.eureka.InstanceInfoFactory       : Setting initial instance status as: STARTING
2026-07-13T05:56:18.895-04:00  INFO 31616 --- [ms-calificacion] [main] com.netflix.discovery.DiscoveryClient    : Initializing Eureka in region us-east-1
2026-07-13T05:56:18.901-04:00  INFO 31616 --- [ms-calificacion] [main] c.n.d.s.r.aws.ConfigClusterResolver      : Resolving eureka endpoints via configuration
2026-07-13T05:56:18.917-04:00  INFO 31616 --- [ms-calificacion] [main] com.netflix.discovery.DiscoveryClient    : Disable delta property : false
2026-07-13T05:56:18.918-04:00  INFO 31616 --- [ms-calificacion] [main] com.netflix.discovery.DiscoveryClient    : Single vip registry refresh property : null
2026-07-13T05:56:18.918-04:00  INFO 31616 --- [ms-calificacion] [main] com.netflix.discovery.DiscoveryClient    : Force full registry fetch : false
2026-07-13T05:56:18.919-04:00  INFO 31616 --- [ms-calificacion] [main] com.netflix.discovery.DiscoveryClient    : Application is null : false
2026-07-13T05:56:18.919-04:00  INFO 31616 --- [ms-calificacion] [main] com.netflix.discovery.DiscoveryClient    : Registered Applications size is zero : true
2026-07-13T05:56:18.919-04:00  INFO 31616 --- [ms-calificacion] [main] com.netflix.discovery.DiscoveryClient    : Application version is -1: true
2026-07-13T05:56:18.919-04:00  INFO 31616 --- [ms-calificacion] [main] com.netflix.discovery.DiscoveryClient    : Getting all instance registry info from the eureka server
2026-07-13T05:56:19.505-04:00  INFO 31616 --- [ms-calificacion] [main] com.netflix.discovery.DiscoveryClient    : The response status is 200
2026-07-13T05:56:19.509-04:00  INFO 31616 --- [ms-calificacion] [main] com.netflix.discovery.DiscoveryClient    : Starting heartbeat executor: renew interval is: 30
2026-07-13T05:56:19.513-04:00  INFO 31616 --- [ms-calificacion] [main] c.n.discovery.InstanceInfoReplicator     : InstanceInfoReplicator onDemand update allowed rate per min is 4
2026-07-13T05:56:19.517-04:00  INFO 31616 --- [ms-calificacion] [main] com.netflix.discovery.DiscoveryClient    : Discovery Client initialized at timestamp 1783936579516 with initial instances count: 13
2026-07-13T05:56:19.524-04:00  INFO 31616 --- [ms-calificacion] [main] o.s.c.n.e.s.EurekaServiceRegistry        : Registering application MS-CALIFICACION with eureka with status UP
2026-07-13T05:56:19.525-04:00  INFO 31616 --- [ms-calificacion] [main] com.netflix.discovery.DiscoveryClient    : Saw local status change event StatusChangeEvent [timestamp=1783936579525, current=UP, previous=STARTING]
2026-07-13T05:56:19.529-04:00  INFO 31616 --- [ms-calificacion] [DiscoveryClient-InstanceInfoReplicator-%d] com.netflix.discovery.DiscoveryClient    : DiscoveryClient_MS-CALIFICACION/host.docker.internal:ms-calificacion:8097: registering service...
2026-07-13T05:56:19.568-04:00  INFO 31616 --- [ms-calificacion] [main] o.s.b.w.embedded.tomcat.TomcatWebServer  : Tomcat started on port 8097 (http) with context path '/'
2026-07-13T05:56:19.569-04:00  INFO 31616 --- [ms-calificacion] [main] .s.c.n.e.s.EurekaAutoServiceRegistration : Updating port to 8097
2026-07-13T05:56:19.595-04:00  INFO 31616 --- [ms-calificacion] [DiscoveryClient-InstanceInfoReplicator-%d] com.netflix.discovery.DiscoveryClient    : DiscoveryClient_MS-CALIFICACION/host.docker.internal:ms-calificacion:8097 - registration status: 204
2026-07-13T05:56:19.604-04:00  INFO 31616 --- [ms-calificacion] [main] c.R.m.MsCalificacionApplication          : Started MsCalificacionApplication in 14.274 seconds (process running for 15.768)
2026-07-13T05:57:59.700-04:00  INFO 31616 --- [ms-calificacion] [http-nio-8097-exec-1] o.a.c.c.C.[Tomcat].[localhost].[/]       : Initializing Spring DispatcherServlet 'dispatcherServlet'
2026-07-13T05:57:59.700-04:00  INFO 31616 --- [ms-calificacion] [http-nio-8097-exec-1] o.s.web.servlet.DispatcherServlet        : Initializing Servlet 'dispatcherServlet'
2026-07-13T05:57:59.704-04:00  INFO 31616 --- [ms-calificacion] [http-nio-8097-exec-1] o.s.web.servlet.DispatcherServlet        : Completed initialization in 3 ms
2026-07-13T05:57:59.764-04:00  INFO 31616 --- [ms-calificacion] [http-nio-8097-exec-1] c.R.m.service.CalificacionService        : Obteniendo todas las calificaciones - Info: Service: MS-CALIFICACION, Host: 82113b95f4da, Port: 8088
2026-07-13T05:58:32.116-04:00  INFO 31616 --- [ms-calificacion] [http-nio-8097-exec-3] c.R.m.service.CalificacionService        : Obteniendo todas las calificaciones - Info: Service: MS-CALIFICACION, Host: host.docker.internal, Port: 8097
2026-07-13T06:01:18.928-04:00  INFO 31616 --- [ms-calificacion] [AsyncResolver-bootstrap-executor-%d] c.n.d.s.r.aws.ConfigClusterResolver      : Resolving eureka endpoints via configuration
2026-07-13T06:06:18.940-04:00  INFO 31616 --- [ms-calificacion] [AsyncResolver-bootstrap-executor-%d] c.n.d.s.r.aws.ConfigClusterResolver      : Resolving eureka endpoints via configuration
2026-07-13T06:11:18.957-04:00  INFO 31616 --- [ms-calificacion] [AsyncResolver-bootstrap-executor-%d] c.n.d.s.r.aws.ConfigClusterResolver      : Resolving eureka endpoints via configuration
2026-07-13T06:13:18.588-04:00  INFO 31616 --- [ms-calificacion] [SpringApplicationShutdownHook] o.s.c.n.e.s.EurekaServiceRegistry        : Unregistering application MS-CALIFICACION with eureka with status DOWN
2026-07-13T06:13:18.592-04:00  INFO 31616 --- [ms-calificacion] [SpringApplicationShutdownHook] com.netflix.discovery.DiscoveryClient    : Saw local status change event StatusChangeEvent [timestamp=1783937598592, current=DOWN, previous=UP]
2026-07-13T06:13:18.593-04:00  INFO 31616 --- [ms-calificacion] [DiscoveryClient-InstanceInfoReplicator-%d] com.netflix.discovery.DiscoveryClient    : DiscoveryClient_MS-CALIFICACION/host.docker.internal:ms-calificacion:8097: registering service...
2026-07-13T06:13:18.600-04:00  INFO 31616 --- [ms-calificacion] [SpringApplicationShutdownHook] o.s.b.w.e.tomcat.GracefulShutdown        : Commencing graceful shutdown. Waiting for active requests to complete
2026-07-13T06:13:18.613-04:00  INFO 31616 --- [ms-calificacion] [DiscoveryClient-InstanceInfoReplicator-%d] com.netflix.discovery.DiscoveryClient    : DiscoveryClient_MS-CALIFICACION/host.docker.internal:ms-calificacion:8097 - registration status: 204
2026-07-13T06:13:19.153-04:00  INFO 31616 --- [ms-calificacion] [tomcat-shutdown] o.s.b.w.e.tomcat.GracefulShutdown        : Graceful shutdown complete
2026-07-13T06:13:19.162-04:00  INFO 31616 --- [ms-calificacion] [SpringApplicationShutdownHook] j.LocalContainerEntityManagerFactoryBean : Closing JPA EntityManagerFactory for persistence unit 'default'
2026-07-13T06:13:19.166-04:00  INFO 31616 --- [ms-calificacion] [SpringApplicationShutdownHook] com.zaxxer.hikari.HikariDataSource       : HikariPool-1 - Shutdown initiated...
2026-07-13T06:13:19.222-04:00  INFO 31616 --- [ms-calificacion] [SpringApplicationShutdownHook] com.zaxxer.hikari.HikariDataSource       : HikariPool-1 - Shutdown completed.
2026-07-13T06:13:19.223-04:00  INFO 31616 --- [ms-calificacion] [SpringApplicationShutdownHook] com.netflix.discovery.DiscoveryClient    : Shutting down DiscoveryClient ...
2026-07-13T06:13:22.225-04:00  WARN 31616 --- [ms-calificacion] [DiscoveryClient-%d] c.netflix.discovery.TimedSupervisorTask  : task supervisor shutting down, can't accept the task
2026-07-13T06:13:22.225-04:00  INFO 31616 --- [ms-calificacion] [SpringApplicationShutdownHook] com.netflix.discovery.DiscoveryClient    : Unregistering ...
2026-07-13T06:13:22.231-04:00  INFO 31616 --- [ms-calificacion] [SpringApplicationShutdownHook] com.netflix.discovery.DiscoveryClient    : DiscoveryClient_MS-CALIFICACION/host.docker.internal:ms-calificacion:8097 - deregister  status: 200
2026-07-13T06:13:22.231-04:00  INFO 31616 --- [ms-calificacion] [SpringApplicationShutdownHook] com.netflix.discovery.DiscoveryClient    : Completed shut down of DiscoveryClient
2026-07-15T18:47:01.072-04:00  INFO 13108 --- [ms-calificacion] [main] c.R.m.MsCalificacionApplication          : Starting MsCalificacionApplication using Java 21.0.9 with PID 13108 (C:\Users\va-alumno\Documents\GitHub\Evaluacion-Semestral\com.ReservaPro\ms-calificacion\target\classes started by VA-Alumno in C:\Users\va-alumno\Documents\GitHub\Evaluacion-Semestral)
2026-07-15T18:47:01.074-04:00  INFO 13108 --- [ms-calificacion] [main] c.R.m.MsCalificacionApplication          : No active profile set, falling back to 1 default profile: "default"
2026-07-15T18:47:02.010-04:00  INFO 13108 --- [ms-calificacion] [main] .s.d.r.c.RepositoryConfigurationDelegate : Bootstrapping Spring Data JPA repositories in DEFAULT mode.
2026-07-15T18:47:02.189-04:00  INFO 13108 --- [ms-calificacion] [main] .s.d.r.c.RepositoryConfigurationDelegate : Finished Spring Data repository scanning in 171 ms. Found 1 JPA repository interface.
2026-07-15T18:47:02.491-04:00  INFO 13108 --- [ms-calificacion] [main] o.s.cloud.context.scope.GenericScope     : BeanFactory id=d9573f94-d142-3f09-bf14-e1ccf9c8178d
2026-07-15T18:47:02.903-04:00  INFO 13108 --- [ms-calificacion] [main] o.s.b.w.embedded.tomcat.TomcatWebServer  : Tomcat initialized with port 8088 (http)
2026-07-15T18:47:02.918-04:00  INFO 13108 --- [ms-calificacion] [main] o.apache.catalina.core.StandardService   : Starting service [Tomcat]
2026-07-15T18:47:02.918-04:00  INFO 13108 --- [ms-calificacion] [main] o.apache.catalina.core.StandardEngine    : Starting Servlet engine: [Apache Tomcat/10.1.33]
2026-07-15T18:47:03.046-04:00  INFO 13108 --- [ms-calificacion] [main] o.a.c.c.C.[Tomcat].[localhost].[/]       : Initializing Spring embedded WebApplicationContext
2026-07-15T18:47:03.047-04:00  INFO 13108 --- [ms-calificacion] [main] w.s.c.ServletWebServerApplicationContext : Root WebApplicationContext: initialization completed in 1927 ms
2026-07-15T18:47:03.326-04:00  INFO 13108 --- [ms-calificacion] [main] com.zaxxer.hikari.HikariDataSource       : HikariPool-1 - Starting...
2026-07-15T18:47:04.434-04:00  WARN 13108 --- [ms-calificacion] [main] ConfigServletWebServerApplicationContext : Exception encountered during context initialization - cancelling refresh attempt: org.springframework.beans.factory.BeanCreationException: Error creating bean with name 'entityManagerFactory' defined in class path resource [org/springframework/boot/autoconfigure/orm/jpa/HibernateJpaConfiguration.class]: Failed to initialize dependency 'flywayInitializer' of LoadTimeWeaverAware bean 'entityManagerFactory': Error creating bean with name 'flywayInitializer' defined in class path resource [org/springframework/boot/autoconfigure/flyway/FlywayAutoConfiguration$FlywayConfiguration.class]: Unable to obtain connection from database: Communications link failure

The last packet sent successfully to the server was 0 milliseconds ago. The driver has not received any packets from the server.
--------------------------------------------------------------------------------------------------------------------------------------------------------------------------------------------------------
SQL State  : 08S01
Error Code : 0
Message    : Communications link failure

The last packet sent successfully to the server was 0 milliseconds ago. The driver has not received any packets from the server.

2026-07-15T18:47:04.439-04:00  INFO 13108 --- [ms-calificacion] [main] o.apache.catalina.core.StandardService   : Stopping service [Tomcat]
2026-07-15T18:47:04.453-04:00  INFO 13108 --- [ms-calificacion] [main] .s.b.a.l.ConditionEvaluationReportLogger : 

Error starting ApplicationContext. To display the condition evaluation report re-run your application with 'debug' enabled.
2026-07-15T18:47:04.473-04:00 ERROR 13108 --- [ms-calificacion] [main] o.s.boot.SpringApplication               : Application run failed

org.springframework.beans.factory.BeanCreationException: Error creating bean with name 'entityManagerFactory' defined in class path resource [org/springframework/boot/autoconfigure/orm/jpa/HibernateJpaConfiguration.class]: Failed to initialize dependency 'flywayInitializer' of LoadTimeWeaverAware bean 'entityManagerFactory': Error creating bean with name 'flywayInitializer' defined in class path resource [org/springframework/boot/autoconfigure/flyway/FlywayAutoConfiguration$FlywayConfiguration.class]: Unable to obtain connection from database: Communications link failure

The last packet sent successfully to the server was 0 milliseconds ago. The driver has not received any packets from the server.
--------------------------------------------------------------------------------------------------------------------------------------------------------------------------------------------------------
SQL State  : 08S01
Error Code : 0
Message    : Communications link failure

The last packet sent successfully to the server was 0 milliseconds ago. The driver has not received any packets from the server.

	at org.springframework.beans.factory.support.AbstractBeanFactory.doGetBean(AbstractBeanFactory.java:325) ~[spring-beans-6.2.0.jar:6.2.0]
	at org.springframework.beans.factory.support.AbstractBeanFactory.getBean(AbstractBeanFactory.java:204) ~[spring-beans-6.2.0.jar:6.2.0]
	at org.springframework.context.support.AbstractApplicationContext.finishBeanFactoryInitialization(AbstractApplicationContext.java:970) ~[spring-context-6.2.0.jar:6.2.0]
	at org.springframework.context.support.AbstractApplicationContext.refresh(AbstractApplicationContext.java:627) ~[spring-context-6.2.0.jar:6.2.0]
	at org.springframework.boot.web.servlet.context.ServletWebServerApplicationContext.refresh(ServletWebServerApplicationContext.java:146) ~[spring-boot-3.4.0.jar:3.4.0]
	at org.springframework.boot.SpringApplication.refresh(SpringApplication.java:752) ~[spring-boot-3.4.0.jar:3.4.0]
	at org.springframework.boot.SpringApplication.refreshContext(SpringApplication.java:439) ~[spring-boot-3.4.0.jar:3.4.0]
	at org.springframework.boot.SpringApplication.run(SpringApplication.java:318) ~[spring-boot-3.4.0.jar:3.4.0]
	at org.springframework.boot.SpringApplication.run(SpringApplication.java:1361) ~[spring-boot-3.4.0.jar:3.4.0]
	at org.springframework.boot.SpringApplication.run(SpringApplication.java:1350) ~[spring-boot-3.4.0.jar:3.4.0]
	at com.ReservaPro.ms_calificacion.MsCalificacionApplication.main(MsCalificacionApplication.java:14) ~[classes/:na]
Caused by: org.springframework.beans.factory.BeanCreationException: Error creating bean with name 'flywayInitializer' defined in class path resource [org/springframework/boot/autoconfigure/flyway/FlywayAutoConfiguration$FlywayConfiguration.class]: Unable to obtain connection from database: Communications link failure

The last packet sent successfully to the server was 0 milliseconds ago. The driver has not received any packets from the server.
--------------------------------------------------------------------------------------------------------------------------------------------------------------------------------------------------------
SQL State  : 08S01
Error Code : 0
Message    : Communications link failure

The last packet sent successfully to the server was 0 milliseconds ago. The driver has not received any packets from the server.

	at org.springframework.beans.factory.support.AbstractAutowireCapableBeanFactory.initializeBean(AbstractAutowireCapableBeanFactory.java:1802) ~[spring-beans-6.2.0.jar:6.2.0]
	at org.springframework.beans.factory.support.AbstractAutowireCapableBeanFactory.doCreateBean(AbstractAutowireCapableBeanFactory.java:601) ~[spring-beans-6.2.0.jar:6.2.0]
	at org.springframework.beans.factory.support.AbstractAutowireCapableBeanFactory.createBean(AbstractAutowireCapableBeanFactory.java:523) ~[spring-beans-6.2.0.jar:6.2.0]
	at org.springframework.beans.factory.support.AbstractBeanFactory.lambda$doGetBean$0(AbstractBeanFactory.java:336) ~[spring-beans-6.2.0.jar:6.2.0]
	at org.springframework.beans.factory.support.DefaultSingletonBeanRegistry.getSingleton(DefaultSingletonBeanRegistry.java:288) ~[spring-beans-6.2.0.jar:6.2.0]
	at org.springframework.beans.factory.support.AbstractBeanFactory.doGetBean(AbstractBeanFactory.java:334) ~[spring-beans-6.2.0.jar:6.2.0]
	at org.springframework.beans.factory.support.AbstractBeanFactory.getBean(AbstractBeanFactory.java:199) ~[spring-beans-6.2.0.jar:6.2.0]
	at org.springframework.beans.factory.support.AbstractBeanFactory.doGetBean(AbstractBeanFactory.java:312) ~[spring-beans-6.2.0.jar:6.2.0]
	... 10 common frames omitted
Caused by: org.flywaydb.core.internal.exception.FlywaySqlException: Unable to obtain connection from database: Communications link failure

The last packet sent successfully to the server was 0 milliseconds ago. The driver has not received any packets from the server.
--------------------------------------------------------------------------------------------------------------------------------------------------------------------------------------------------------
SQL State  : 08S01
Error Code : 0
Message    : Communications link failure

The last packet sent successfully to the server was 0 milliseconds ago. The driver has not received any packets from the server.

	at org.flywaydb.core.internal.jdbc.JdbcUtils.openConnection(JdbcUtils.java:71) ~[flyway-core-10.20.1.jar:na]
	at org.flywaydb.core.internal.jdbc.JdbcConnectionFactory.<init>(JdbcConnectionFactory.java:76) ~[flyway-core-10.20.1.jar:na]
	at org.flywaydb.core.FlywayExecutor.execute(FlywayExecutor.java:137) ~[flyway-core-10.20.1.jar:na]
	at org.flywaydb.core.Flyway.migrate(Flyway.java:176) ~[flyway-core-10.20.1.jar:na]
	at org.springframework.boot.autoconfigure.flyway.FlywayMigrationInitializer.afterPropertiesSet(FlywayMigrationInitializer.java:66) ~[spring-boot-autoconfigure-3.4.0.jar:3.4.0]
	at org.springframework.beans.factory.support.AbstractAutowireCapableBeanFactory.invokeInitMethods(AbstractAutowireCapableBeanFactory.java:1849) ~[spring-beans-6.2.0.jar:6.2.0]
	at org.springframework.beans.factory.support.AbstractAutowireCapableBeanFactory.initializeBean(AbstractAutowireCapableBeanFactory.java:1798) ~[spring-beans-6.2.0.jar:6.2.0]
	... 17 common frames omitted
Caused by: com.mysql.cj.jdbc.exceptions.CommunicationsException: Communications link failure

The last packet sent successfully to the server was 0 milliseconds ago. The driver has not received any packets from the server.
	at com.mysql.cj.jdbc.exceptions.SQLError.createCommunicationsException(SQLError.java:165) ~[mysql-connector-j-9.1.0.jar:9.1.0]
	at com.mysql.cj.jdbc.exceptions.SQLExceptionsMapping.translateException(SQLExceptionsMapping.java:55) ~[mysql-connector-j-9.1.0.jar:9.1.0]
	at com.mysql.cj.jdbc.ConnectionImpl.createNewIO(ConnectionImpl.java:837) ~[mysql-connector-j-9.1.0.jar:9.1.0]
	at com.mysql.cj.jdbc.ConnectionImpl.<init>(ConnectionImpl.java:420) ~[mysql-connector-j-9.1.0.jar:9.1.0]
	at com.mysql.cj.jdbc.ConnectionImpl.getInstance(ConnectionImpl.java:238) ~[mysql-connector-j-9.1.0.jar:9.1.0]
	at com.mysql.cj.jdbc.NonRegisteringDriver.connect(NonRegisteringDriver.java:180) ~[mysql-connector-j-9.1.0.jar:9.1.0]
	at com.zaxxer.hikari.util.DriverDataSource.getConnection(DriverDataSource.java:137) ~[HikariCP-5.1.0.jar:na]
	at com.zaxxer.hikari.pool.PoolBase.newConnection(PoolBase.java:360) ~[HikariCP-5.1.0.jar:na]
	at com.zaxxer.hikari.pool.PoolBase.newPoolEntry(PoolBase.java:202) ~[HikariCP-5.1.0.jar:na]
	at com.zaxxer.hikari.pool.HikariPool.createPoolEntry(HikariPool.java:461) ~[HikariCP-5.1.0.jar:na]
	at com.zaxxer.hikari.pool.HikariPool.checkFailFast(HikariPool.java:550) ~[HikariCP-5.1.0.jar:na]
	at com.zaxxer.hikari.pool.HikariPool.<init>(HikariPool.java:98) ~[HikariCP-5.1.0.jar:na]
	at com.zaxxer.hikari.HikariDataSource.getConnection(HikariDataSource.java:111) ~[HikariCP-5.1.0.jar:na]
	at org.flywaydb.core.internal.jdbc.JdbcUtils.openConnection(JdbcUtils.java:59) ~[flyway-core-10.20.1.jar:na]
	... 23 common frames omitted
Caused by: com.mysql.cj.exceptions.CJCommunicationsException: Communications link failure

The last packet sent successfully to the server was 0 milliseconds ago. The driver has not received any packets from the server.
	at java.base/jdk.internal.reflect.DirectConstructorHandleAccessor.newInstance(DirectConstructorHandleAccessor.java:62) ~[na:na]
	at java.base/java.lang.reflect.Constructor.newInstanceWithCaller(Constructor.java:502) ~[na:na]
	at java.base/java.lang.reflect.Constructor.newInstance(Constructor.java:486) ~[na:na]
	at com.mysql.cj.exceptions.ExceptionFactory.createException(ExceptionFactory.java:52) ~[mysql-connector-j-9.1.0.jar:9.1.0]
	at com.mysql.cj.exceptions.ExceptionFactory.createException(ExceptionFactory.java:95) ~[mysql-connector-j-9.1.0.jar:9.1.0]
	at com.mysql.cj.exceptions.ExceptionFactory.createException(ExceptionFactory.java:140) ~[mysql-connector-j-9.1.0.jar:9.1.0]
	at com.mysql.cj.exceptions.ExceptionFactory.createCommunicationsException(ExceptionFactory.java:156) ~[mysql-connector-j-9.1.0.jar:9.1.0]
	at com.mysql.cj.protocol.a.NativeSocketConnection.connect(NativeSocketConnection.java:79) ~[mysql-connector-j-9.1.0.jar:9.1.0]
	at com.mysql.cj.NativeSession.connect(NativeSession.java:142) ~[mysql-connector-j-9.1.0.jar:9.1.0]
	at com.mysql.cj.jdbc.ConnectionImpl.connectOneTryOnly(ConnectionImpl.java:961) ~[mysql-connector-j-9.1.0.jar:9.1.0]
	at com.mysql.cj.jdbc.ConnectionImpl.createNewIO(ConnectionImpl.java:825) ~[mysql-connector-j-9.1.0.jar:9.1.0]
	... 34 common frames omitted
Caused by: java.net.ConnectException: Connection refused: getsockopt
	at java.base/sun.nio.ch.Net.pollConnect(Native Method) ~[na:na]
	at java.base/sun.nio.ch.Net.pollConnectNow(Net.java:690) ~[na:na]
	at java.base/sun.nio.ch.NioSocketImpl.timedFinishConnect(NioSocketImpl.java:542) ~[na:na]
	at java.base/sun.nio.ch.NioSocketImpl.connect(NioSocketImpl.java:592) ~[na:na]
	at java.base/java.net.SocksSocketImpl.connect(SocksSocketImpl.java:327) ~[na:na]
	at java.base/java.net.Socket.connect(Socket.java:751) ~[na:na]
	at com.mysql.cj.protocol.StandardSocketFactory.connect(StandardSocketFactory.java:144) ~[mysql-connector-j-9.1.0.jar:9.1.0]
	at com.mysql.cj.protocol.a.NativeSocketConnection.connect(NativeSocketConnection.java:53) ~[mysql-connector-j-9.1.0.jar:9.1.0]
	... 37 common frames omitted

2026-07-15T19:14:13.323-04:00  INFO 5756 --- [ms-calificacion] [main] c.R.m.MsCalificacionApplication          : Starting MsCalificacionApplication using Java 21.0.9 with PID 5756 (C:\Users\va-alumno\Documents\GitHub\Evaluacion-Semestral\com.ReservaPro\ms-calificacion\target\classes started by VA-Alumno in C:\Users\va-alumno\Documents\GitHub\Evaluacion-Semestral)
2026-07-15T19:14:13.325-04:00  INFO 5756 --- [ms-calificacion] [main] c.R.m.MsCalificacionApplication          : No active profile set, falling back to 1 default profile: "default"
2026-07-15T19:14:14.080-04:00  INFO 5756 --- [ms-calificacion] [main] .s.d.r.c.RepositoryConfigurationDelegate : Bootstrapping Spring Data JPA repositories in DEFAULT mode.
2026-07-15T19:14:14.216-04:00  INFO 5756 --- [ms-calificacion] [main] .s.d.r.c.RepositoryConfigurationDelegate : Finished Spring Data repository scanning in 127 ms. Found 1 JPA repository interface.
2026-07-15T19:14:14.438-04:00  INFO 5756 --- [ms-calificacion] [main] o.s.cloud.context.scope.GenericScope     : BeanFactory id=d9573f94-d142-3f09-bf14-e1ccf9c8178d
2026-07-15T19:14:14.765-04:00  INFO 5756 --- [ms-calificacion] [main] o.s.b.w.embedded.tomcat.TomcatWebServer  : Tomcat initialized with port 8088 (http)
2026-07-15T19:14:14.776-04:00  INFO 5756 --- [ms-calificacion] [main] o.apache.catalina.core.StandardService   : Starting service [Tomcat]
2026-07-15T19:14:14.777-04:00  INFO 5756 --- [ms-calificacion] [main] o.apache.catalina.core.StandardEngine    : Starting Servlet engine: [Apache Tomcat/10.1.33]
2026-07-15T19:14:14.882-04:00  INFO 5756 --- [ms-calificacion] [main] o.a.c.c.C.[Tomcat].[localhost].[/]       : Initializing Spring embedded WebApplicationContext
2026-07-15T19:14:14.883-04:00  INFO 5756 --- [ms-calificacion] [main] w.s.c.ServletWebServerApplicationContext : Root WebApplicationContext: initialization completed in 1518 ms
2026-07-15T19:14:15.126-04:00  INFO 5756 --- [ms-calificacion] [main] com.zaxxer.hikari.HikariDataSource       : HikariPool-1 - Starting...
2026-07-15T19:14:15.475-04:00  INFO 5756 --- [ms-calificacion] [main] com.zaxxer.hikari.pool.HikariPool        : HikariPool-1 - Added connection com.mysql.cj.jdbc.ConnectionImpl@6efd0a6e
2026-07-15T19:14:15.478-04:00  INFO 5756 --- [ms-calificacion] [main] com.zaxxer.hikari.HikariDataSource       : HikariPool-1 - Start completed.
2026-07-15T19:14:15.519-04:00  INFO 5756 --- [ms-calificacion] [main] org.flywaydb.core.FlywayExecutor         : Database: jdbc:mysql://localhost:3306/ms_calificacion (MySQL 8.4)
2026-07-15T19:14:15.533-04:00  WARN 5756 --- [ms-calificacion] [main] o.f.c.internal.database.base.Database    : Flyway upgrade recommended: MySQL 8.4 is newer than this version of Flyway and support has not been tested. The latest supported version of MySQL is 8.1.
2026-07-15T19:14:15.559-04:00  INFO 5756 --- [ms-calificacion] [main] o.f.c.i.s.JdbcTableSchemaHistory         : Schema history table `ms_calificacion`.`flyway_schema_history` does not exist yet
2026-07-15T19:14:15.562-04:00  INFO 5756 --- [ms-calificacion] [main] o.f.core.internal.command.DbValidate     : Successfully validated 2 migrations (execution time 00:00.019s)
2026-07-15T19:14:15.589-04:00  INFO 5756 --- [ms-calificacion] [main] o.f.c.i.s.JdbcTableSchemaHistory         : Creating Schema History table `ms_calificacion`.`flyway_schema_history` ...
2026-07-15T19:14:15.663-04:00  INFO 5756 --- [ms-calificacion] [main] o.f.core.internal.command.DbMigrate      : Current version of schema `ms_calificacion`: << Empty Schema >>
2026-07-15T19:14:15.672-04:00  INFO 5756 --- [ms-calificacion] [main] o.f.core.internal.command.DbMigrate      : Migrating schema `ms_calificacion` to version "1 - crear tabla calificacion"
2026-07-15T19:14:15.792-04:00  INFO 5756 --- [ms-calificacion] [main] o.f.core.internal.command.DbMigrate      : Migrating schema `ms_calificacion` to version "2 - insert calificacion"
2026-07-15T19:14:15.813-04:00  INFO 5756 --- [ms-calificacion] [main] o.f.core.internal.command.DbMigrate      : Successfully applied 2 migrations to schema `ms_calificacion`, now at version v2 (execution time 00:00.085s)
2026-07-15T19:14:15.891-04:00  INFO 5756 --- [ms-calificacion] [main] o.hibernate.jpa.internal.util.LogHelper  : HHH000204: Processing PersistenceUnitInfo [name: default]
2026-07-15T19:14:15.960-04:00  INFO 5756 --- [ms-calificacion] [main] org.hibernate.Version                    : HHH000412: Hibernate ORM core version 6.6.2.Final
2026-07-15T19:14:15.997-04:00  INFO 5756 --- [ms-calificacion] [main] o.h.c.internal.RegionFactoryInitiator    : HHH000026: Second-level cache disabled
2026-07-15T19:14:16.283-04:00  INFO 5756 --- [ms-calificacion] [main] o.s.o.j.p.SpringPersistenceUnitInfo      : No LoadTimeWeaver setup: ignoring JPA class transformer
2026-07-15T19:14:16.341-04:00  WARN 5756 --- [ms-calificacion] [main] org.hibernate.orm.deprecation            : HHH90000025: MySQLDialect does not need to be specified explicitly using 'hibernate.dialect' (remove the property setting and it will be selected by default)
2026-07-15T19:14:16.353-04:00  INFO 5756 --- [ms-calificacion] [main] org.hibernate.orm.connections.pooling    : HHH10001005: Database info:
	Database JDBC URL [Connecting through datasource 'HikariDataSource (HikariPool-1)']
	Database driver: undefined/unknown
	Database version: 8.4.3
	Autocommit mode: undefined/unknown
	Isolation level: undefined/unknown
	Minimum pool size: undefined/unknown
	Maximum pool size: undefined/unknown
2026-07-15T19:14:17.139-04:00  INFO 5756 --- [ms-calificacion] [main] o.h.e.t.j.p.i.JtaPlatformInitiator       : HHH000489: No JTA platform available (set 'hibernate.transaction.jta.platform' to enable JTA platform integration)
2026-07-15T19:14:17.171-04:00  INFO 5756 --- [ms-calificacion] [main] j.LocalContainerEntityManagerFactoryBean : Initialized JPA EntityManagerFactory for persistence unit 'default'
2026-07-15T19:14:18.462-04:00  INFO 5756 --- [ms-calificacion] [main] o.s.cloud.commons.util.InetUtils         : Cannot determine local hostname
2026-07-15T19:14:18.601-04:00  WARN 5756 --- [ms-calificacion] [main] JpaBaseConfiguration$JpaWebConfiguration : spring.jpa.open-in-view is enabled by default. Therefore, database queries may be performed during view rendering. Explicitly configure spring.jpa.open-in-view to disable this warning
2026-07-15T19:14:20.004-04:00  INFO 5756 --- [ms-calificacion] [main] o.s.cloud.commons.util.InetUtils         : Cannot determine local hostname
2026-07-15T19:14:20.020-04:00  INFO 5756 --- [ms-calificacion] [main] DiscoveryClientOptionalArgsConfiguration : Eureka HTTP Client uses RestTemplate.
2026-07-15T19:14:20.049-04:00  WARN 5756 --- [ms-calificacion] [main] iguration$LoadBalancerCaffeineWarnLogger : Spring Cloud LoadBalancer is currently working with the default cache. While this cache implementation is useful for development and tests, it's recommended to use Caffeine cache in production.You can switch to using Caffeine cache, by adding it and org.springframework.cache.caffeine.CaffeineCacheManager to the classpath.
2026-07-15T19:14:20.078-04:00  INFO 5756 --- [ms-calificacion] [main] o.s.c.n.eureka.InstanceInfoFactory       : Setting initial instance status as: STARTING
2026-07-15T19:14:20.101-04:00  INFO 5756 --- [ms-calificacion] [main] com.netflix.discovery.DiscoveryClient    : Initializing Eureka in region us-east-1
2026-07-15T19:14:20.105-04:00  INFO 5756 --- [ms-calificacion] [main] c.n.d.s.r.aws.ConfigClusterResolver      : Resolving eureka endpoints via configuration
2026-07-15T19:14:20.112-04:00  INFO 5756 --- [ms-calificacion] [main] com.netflix.discovery.DiscoveryClient    : Disable delta property : false
2026-07-15T19:14:20.112-04:00  INFO 5756 --- [ms-calificacion] [main] com.netflix.discovery.DiscoveryClient    : Single vip registry refresh property : null
2026-07-15T19:14:20.112-04:00  INFO 5756 --- [ms-calificacion] [main] com.netflix.discovery.DiscoveryClient    : Force full registry fetch : false
2026-07-15T19:14:20.112-04:00  INFO 5756 --- [ms-calificacion] [main] com.netflix.discovery.DiscoveryClient    : Application is null : false
2026-07-15T19:14:20.113-04:00  INFO 5756 --- [ms-calificacion] [main] com.netflix.discovery.DiscoveryClient    : Registered Applications size is zero : true
2026-07-15T19:14:20.113-04:00  INFO 5756 --- [ms-calificacion] [main] com.netflix.discovery.DiscoveryClient    : Application version is -1: true
2026-07-15T19:14:20.113-04:00  INFO 5756 --- [ms-calificacion] [main] com.netflix.discovery.DiscoveryClient    : Getting all instance registry info from the eureka server
2026-07-15T19:14:20.404-04:00  INFO 5756 --- [ms-calificacion] [main] com.netflix.discovery.DiscoveryClient    : The response status is 200
2026-07-15T19:14:20.406-04:00  INFO 5756 --- [ms-calificacion] [main] com.netflix.discovery.DiscoveryClient    : Starting heartbeat executor: renew interval is: 30
2026-07-15T19:14:20.408-04:00  INFO 5756 --- [ms-calificacion] [main] c.n.discovery.InstanceInfoReplicator     : InstanceInfoReplicator onDemand update allowed rate per min is 4
2026-07-15T19:14:20.409-04:00  INFO 5756 --- [ms-calificacion] [main] com.netflix.discovery.DiscoveryClient    : Discovery Client initialized at timestamp 1784157260409 with initial instances count: 1
2026-07-15T19:14:20.413-04:00  INFO 5756 --- [ms-calificacion] [main] o.s.c.n.e.s.EurekaServiceRegistry        : Registering application MS-CALIFICACION with eureka with status UP
2026-07-15T19:14:20.413-04:00  INFO 5756 --- [ms-calificacion] [main] com.netflix.discovery.DiscoveryClient    : Saw local status change event StatusChangeEvent [timestamp=1784157260413, current=UP, previous=STARTING]
2026-07-15T19:14:20.414-04:00  INFO 5756 --- [ms-calificacion] [DiscoveryClient-InstanceInfoReplicator-%d] com.netflix.discovery.DiscoveryClient    : DiscoveryClient_MS-CALIFICACION/localhost:ms-calificacion:8088: registering service...
2026-07-15T19:14:20.438-04:00  INFO 5756 --- [ms-calificacion] [main] o.s.b.w.embedded.tomcat.TomcatWebServer  : Tomcat started on port 8088 (http) with context path '/'
2026-07-15T19:14:20.440-04:00  INFO 5756 --- [ms-calificacion] [main] .s.c.n.e.s.EurekaAutoServiceRegistration : Updating port to 8088
2026-07-15T19:14:20.442-04:00  INFO 5756 --- [ms-calificacion] [DiscoveryClient-InstanceInfoReplicator-%d] com.netflix.discovery.DiscoveryClient    : DiscoveryClient_MS-CALIFICACION/localhost:ms-calificacion:8088 - registration status: 204
2026-07-15T19:14:21.461-04:00  INFO 5756 --- [ms-calificacion] [main] o.s.cloud.commons.util.InetUtils         : Cannot determine local hostname
2026-07-15T19:14:21.470-04:00  INFO 5756 --- [ms-calificacion] [main] c.R.m.MsCalificacionApplication          : Started MsCalificacionApplication in 9.625 seconds (process running for 10.352)
2026-07-15T19:19:20.132-04:00  INFO 5756 --- [ms-calificacion] [AsyncResolver-bootstrap-executor-%d] c.n.d.s.r.aws.ConfigClusterResolver      : Resolving eureka endpoints via configuration
2026-07-15T19:24:20.148-04:00  INFO 5756 --- [ms-calificacion] [AsyncResolver-bootstrap-executor-%d] c.n.d.s.r.aws.ConfigClusterResolver      : Resolving eureka endpoints via configuration
2026-07-15T19:24:58.968-04:00  INFO 5756 --- [ms-calificacion] [SpringApplicationShutdownHook] o.s.c.n.e.s.EurekaServiceRegistry        : Unregistering application MS-CALIFICACION with eureka with status DOWN
2026-07-15T19:24:58.968-04:00  INFO 5756 --- [ms-calificacion] [SpringApplicationShutdownHook] com.netflix.discovery.DiscoveryClient    : Saw local status change event StatusChangeEvent [timestamp=1784157898968, current=DOWN, previous=UP]
2026-07-15T19:24:58.968-04:00  INFO 5756 --- [ms-calificacion] [DiscoveryClient-InstanceInfoReplicator-%d] com.netflix.discovery.DiscoveryClient    : DiscoveryClient_MS-CALIFICACION/localhost:ms-calificacion:8088: registering service...
2026-07-15T19:24:58.970-04:00  INFO 5756 --- [ms-calificacion] [SpringApplicationShutdownHook] o.s.b.w.e.tomcat.GracefulShutdown        : Commencing graceful shutdown. Waiting for active requests to complete
2026-07-15T19:24:58.980-04:00  INFO 5756 --- [ms-calificacion] [DiscoveryClient-InstanceInfoReplicator-%d] com.netflix.discovery.DiscoveryClient    : DiscoveryClient_MS-CALIFICACION/localhost:ms-calificacion:8088 - registration status: 204
2026-07-15T19:24:58.988-04:00  INFO 5756 --- [ms-calificacion] [tomcat-shutdown] o.s.b.w.e.tomcat.GracefulShutdown        : Graceful shutdown complete
2026-07-15T19:24:58.994-04:00  INFO 5756 --- [ms-calificacion] [SpringApplicationShutdownHook] j.LocalContainerEntityManagerFactoryBean : Closing JPA EntityManagerFactory for persistence unit 'default'
2026-07-15T19:24:58.998-04:00  INFO 5756 --- [ms-calificacion] [SpringApplicationShutdownHook] com.zaxxer.hikari.HikariDataSource       : HikariPool-1 - Shutdown initiated...
2026-07-15T19:24:59.015-04:00  INFO 5756 --- [ms-calificacion] [SpringApplicationShutdownHook] com.zaxxer.hikari.HikariDataSource       : HikariPool-1 - Shutdown completed.
2026-07-15T19:24:59.016-04:00  INFO 5756 --- [ms-calificacion] [SpringApplicationShutdownHook] com.netflix.discovery.DiscoveryClient    : Shutting down DiscoveryClient ...
2026-07-15T19:25:02.029-04:00  INFO 5756 --- [ms-calificacion] [SpringApplicationShutdownHook] com.netflix.discovery.DiscoveryClient    : Unregistering ...
2026-07-15T19:25:02.038-04:00  INFO 5756 --- [ms-calificacion] [SpringApplicationShutdownHook] c.n.d.s.t.d.RedirectingEurekaHttpClient  : Request execution error. endpoint=DefaultEndpoint{ serviceUrl='http://localhost:8761/eureka/} exception=I/O error on DELETE request for "http://localhost:8761/eureka/apps/MS-CALIFICACION/localhost:ms-calificacion:8088": Connect to http://localhost:8761 [localhost/127.0.0.1, localhost/0:0:0:0:0:0:0:1] failed: Connection refused: getsockopt stacktrace=org.springframework.web.client.ResourceAccessException: I/O error on DELETE request for "http://localhost:8761/eureka/apps/MS-CALIFICACION/localhost:ms-calificacion:8088": Connect to http://localhost:8761 [localhost/127.0.0.1, localhost/0:0:0:0:0:0:0:1] failed: Connection refused: getsockopt
	at org.springframework.web.client.RestTemplate.createResourceAccessException(RestTemplate.java:926)
	at org.springframework.web.client.RestTemplate.doExecute(RestTemplate.java:906)
	at org.springframework.web.client.RestTemplate.execute(RestTemplate.java:841)
	at org.springframework.web.client.RestTemplate.exchange(RestTemplate.java:702)
	at org.springframework.cloud.netflix.eureka.http.RestTemplateEurekaHttpClient.cancel(RestTemplateEurekaHttpClient.java:100)
	at com.netflix.discovery.shared.transport.decorator.EurekaHttpClientDecorator$2.execute(EurekaHttpClientDecorator.java:74)
	at com.netflix.discovery.shared.transport.decorator.RedirectingEurekaHttpClient.execute(RedirectingEurekaHttpClient.java:91)
	at com.netflix.discovery.shared.transport.decorator.EurekaHttpClientDecorator.cancel(EurekaHttpClientDecorator.java:71)
	at com.netflix.discovery.shared.transport.decorator.EurekaHttpClientDecorator$2.execute(EurekaHttpClientDecorator.java:74)
	at com.netflix.discovery.shared.transport.decorator.RetryableEurekaHttpClient.execute(RetryableEurekaHttpClient.java:120)
	at com.netflix.discovery.shared.transport.decorator.EurekaHttpClientDecorator.cancel(EurekaHttpClientDecorator.java:71)
	at com.netflix.discovery.shared.transport.decorator.EurekaHttpClientDecorator$2.execute(EurekaHttpClientDecorator.java:74)
	at com.netflix.discovery.shared.transport.decorator.SessionedEurekaHttpClient.execute(SessionedEurekaHttpClient.java:76)
	at com.netflix.discovery.shared.transport.decorator.EurekaHttpClientDecorator.cancel(EurekaHttpClientDecorator.java:71)
	at com.netflix.discovery.DiscoveryClient.unregister(DiscoveryClient.java:919)
	at com.netflix.discovery.DiscoveryClient.shutdown(DiscoveryClient.java:900)
	at java.base/jdk.internal.reflect.DirectMethodHandleAccessor.invoke(DirectMethodHandleAccessor.java:103)
	at java.base/java.lang.reflect.Method.invoke(Method.java:580)
	at org.springframework.beans.factory.annotation.InitDestroyAnnotationBeanPostProcessor$LifecycleMethod.invoke(InitDestroyAnnotationBeanPostProcessor.java:457)
	at org.springframework.beans.factory.annotation.InitDestroyAnnotationBeanPostProcessor$LifecycleMetadata.invokeDestroyMethods(InitDestroyAnnotationBeanPostProcessor.java:415)
	at org.springframework.beans.factory.annotation.InitDestroyAnnotationBeanPostProcessor.postProcessBeforeDestruction(InitDestroyAnnotationBeanPostProcessor.java:239)
	at org.springframework.beans.factory.support.DisposableBeanAdapter.destroy(DisposableBeanAdapter.java:202)
	at org.springframework.beans.factory.support.DisposableBeanAdapter.run(DisposableBeanAdapter.java:195)
	at org.springframework.cloud.context.scope.GenericScope$BeanLifecycleWrapper.destroy(GenericScope.java:389)
	at org.springframework.cloud.context.scope.GenericScope.destroy(GenericScope.java:136)
	at org.springframework.beans.factory.support.DisposableBeanAdapter.destroy(DisposableBeanAdapter.java:211)
	at org.springframework.beans.factory.support.DefaultSingletonBeanRegistry.destroyBean(DefaultSingletonBeanRegistry.java:667)
	at org.springframework.beans.factory.support.DefaultSingletonBeanRegistry.destroySingleton(DefaultSingletonBeanRegistry.java:624)
	at org.springframework.beans.factory.support.DefaultListableBeanFactory.destroySingleton(DefaultListableBeanFactory.java:1363)
	at org.springframework.beans.factory.support.DefaultSingletonBeanRegistry.destroySingletons(DefaultSingletonBeanRegistry.java:583)
	at org.springframework.beans.factory.support.DefaultListableBeanFactory.destroySingletons(DefaultListableBeanFactory.java:1356)
	at org.springframework.context.support.AbstractApplicationContext.destroyBeans(AbstractApplicationContext.java:1219)
	at org.springframework.context.support.AbstractApplicationContext.doClose(AbstractApplicationContext.java:1180)
	at org.springframework.boot.web.servlet.context.ServletWebServerApplicationContext.doClose(ServletWebServerApplicationContext.java:174)
	at org.springframework.context.support.AbstractApplicationContext.close(AbstractApplicationContext.java:1126)
	at org.springframework.boot.SpringApplicationShutdownHook.closeAndWait(SpringApplicationShutdownHook.java:145)
	at java.base/java.lang.Iterable.forEach(Iterable.java:75)
	at org.springframework.boot.SpringApplicationShutdownHook.run(SpringApplicationShutdownHook.java:114)
	at java.base/java.lang.Thread.run(Thread.java:1583)
Caused by: org.apache.hc.client5.http.HttpHostConnectException: Connect to http://localhost:8761 [localhost/127.0.0.1, localhost/0:0:0:0:0:0:0:1] failed: Connection refused: getsockopt
	at java.base/sun.nio.ch.Net.pollConnect(Native Method)
	at java.base/sun.nio.ch.Net.pollConnectNow(Net.java:690)
	at java.base/sun.nio.ch.NioSocketImpl.timedFinishConnect(NioSocketImpl.java:542)
	at java.base/sun.nio.ch.NioSocketImpl.connect(NioSocketImpl.java:592)
	at java.base/java.net.SocksSocketImpl.connect(SocksSocketImpl.java:327)
	at java.base/java.net.Socket.connect(Socket.java:751)
	at org.apache.hc.client5.http.impl.io.DefaultHttpClientConnectionOperator.connect(DefaultHttpClientConnectionOperator.java:216)
	at org.apache.hc.client5.http.impl.io.PoolingHttpClientConnectionManager.connect(PoolingHttpClientConnectionManager.java:490)
	at org.apache.hc.client5.http.impl.classic.InternalExecRuntime.connectEndpoint(InternalExecRuntime.java:164)
	at org.apache.hc.client5.http.impl.classic.InternalExecRuntime.connectEndpoint(InternalExecRuntime.java:174)
	at org.apache.hc.client5.http.impl.classic.ConnectExec.execute(ConnectExec.java:144)
	at org.apache.hc.client5.http.impl.classic.ExecChainElement.execute(ExecChainElement.java:51)
	at org.apache.hc.client5.http.impl.classic.ProtocolExec.execute(ProtocolExec.java:192)
	at org.apache.hc.client5.http.impl.classic.ExecChainElement.execute(ExecChainElement.java:51)
	at org.apache.hc.client5.http.impl.classic.ContentCompressionExec.execute(ContentCompressionExec.java:150)
	at org.apache.hc.client5.http.impl.classic.ExecChainElement.execute(ExecChainElement.java:51)
	at org.apache.hc.client5.http.impl.classic.HttpRequestRetryExec.execute(HttpRequestRetryExec.java:113)
	at org.apache.hc.client5.http.impl.classic.ExecChainElement.execute(ExecChainElement.java:51)
	at org.apache.hc.client5.http.impl.classic.RedirectExec.execute(RedirectExec.java:110)
	at org.apache.hc.client5.http.impl.classic.ExecChainElement.execute(ExecChainElement.java:51)
	at org.apache.hc.client5.http.impl.classic.InternalHttpClient.doExecute(InternalHttpClient.java:174)
	at org.apache.hc.client5.http.impl.classic.CloseableHttpClient.execute(CloseableHttpClient.java:87)
	at org.apache.hc.client5.http.impl.classic.CloseableHttpClient.execute(CloseableHttpClient.java:55)
	at org.apache.hc.client5.http.classic.HttpClient.executeOpen(HttpClient.java:183)
	at org.springframework.http.client.HttpComponentsClientHttpRequest.executeInternal(HttpComponentsClientHttpRequest.java:99)
	at org.springframework.http.client.AbstractStreamingClientHttpRequest.executeInternal(AbstractStreamingClientHttpRequest.java:71)
	at org.springframework.http.client.AbstractClientHttpRequest.execute(AbstractClientHttpRequest.java:81)
	at org.springframework.http.client.InterceptingClientHttpRequest$InterceptingRequestExecution.execute(InterceptingClientHttpRequest.java:117)
	at org.springframework.cloud.netflix.eureka.http.RestTemplateTransportClientFactory.lambda$restTemplate$3(RestTemplateTransportClientFactory.java:141)
	at org.springframework.http.client.InterceptingClientHttpRequest$InterceptingRequestExecution.execute(InterceptingClientHttpRequest.java:88)
	at org.springframework.http.client.InterceptingClientHttpRequest.executeInternal(InterceptingClientHttpRequest.java:72)
	at org.springframework.http.client.AbstractBufferingClientHttpRequest.executeInternal(AbstractBufferingClientHttpRequest.java:48)
	at org.springframework.http.client.AbstractClientHttpRequest.execute(AbstractClientHttpRequest.java:81)
	at org.springframework.web.client.RestTemplate.doExecute(RestTemplate.java:900)
	... 37 more

2026-07-15T19:25:02.038-04:00  WARN 5756 --- [ms-calificacion] [SpringApplicationShutdownHook] c.n.d.s.t.d.RetryableEurekaHttpClient    : Request execution failed with message: I/O error on DELETE request for "http://localhost:8761/eureka/apps/MS-CALIFICACION/localhost:ms-calificacion:8088": Connect to http://localhost:8761 [localhost/127.0.0.1, localhost/0:0:0:0:0:0:0:1] failed: Connection refused: getsockopt
2026-07-15T19:25:02.044-04:00  INFO 5756 --- [ms-calificacion] [SpringApplicationShutdownHook] c.n.d.s.t.d.RedirectingEurekaHttpClient  : Request execution error. endpoint=DefaultEndpoint{ serviceUrl='http://localhost:8761/eureka/}, exception=I/O error on DELETE request for "http://localhost:8761/eureka/apps/MS-CALIFICACION/localhost:ms-calificacion:8088": Connect to http://localhost:8761 [localhost/127.0.0.1, localhost/0:0:0:0:0:0:0:1] failed: Connection refused: getsockopt stacktrace=org.springframework.web.client.ResourceAccessException: I/O error on DELETE request for "http://localhost:8761/eureka/apps/MS-CALIFICACION/localhost:ms-calificacion:8088": Connect to http://localhost:8761 [localhost/127.0.0.1, localhost/0:0:0:0:0:0:0:1] failed: Connection refused: getsockopt
	at org.springframework.web.client.RestTemplate.createResourceAccessException(RestTemplate.java:926)
	at org.springframework.web.client.RestTemplate.doExecute(RestTemplate.java:906)
	at org.springframework.web.client.RestTemplate.execute(RestTemplate.java:841)
	at org.springframework.web.client.RestTemplate.exchange(RestTemplate.java:702)
	at org.springframework.cloud.netflix.eureka.http.RestTemplateEurekaHttpClient.cancel(RestTemplateEurekaHttpClient.java:100)
	at com.netflix.discovery.shared.transport.decorator.EurekaHttpClientDecorator$2.execute(EurekaHttpClientDecorator.java:74)
	at com.netflix.discovery.shared.transport.decorator.RedirectingEurekaHttpClient.executeOnNewServer(RedirectingEurekaHttpClient.java:121)
	at com.netflix.discovery.shared.transport.decorator.RedirectingEurekaHttpClient.execute(RedirectingEurekaHttpClient.java:80)
	at com.netflix.discovery.shared.transport.decorator.EurekaHttpClientDecorator.cancel(EurekaHttpClientDecorator.java:71)
	at com.netflix.discovery.shared.transport.decorator.EurekaHttpClientDecorator$2.execute(EurekaHttpClientDecorator.java:74)
	at com.netflix.discovery.shared.transport.decorator.RetryableEurekaHttpClient.execute(RetryableEurekaHttpClient.java:120)
	at com.netflix.discovery.shared.transport.decorator.EurekaHttpClientDecorator.cancel(EurekaHttpClientDecorator.java:71)
	at com.netflix.discovery.shared.transport.decorator.EurekaHttpClientDecorator$2.execute(EurekaHttpClientDecorator.java:74)
	at com.netflix.discovery.shared.transport.decorator.SessionedEurekaHttpClient.execute(SessionedEurekaHttpClient.java:76)
	at com.netflix.discovery.shared.transport.decorator.EurekaHttpClientDecorator.cancel(EurekaHttpClientDecorator.java:71)
	at com.netflix.discovery.DiscoveryClient.unregister(DiscoveryClient.java:919)
	at com.netflix.discovery.DiscoveryClient.shutdown(DiscoveryClient.java:900)
	at java.base/jdk.internal.reflect.DirectMethodHandleAccessor.invoke(DirectMethodHandleAccessor.java:103)
	at java.base/java.lang.reflect.Method.invoke(Method.java:580)
	at org.springframework.beans.factory.annotation.InitDestroyAnnotationBeanPostProcessor$LifecycleMethod.invoke(InitDestroyAnnotationBeanPostProcessor.java:457)
	at org.springframework.beans.factory.annotation.InitDestroyAnnotationBeanPostProcessor$LifecycleMetadata.invokeDestroyMethods(InitDestroyAnnotationBeanPostProcessor.java:415)
	at org.springframework.beans.factory.annotation.InitDestroyAnnotationBeanPostProcessor.postProcessBeforeDestruction(InitDestroyAnnotationBeanPostProcessor.java:239)
	at org.springframework.beans.factory.support.DisposableBeanAdapter.destroy(DisposableBeanAdapter.java:202)
	at org.springframework.beans.factory.support.DisposableBeanAdapter.run(DisposableBeanAdapter.java:195)
	at org.springframework.cloud.context.scope.GenericScope$BeanLifecycleWrapper.destroy(GenericScope.java:389)
	at org.springframework.cloud.context.scope.GenericScope.destroy(GenericScope.java:136)
	at org.springframework.beans.factory.support.DisposableBeanAdapter.destroy(DisposableBeanAdapter.java:211)
	at org.springframework.beans.factory.support.DefaultSingletonBeanRegistry.destroyBean(DefaultSingletonBeanRegistry.java:667)
	at org.springframework.beans.factory.support.DefaultSingletonBeanRegistry.destroySingleton(DefaultSingletonBeanRegistry.java:624)
	at org.springframework.beans.factory.support.DefaultListableBeanFactory.destroySingleton(DefaultListableBeanFactory.java:1363)
	at org.springframework.beans.factory.support.DefaultSingletonBeanRegistry.destroySingletons(DefaultSingletonBeanRegistry.java:583)
	at org.springframework.beans.factory.support.DefaultListableBeanFactory.destroySingletons(DefaultListableBeanFactory.java:1356)
	at org.springframework.context.support.AbstractApplicationContext.destroyBeans(AbstractApplicationContext.java:1219)
	at org.springframework.context.support.AbstractApplicationContext.doClose(AbstractApplicationContext.java:1180)
	at org.springframework.boot.web.servlet.context.ServletWebServerApplicationContext.doClose(ServletWebServerApplicationContext.java:174)
	at org.springframework.context.support.AbstractApplicationContext.close(AbstractApplicationContext.java:1126)
	at org.springframework.boot.SpringApplicationShutdownHook.closeAndWait(SpringApplicationShutdownHook.java:145)
	at java.base/java.lang.Iterable.forEach(Iterable.java:75)
	at org.springframework.boot.SpringApplicationShutdownHook.run(SpringApplicationShutdownHook.java:114)
	at java.base/java.lang.Thread.run(Thread.java:1583)
Caused by: org.apache.hc.client5.http.HttpHostConnectException: Connect to http://localhost:8761 [localhost/127.0.0.1, localhost/0:0:0:0:0:0:0:1] failed: Connection refused: getsockopt
	at java.base/sun.nio.ch.Net.pollConnect(Native Method)
	at java.base/sun.nio.ch.Net.pollConnectNow(Net.java:690)
	at java.base/sun.nio.ch.NioSocketImpl.timedFinishConnect(NioSocketImpl.java:542)
	at java.base/sun.nio.ch.NioSocketImpl.connect(NioSocketImpl.java:592)
	at java.base/java.net.SocksSocketImpl.connect(SocksSocketImpl.java:327)
	at java.base/java.net.Socket.connect(Socket.java:751)
	at org.apache.hc.client5.http.impl.io.DefaultHttpClientConnectionOperator.connect(DefaultHttpClientConnectionOperator.java:216)
	at org.apache.hc.client5.http.impl.io.PoolingHttpClientConnectionManager.connect(PoolingHttpClientConnectionManager.java:490)
	at org.apache.hc.client5.http.impl.classic.InternalExecRuntime.connectEndpoint(InternalExecRuntime.java:164)
	at org.apache.hc.client5.http.impl.classic.InternalExecRuntime.connectEndpoint(InternalExecRuntime.java:174)
	at org.apache.hc.client5.http.impl.classic.ConnectExec.execute(ConnectExec.java:144)
	at org.apache.hc.client5.http.impl.classic.ExecChainElement.execute(ExecChainElement.java:51)
	at org.apache.hc.client5.http.impl.classic.ProtocolExec.execute(ProtocolExec.java:192)
	at org.apache.hc.client5.http.impl.classic.ExecChainElement.execute(ExecChainElement.java:51)
	at org.apache.hc.client5.http.impl.classic.ContentCompressionExec.execute(ContentCompressionExec.java:150)
	at org.apache.hc.client5.http.impl.classic.ExecChainElement.execute(ExecChainElement.java:51)
	at org.apache.hc.client5.http.impl.classic.HttpRequestRetryExec.execute(HttpRequestRetryExec.java:113)
	at org.apache.hc.client5.http.impl.classic.ExecChainElement.execute(ExecChainElement.java:51)
	at org.apache.hc.client5.http.impl.classic.RedirectExec.execute(RedirectExec.java:110)
	at org.apache.hc.client5.http.impl.classic.ExecChainElement.execute(ExecChainElement.java:51)
	at org.apache.hc.client5.http.impl.classic.InternalHttpClient.doExecute(InternalHttpClient.java:174)
	at org.apache.hc.client5.http.impl.classic.CloseableHttpClient.execute(CloseableHttpClient.java:87)
	at org.apache.hc.client5.http.impl.classic.CloseableHttpClient.execute(CloseableHttpClient.java:55)
	at org.apache.hc.client5.http.classic.HttpClient.executeOpen(HttpClient.java:183)
	at org.springframework.http.client.HttpComponentsClientHttpRequest.executeInternal(HttpComponentsClientHttpRequest.java:99)
	at org.springframework.http.client.AbstractStreamingClientHttpRequest.executeInternal(AbstractStreamingClientHttpRequest.java:71)
	at org.springframework.http.client.AbstractClientHttpRequest.execute(AbstractClientHttpRequest.java:81)
	at org.springframework.http.client.InterceptingClientHttpRequest$InterceptingRequestExecution.execute(InterceptingClientHttpRequest.java:117)
	at org.springframework.cloud.netflix.eureka.http.RestTemplateTransportClientFactory.lambda$restTemplate$3(RestTemplateTransportClientFactory.java:141)
	at org.springframework.http.client.InterceptingClientHttpRequest$InterceptingRequestExecution.execute(InterceptingClientHttpRequest.java:88)
	at org.springframework.http.client.InterceptingClientHttpRequest.executeInternal(InterceptingClientHttpRequest.java:72)
	at org.springframework.http.client.AbstractBufferingClientHttpRequest.executeInternal(AbstractBufferingClientHttpRequest.java:48)
	at org.springframework.http.client.AbstractClientHttpRequest.execute(AbstractClientHttpRequest.java:81)
	at org.springframework.web.client.RestTemplate.doExecute(RestTemplate.java:900)
	... 38 more

2026-07-15T19:25:02.044-04:00  WARN 5756 --- [ms-calificacion] [SpringApplicationShutdownHook] c.n.d.s.t.d.RetryableEurekaHttpClient    : Request execution failed with message: I/O error on DELETE request for "http://localhost:8761/eureka/apps/MS-CALIFICACION/localhost:ms-calificacion:8088": Connect to http://localhost:8761 [localhost/127.0.0.1, localhost/0:0:0:0:0:0:0:1] failed: Connection refused: getsockopt
2026-07-15T19:25:02.044-04:00 ERROR 5756 --- [ms-calificacion] [SpringApplicationShutdownHook] com.netflix.discovery.DiscoveryClient    : DiscoveryClient_MS-CALIFICACION/localhost:ms-calificacion:8088 - de-registration failedCannot execute request on any known server

com.netflix.discovery.shared.transport.TransportException: Cannot execute request on any known server
	at com.netflix.discovery.shared.transport.decorator.RetryableEurekaHttpClient.execute(RetryableEurekaHttpClient.java:112) ~[eureka-client-2.0.4.jar:2.0.4]
	at com.netflix.discovery.shared.transport.decorator.EurekaHttpClientDecorator.cancel(EurekaHttpClientDecorator.java:71) ~[eureka-client-2.0.4.jar:2.0.4]
	at com.netflix.discovery.shared.transport.decorator.EurekaHttpClientDecorator$2.execute(EurekaHttpClientDecorator.java:74) ~[eureka-client-2.0.4.jar:2.0.4]
	at com.netflix.discovery.shared.transport.decorator.SessionedEurekaHttpClient.execute(SessionedEurekaHttpClient.java:76) ~[eureka-client-2.0.4.jar:2.0.4]
	at com.netflix.discovery.shared.transport.decorator.EurekaHttpClientDecorator.cancel(EurekaHttpClientDecorator.java:71) ~[eureka-client-2.0.4.jar:2.0.4]
	at com.netflix.discovery.DiscoveryClient.unregister(DiscoveryClient.java:919) ~[eureka-client-2.0.4.jar:2.0.4]
	at com.netflix.discovery.DiscoveryClient.shutdown(DiscoveryClient.java:900) ~[eureka-client-2.0.4.jar:2.0.4]
	at java.base/jdk.internal.reflect.DirectMethodHandleAccessor.invoke(DirectMethodHandleAccessor.java:103) ~[na:na]
	at java.base/java.lang.reflect.Method.invoke(Method.java:580) ~[na:na]
	at org.springframework.beans.factory.annotation.InitDestroyAnnotationBeanPostProcessor$LifecycleMethod.invoke(InitDestroyAnnotationBeanPostProcessor.java:457) ~[spring-beans-6.2.0.jar:6.2.0]
	at org.springframework.beans.factory.annotation.InitDestroyAnnotationBeanPostProcessor$LifecycleMetadata.invokeDestroyMethods(InitDestroyAnnotationBeanPostProcessor.java:415) ~[spring-beans-6.2.0.jar:6.2.0]
	at org.springframework.beans.factory.annotation.InitDestroyAnnotationBeanPostProcessor.postProcessBeforeDestruction(InitDestroyAnnotationBeanPostProcessor.java:239) ~[spring-beans-6.2.0.jar:6.2.0]
	at org.springframework.beans.factory.support.DisposableBeanAdapter.destroy(DisposableBeanAdapter.java:202) ~[spring-beans-6.2.0.jar:6.2.0]
	at org.springframework.beans.factory.support.DisposableBeanAdapter.run(DisposableBeanAdapter.java:195) ~[spring-beans-6.2.0.jar:6.2.0]
	at org.springframework.cloud.context.scope.GenericScope$BeanLifecycleWrapper.destroy(GenericScope.java:389) ~[spring-cloud-context-4.2.0.jar:4.2.0]
	at org.springframework.cloud.context.scope.GenericScope.destroy(GenericScope.java:136) ~[spring-cloud-context-4.2.0.jar:4.2.0]
	at org.springframework.beans.factory.support.DisposableBeanAdapter.destroy(DisposableBeanAdapter.java:211) ~[spring-beans-6.2.0.jar:6.2.0]
	at org.springframework.beans.factory.support.DefaultSingletonBeanRegistry.destroyBean(DefaultSingletonBeanRegistry.java:667) ~[spring-beans-6.2.0.jar:6.2.0]
	at org.springframework.beans.factory.support.DefaultSingletonBeanRegistry.destroySingleton(DefaultSingletonBeanRegistry.java:624) ~[spring-beans-6.2.0.jar:6.2.0]
	at org.springframework.beans.factory.support.DefaultListableBeanFactory.destroySingleton(DefaultListableBeanFactory.java:1363) ~[spring-beans-6.2.0.jar:6.2.0]
	at org.springframework.beans.factory.support.DefaultSingletonBeanRegistry.destroySingletons(DefaultSingletonBeanRegistry.java:583) ~[spring-beans-6.2.0.jar:6.2.0]
	at org.springframework.beans.factory.support.DefaultListableBeanFactory.destroySingletons(DefaultListableBeanFactory.java:1356) ~[spring-beans-6.2.0.jar:6.2.0]
	at org.springframework.context.support.AbstractApplicationContext.destroyBeans(AbstractApplicationContext.java:1219) ~[spring-context-6.2.0.jar:6.2.0]
	at org.springframework.context.support.AbstractApplicationContext.doClose(AbstractApplicationContext.java:1180) ~[spring-context-6.2.0.jar:6.2.0]
	at org.springframework.boot.web.servlet.context.ServletWebServerApplicationContext.doClose(ServletWebServerApplicationContext.java:174) ~[spring-boot-3.4.0.jar:3.4.0]
	at org.springframework.context.support.AbstractApplicationContext.close(AbstractApplicationContext.java:1126) ~[spring-context-6.2.0.jar:6.2.0]
	at org.springframework.boot.SpringApplicationShutdownHook.closeAndWait(SpringApplicationShutdownHook.java:145) ~[spring-boot-3.4.0.jar:3.4.0]
	at java.base/java.lang.Iterable.forEach(Iterable.java:75) ~[na:na]
	at org.springframework.boot.SpringApplicationShutdownHook.run(SpringApplicationShutdownHook.java:114) ~[spring-boot-3.4.0.jar:3.4.0]
	at java.base/java.lang.Thread.run(Thread.java:1583) ~[na:na]

2026-07-15T19:25:02.047-04:00  INFO 5756 --- [ms-calificacion] [SpringApplicationShutdownHook] com.netflix.discovery.DiscoveryClient    : Completed shut down of DiscoveryClient
