2026-07-03T19:37:41.575-04:00  INFO 28968 --- [ms-disponibilidad] [main] c.R.m.MsDisponibilidadApplication        : Starting MsDisponibilidadApplication using Java 21.0.9 with PID 28968 (C:\Users\va-alumno\Desktop\Evaluacion-Semestral\com.ReservaPro\ms-disponibilidad\target\classes started by VA-Alumno in C:\Users\va-alumno\Desktop\Evaluacion-Semestral)
2026-07-03T19:37:41.577-04:00  INFO 28968 --- [ms-disponibilidad] [main] c.R.m.MsDisponibilidadApplication        : No active profile set, falling back to 1 default profile: "default"
2026-07-03T19:37:42.331-04:00  INFO 28968 --- [ms-disponibilidad] [main] .s.d.r.c.RepositoryConfigurationDelegate : Bootstrapping Spring Data JPA repositories in DEFAULT mode.
2026-07-03T19:37:42.472-04:00  INFO 28968 --- [ms-disponibilidad] [main] .s.d.r.c.RepositoryConfigurationDelegate : Finished Spring Data repository scanning in 121 ms. Found 1 JPA repository interface.
2026-07-03T19:37:42.718-04:00  INFO 28968 --- [ms-disponibilidad] [main] o.s.cloud.context.scope.GenericScope     : BeanFactory id=35dbfcc9-defe-3d4a-94f0-369bf601bed6
2026-07-03T19:37:43.052-04:00  INFO 28968 --- [ms-disponibilidad] [main] o.s.b.w.embedded.tomcat.TomcatWebServer  : Tomcat initialized with port 8093 (http)
2026-07-03T19:37:43.065-04:00  INFO 28968 --- [ms-disponibilidad] [main] o.apache.catalina.core.StandardService   : Starting service [Tomcat]
2026-07-03T19:37:43.066-04:00  INFO 28968 --- [ms-disponibilidad] [main] o.apache.catalina.core.StandardEngine    : Starting Servlet engine: [Apache Tomcat/10.1.33]
2026-07-03T19:37:43.159-04:00  INFO 28968 --- [ms-disponibilidad] [main] o.a.c.c.C.[Tomcat].[localhost].[/]       : Initializing Spring embedded WebApplicationContext
2026-07-03T19:37:43.160-04:00  INFO 28968 --- [ms-disponibilidad] [main] w.s.c.ServletWebServerApplicationContext : Root WebApplicationContext: initialization completed in 1543 ms
2026-07-03T19:37:43.372-04:00  INFO 28968 --- [ms-disponibilidad] [main] com.zaxxer.hikari.HikariDataSource       : HikariPool-1 - Starting...
2026-07-03T19:37:43.637-04:00  INFO 28968 --- [ms-disponibilidad] [main] com.zaxxer.hikari.pool.HikariPool        : HikariPool-1 - Added connection com.mysql.cj.jdbc.ConnectionImpl@c82d925
2026-07-03T19:37:43.639-04:00  INFO 28968 --- [ms-disponibilidad] [main] com.zaxxer.hikari.HikariDataSource       : HikariPool-1 - Start completed.
2026-07-03T19:37:43.679-04:00  INFO 28968 --- [ms-disponibilidad] [main] org.flywaydb.core.FlywayExecutor         : Database: jdbc:mysql://localhost:3306/ms_disponibilidad (MySQL 8.4)
2026-07-03T19:37:43.691-04:00  WARN 28968 --- [ms-disponibilidad] [main] o.f.c.internal.database.base.Database    : Flyway upgrade recommended: MySQL 8.4 is newer than this version of Flyway and support has not been tested. The latest supported version of MySQL is 8.1.
2026-07-03T19:37:43.713-04:00  INFO 28968 --- [ms-disponibilidad] [main] o.f.c.i.s.JdbcTableSchemaHistory         : Schema history table `ms_disponibilidad`.`flyway_schema_history` does not exist yet
2026-07-03T19:37:43.717-04:00  INFO 28968 --- [ms-disponibilidad] [main] o.f.core.internal.command.DbValidate     : Successfully validated 2 migrations (execution time 00:00.017s)
2026-07-03T19:37:43.733-04:00  INFO 28968 --- [ms-disponibilidad] [main] o.f.c.i.s.JdbcTableSchemaHistory         : Creating Schema History table `ms_disponibilidad`.`flyway_schema_history` ...
2026-07-03T19:37:43.808-04:00  INFO 28968 --- [ms-disponibilidad] [main] o.f.core.internal.command.DbMigrate      : Current version of schema `ms_disponibilidad`: << Empty Schema >>
2026-07-03T19:37:43.822-04:00  INFO 28968 --- [ms-disponibilidad] [main] o.f.core.internal.command.DbMigrate      : Migrating schema `ms_disponibilidad` to version "1 - crear tabla"
2026-07-03T19:37:44.236-04:00  WARN 28968 --- [ms-disponibilidad] [main] o.f.c.i.s.DefaultSqlScriptExecutor       : DB: Integer display width is deprecated and will be removed in a future release. (SQL State: HY000 - Error Code: 1681)
2026-07-03T19:37:44.236-04:00  WARN 28968 --- [ms-disponibilidad] [main] o.f.c.i.s.DefaultSqlScriptExecutor       : DB: Integer display width is deprecated and will be removed in a future release. (SQL State: HY000 - Error Code: 1681)
2026-07-03T19:37:44.238-04:00  WARN 28968 --- [ms-disponibilidad] [main] o.f.c.i.s.DefaultSqlScriptExecutor       : DB: 'utf8' is currently an alias for the character set UTF8MB3, but will be an alias for UTF8MB4 in a future release. Please consider using UTF8MB4 in order to be unambiguous. (SQL State: HY000 - Error Code: 3719)
2026-07-03T19:37:44.238-04:00  WARN 28968 --- [ms-disponibilidad] [main] o.f.c.i.s.DefaultSqlScriptExecutor       : DB: 'utf8mb3_unicode_ci' is a collation of the deprecated character set UTF8MB3. Please consider using UTF8MB4 with an appropriate collation instead. (SQL State: HY000 - Error Code: 3778)
2026-07-03T19:37:44.342-04:00  WARN 28968 --- [ms-disponibilidad] [main] o.f.c.i.s.DefaultSqlScriptExecutor       : DB: Integer display width is deprecated and will be removed in a future release. (SQL State: HY000 - Error Code: 1681)
2026-07-03T19:37:44.368-04:00  INFO 28968 --- [ms-disponibilidad] [main] o.f.core.internal.command.DbMigrate      : Migrating schema `ms_disponibilidad` to version "2 - insert disponibilidad"
2026-07-03T19:37:44.389-04:00  INFO 28968 --- [ms-disponibilidad] [main] o.f.core.internal.command.DbMigrate      : Successfully applied 2 migrations to schema `ms_disponibilidad`, now at version v2 (execution time 00:00.527s)
2026-07-03T19:37:44.464-04:00  INFO 28968 --- [ms-disponibilidad] [main] o.hibernate.jpa.internal.util.LogHelper  : HHH000204: Processing PersistenceUnitInfo [name: default]
2026-07-03T19:37:44.525-04:00  INFO 28968 --- [ms-disponibilidad] [main] org.hibernate.Version                    : HHH000412: Hibernate ORM core version 6.6.2.Final
2026-07-03T19:37:44.552-04:00  INFO 28968 --- [ms-disponibilidad] [main] o.h.c.internal.RegionFactoryInitiator    : HHH000026: Second-level cache disabled
2026-07-03T19:37:44.787-04:00  INFO 28968 --- [ms-disponibilidad] [main] o.s.o.j.p.SpringPersistenceUnitInfo      : No LoadTimeWeaver setup: ignoring JPA class transformer
2026-07-03T19:37:44.834-04:00  WARN 28968 --- [ms-disponibilidad] [main] org.hibernate.orm.deprecation            : HHH90000025: MySQLDialect does not need to be specified explicitly using 'hibernate.dialect' (remove the property setting and it will be selected by default)
2026-07-03T19:37:44.846-04:00  INFO 28968 --- [ms-disponibilidad] [main] org.hibernate.orm.connections.pooling    : HHH10001005: Database info:
	Database JDBC URL [Connecting through datasource 'HikariDataSource (HikariPool-1)']
	Database driver: undefined/unknown
	Database version: 8.4.3
	Autocommit mode: undefined/unknown
	Isolation level: undefined/unknown
	Minimum pool size: undefined/unknown
	Maximum pool size: undefined/unknown
2026-07-03T19:37:45.584-04:00  INFO 28968 --- [ms-disponibilidad] [main] o.h.e.t.j.p.i.JtaPlatformInitiator       : HHH000489: No JTA platform available (set 'hibernate.transaction.jta.platform' to enable JTA platform integration)
2026-07-03T19:37:45.615-04:00 ERROR 28968 --- [ms-disponibilidad] [main] j.LocalContainerEntityManagerFactoryBean : Failed to initialize JPA EntityManagerFactory: [PersistenceUnit: default] Unable to build Hibernate SessionFactory; nested exception is org.hibernate.tool.schema.spi.SchemaManagementException: Schema-validation: missing column [id_servicio] in table [disponibilidades]
2026-07-03T19:37:45.615-04:00  WARN 28968 --- [ms-disponibilidad] [main] ConfigServletWebServerApplicationContext : Exception encountered during context initialization - cancelling refresh attempt: org.springframework.beans.factory.BeanCreationException: Error creating bean with name 'entityManagerFactory' defined in class path resource [org/springframework/boot/autoconfigure/orm/jpa/HibernateJpaConfiguration.class]: [PersistenceUnit: default] Unable to build Hibernate SessionFactory; nested exception is org.hibernate.tool.schema.spi.SchemaManagementException: Schema-validation: missing column [id_servicio] in table [disponibilidades]
2026-07-03T19:37:45.616-04:00  INFO 28968 --- [ms-disponibilidad] [main] com.zaxxer.hikari.HikariDataSource       : HikariPool-1 - Shutdown initiated...
2026-07-03T19:37:45.625-04:00  INFO 28968 --- [ms-disponibilidad] [main] com.zaxxer.hikari.HikariDataSource       : HikariPool-1 - Shutdown completed.
2026-07-03T19:37:45.627-04:00  INFO 28968 --- [ms-disponibilidad] [main] o.apache.catalina.core.StandardService   : Stopping service [Tomcat]
2026-07-03T19:37:45.638-04:00  INFO 28968 --- [ms-disponibilidad] [main] .s.b.a.l.ConditionEvaluationReportLogger : 

Error starting ApplicationContext. To display the condition evaluation report re-run your application with 'debug' enabled.
2026-07-03T19:37:45.663-04:00 ERROR 28968 --- [ms-disponibilidad] [main] o.s.boot.SpringApplication               : Application run failed

org.springframework.beans.factory.BeanCreationException: Error creating bean with name 'entityManagerFactory' defined in class path resource [org/springframework/boot/autoconfigure/orm/jpa/HibernateJpaConfiguration.class]: [PersistenceUnit: default] Unable to build Hibernate SessionFactory; nested exception is org.hibernate.tool.schema.spi.SchemaManagementException: Schema-validation: missing column [id_servicio] in table [disponibilidades]
	at org.springframework.beans.factory.support.AbstractAutowireCapableBeanFactory.initializeBean(AbstractAutowireCapableBeanFactory.java:1802) ~[spring-beans-6.2.0.jar:6.2.0]
	at org.springframework.beans.factory.support.AbstractAutowireCapableBeanFactory.doCreateBean(AbstractAutowireCapableBeanFactory.java:601) ~[spring-beans-6.2.0.jar:6.2.0]
	at org.springframework.beans.factory.support.AbstractAutowireCapableBeanFactory.createBean(AbstractAutowireCapableBeanFactory.java:523) ~[spring-beans-6.2.0.jar:6.2.0]
	at org.springframework.beans.factory.support.AbstractBeanFactory.lambda$doGetBean$0(AbstractBeanFactory.java:336) ~[spring-beans-6.2.0.jar:6.2.0]
	at org.springframework.beans.factory.support.DefaultSingletonBeanRegistry.getSingleton(DefaultSingletonBeanRegistry.java:288) ~[spring-beans-6.2.0.jar:6.2.0]
	at org.springframework.beans.factory.support.AbstractBeanFactory.doGetBean(AbstractBeanFactory.java:334) ~[spring-beans-6.2.0.jar:6.2.0]
	at org.springframework.beans.factory.support.AbstractBeanFactory.getBean(AbstractBeanFactory.java:204) ~[spring-beans-6.2.0.jar:6.2.0]
	at org.springframework.context.support.AbstractApplicationContext.finishBeanFactoryInitialization(AbstractApplicationContext.java:970) ~[spring-context-6.2.0.jar:6.2.0]
	at org.springframework.context.support.AbstractApplicationContext.refresh(AbstractApplicationContext.java:627) ~[spring-context-6.2.0.jar:6.2.0]
	at org.springframework.boot.web.servlet.context.ServletWebServerApplicationContext.refresh(ServletWebServerApplicationContext.java:146) ~[spring-boot-3.4.0.jar:3.4.0]
	at org.springframework.boot.SpringApplication.refresh(SpringApplication.java:752) ~[spring-boot-3.4.0.jar:3.4.0]
	at org.springframework.boot.SpringApplication.refreshContext(SpringApplication.java:439) ~[spring-boot-3.4.0.jar:3.4.0]
	at org.springframework.boot.SpringApplication.run(SpringApplication.java:318) ~[spring-boot-3.4.0.jar:3.4.0]
	at org.springframework.boot.SpringApplication.run(SpringApplication.java:1361) ~[spring-boot-3.4.0.jar:3.4.0]
	at org.springframework.boot.SpringApplication.run(SpringApplication.java:1350) ~[spring-boot-3.4.0.jar:3.4.0]
	at com.ReservaPro.ms_disponibilidad.MsDisponibilidadApplication.main(MsDisponibilidadApplication.java:14) ~[classes/:na]
Caused by: jakarta.persistence.PersistenceException: [PersistenceUnit: default] Unable to build Hibernate SessionFactory; nested exception is org.hibernate.tool.schema.spi.SchemaManagementException: Schema-validation: missing column [id_servicio] in table [disponibilidades]
	at org.springframework.orm.jpa.AbstractEntityManagerFactoryBean.buildNativeEntityManagerFactory(AbstractEntityManagerFactoryBean.java:431) ~[spring-orm-6.2.0.jar:6.2.0]
	at org.springframework.orm.jpa.AbstractEntityManagerFactoryBean.afterPropertiesSet(AbstractEntityManagerFactoryBean.java:400) ~[spring-orm-6.2.0.jar:6.2.0]
	at org.springframework.orm.jpa.LocalContainerEntityManagerFactoryBean.afterPropertiesSet(LocalContainerEntityManagerFactoryBean.java:366) ~[spring-orm-6.2.0.jar:6.2.0]
	at org.springframework.beans.factory.support.AbstractAutowireCapableBeanFactory.invokeInitMethods(AbstractAutowireCapableBeanFactory.java:1849) ~[spring-beans-6.2.0.jar:6.2.0]
	at org.springframework.beans.factory.support.AbstractAutowireCapableBeanFactory.initializeBean(AbstractAutowireCapableBeanFactory.java:1798) ~[spring-beans-6.2.0.jar:6.2.0]
	... 15 common frames omitted
Caused by: org.hibernate.tool.schema.spi.SchemaManagementException: Schema-validation: missing column [id_servicio] in table [disponibilidades]
	at org.hibernate.tool.schema.internal.AbstractSchemaValidator.validateTable(AbstractSchemaValidator.java:149) ~[hibernate-core-6.6.2.Final.jar:6.6.2.Final]
	at org.hibernate.tool.schema.internal.GroupedSchemaValidatorImpl.validateTables(GroupedSchemaValidatorImpl.java:46) ~[hibernate-core-6.6.2.Final.jar:6.6.2.Final]
	at org.hibernate.tool.schema.internal.AbstractSchemaValidator.performValidation(AbstractSchemaValidator.java:99) ~[hibernate-core-6.6.2.Final.jar:6.6.2.Final]
	at org.hibernate.tool.schema.internal.AbstractSchemaValidator.doValidation(AbstractSchemaValidator.java:77) ~[hibernate-core-6.6.2.Final.jar:6.6.2.Final]
	at org.hibernate.tool.schema.spi.SchemaManagementToolCoordinator.performDatabaseAction(SchemaManagementToolCoordinator.java:289) ~[hibernate-core-6.6.2.Final.jar:6.6.2.Final]
	at org.hibernate.tool.schema.spi.SchemaManagementToolCoordinator.lambda$process$5(SchemaManagementToolCoordinator.java:144) ~[hibernate-core-6.6.2.Final.jar:6.6.2.Final]
	at java.base/java.util.HashMap.forEach(HashMap.java:1429) ~[na:na]
	at org.hibernate.tool.schema.spi.SchemaManagementToolCoordinator.process(SchemaManagementToolCoordinator.java:141) ~[hibernate-core-6.6.2.Final.jar:6.6.2.Final]
	at org.hibernate.boot.internal.SessionFactoryObserverForSchemaExport.sessionFactoryCreated(SessionFactoryObserverForSchemaExport.java:37) ~[hibernate-core-6.6.2.Final.jar:6.6.2.Final]
	at org.hibernate.internal.SessionFactoryObserverChain.sessionFactoryCreated(SessionFactoryObserverChain.java:35) ~[hibernate-core-6.6.2.Final.jar:6.6.2.Final]
	at org.hibernate.internal.SessionFactoryImpl.<init>(SessionFactoryImpl.java:324) ~[hibernate-core-6.6.2.Final.jar:6.6.2.Final]
	at org.hibernate.boot.internal.SessionFactoryBuilderImpl.build(SessionFactoryBuilderImpl.java:463) ~[hibernate-core-6.6.2.Final.jar:6.6.2.Final]
	at org.hibernate.jpa.boot.internal.EntityManagerFactoryBuilderImpl.build(EntityManagerFactoryBuilderImpl.java:1506) ~[hibernate-core-6.6.2.Final.jar:6.6.2.Final]
	at org.springframework.orm.jpa.vendor.SpringHibernateJpaPersistenceProvider.createContainerEntityManagerFactory(SpringHibernateJpaPersistenceProvider.java:66) ~[spring-orm-6.2.0.jar:6.2.0]
	at org.springframework.orm.jpa.LocalContainerEntityManagerFactoryBean.createNativeEntityManagerFactory(LocalContainerEntityManagerFactoryBean.java:390) ~[spring-orm-6.2.0.jar:6.2.0]
	at org.springframework.orm.jpa.AbstractEntityManagerFactoryBean.buildNativeEntityManagerFactory(AbstractEntityManagerFactoryBean.java:419) ~[spring-orm-6.2.0.jar:6.2.0]
	... 19 common frames omitted

2026-07-03T19:46:41.199-04:00  INFO 27792 --- [ms-disponibilidad] [main] c.R.m.MsDisponibilidadApplication        : Starting MsDisponibilidadApplication using Java 21.0.9 with PID 27792 (C:\Users\va-alumno\Desktop\Evaluacion-Semestral\com.ReservaPro\ms-disponibilidad\target\classes started by VA-Alumno in C:\Users\va-alumno\Desktop\Evaluacion-Semestral)
2026-07-03T19:46:41.203-04:00  INFO 27792 --- [ms-disponibilidad] [main] c.R.m.MsDisponibilidadApplication        : No active profile set, falling back to 1 default profile: "default"
2026-07-03T19:46:41.950-04:00  INFO 27792 --- [ms-disponibilidad] [main] .s.d.r.c.RepositoryConfigurationDelegate : Bootstrapping Spring Data JPA repositories in DEFAULT mode.
2026-07-03T19:46:42.079-04:00  INFO 27792 --- [ms-disponibilidad] [main] .s.d.r.c.RepositoryConfigurationDelegate : Finished Spring Data repository scanning in 120 ms. Found 1 JPA repository interface.
2026-07-03T19:46:42.303-04:00  INFO 27792 --- [ms-disponibilidad] [main] o.s.cloud.context.scope.GenericScope     : BeanFactory id=35dbfcc9-defe-3d4a-94f0-369bf601bed6
2026-07-03T19:46:42.628-04:00  INFO 27792 --- [ms-disponibilidad] [main] o.s.b.w.embedded.tomcat.TomcatWebServer  : Tomcat initialized with port 8093 (http)
2026-07-03T19:46:42.639-04:00  INFO 27792 --- [ms-disponibilidad] [main] o.apache.catalina.core.StandardService   : Starting service [Tomcat]
2026-07-03T19:46:42.640-04:00  INFO 27792 --- [ms-disponibilidad] [main] o.apache.catalina.core.StandardEngine    : Starting Servlet engine: [Apache Tomcat/10.1.33]
2026-07-03T19:46:42.733-04:00  INFO 27792 --- [ms-disponibilidad] [main] o.a.c.c.C.[Tomcat].[localhost].[/]       : Initializing Spring embedded WebApplicationContext
2026-07-03T19:46:42.733-04:00  INFO 27792 --- [ms-disponibilidad] [main] w.s.c.ServletWebServerApplicationContext : Root WebApplicationContext: initialization completed in 1487 ms
2026-07-03T19:46:42.938-04:00  INFO 27792 --- [ms-disponibilidad] [main] com.zaxxer.hikari.HikariDataSource       : HikariPool-1 - Starting...
2026-07-03T19:46:43.207-04:00  INFO 27792 --- [ms-disponibilidad] [main] com.zaxxer.hikari.pool.HikariPool        : HikariPool-1 - Added connection com.mysql.cj.jdbc.ConnectionImpl@13dd7887
2026-07-03T19:46:43.208-04:00  INFO 27792 --- [ms-disponibilidad] [main] com.zaxxer.hikari.HikariDataSource       : HikariPool-1 - Start completed.
2026-07-03T19:46:43.249-04:00  INFO 27792 --- [ms-disponibilidad] [main] org.flywaydb.core.FlywayExecutor         : Database: jdbc:mysql://localhost:3306/ms_disponibilidad (MySQL 8.4)
2026-07-03T19:46:43.261-04:00  WARN 27792 --- [ms-disponibilidad] [main] o.f.c.internal.database.base.Database    : Flyway upgrade recommended: MySQL 8.4 is newer than this version of Flyway and support has not been tested. The latest supported version of MySQL is 8.1.
2026-07-03T19:46:43.297-04:00  INFO 27792 --- [ms-disponibilidad] [main] o.f.core.internal.command.DbValidate     : Successfully validated 3 migrations (execution time 00:00.028s)
2026-07-03T19:46:43.313-04:00  INFO 27792 --- [ms-disponibilidad] [main] o.f.core.internal.command.DbMigrate      : Current version of schema `ms_disponibilidad`: 2
2026-07-03T19:46:43.328-04:00  INFO 27792 --- [ms-disponibilidad] [main] o.f.core.internal.command.DbMigrate      : Migrating schema `ms_disponibilidad` to version "3 - insert diponibilidad"
2026-07-03T19:46:43.754-04:00 ERROR 27792 --- [ms-disponibilidad] [main] o.f.core.internal.command.DbMigrate      : Migration of schema `ms_disponibilidad` to version "3 - insert diponibilidad" failed! Please restore backups and roll back database and code!
2026-07-03T19:46:43.773-04:00  WARN 27792 --- [ms-disponibilidad] [main] ConfigServletWebServerApplicationContext : Exception encountered during context initialization - cancelling refresh attempt: org.springframework.beans.factory.BeanCreationException: Error creating bean with name 'entityManagerFactory' defined in class path resource [org/springframework/boot/autoconfigure/orm/jpa/HibernateJpaConfiguration.class]: Failed to initialize dependency 'flywayInitializer' of LoadTimeWeaverAware bean 'entityManagerFactory': Error creating bean with name 'flywayInitializer' defined in class path resource [org/springframework/boot/autoconfigure/flyway/FlywayAutoConfiguration$FlywayConfiguration.class]: Script V3__insert_diponibilidad.sql failed
------------------------------------------
SQL State  : 42000
Error Code : 1064
Message    : You have an error in your SQL syntax; check the manual that corresponds to your MySQL server version for the right syntax to use near '' at line 2
Location   : db/migration/V3__insert_diponibilidad.sql (C:\Users\va-alumno\Desktop\Evaluacion-Semestral\com.ReservaPro\ms-disponibilidad\target\classes\db\migration\V3__insert_diponibilidad.sql)
Line       : 1
Statement  : Run Flyway with -X option to see the actual statement causing the problem

2026-07-03T19:46:43.773-04:00  INFO 27792 --- [ms-disponibilidad] [main] com.zaxxer.hikari.HikariDataSource       : HikariPool-1 - Shutdown initiated...
2026-07-03T19:46:43.781-04:00  INFO 27792 --- [ms-disponibilidad] [main] com.zaxxer.hikari.HikariDataSource       : HikariPool-1 - Shutdown completed.
2026-07-03T19:46:43.784-04:00  INFO 27792 --- [ms-disponibilidad] [main] o.apache.catalina.core.StandardService   : Stopping service [Tomcat]
2026-07-03T19:46:43.796-04:00  INFO 27792 --- [ms-disponibilidad] [main] .s.b.a.l.ConditionEvaluationReportLogger : 

Error starting ApplicationContext. To display the condition evaluation report re-run your application with 'debug' enabled.
2026-07-03T19:46:43.811-04:00 ERROR 27792 --- [ms-disponibilidad] [main] o.s.boot.SpringApplication               : Application run failed

org.springframework.beans.factory.BeanCreationException: Error creating bean with name 'entityManagerFactory' defined in class path resource [org/springframework/boot/autoconfigure/orm/jpa/HibernateJpaConfiguration.class]: Failed to initialize dependency 'flywayInitializer' of LoadTimeWeaverAware bean 'entityManagerFactory': Error creating bean with name 'flywayInitializer' defined in class path resource [org/springframework/boot/autoconfigure/flyway/FlywayAutoConfiguration$FlywayConfiguration.class]: Script V3__insert_diponibilidad.sql failed
------------------------------------------
SQL State  : 42000
Error Code : 1064
Message    : You have an error in your SQL syntax; check the manual that corresponds to your MySQL server version for the right syntax to use near '' at line 2
Location   : db/migration/V3__insert_diponibilidad.sql (C:\Users\va-alumno\Desktop\Evaluacion-Semestral\com.ReservaPro\ms-disponibilidad\target\classes\db\migration\V3__insert_diponibilidad.sql)
Line       : 1
Statement  : Run Flyway with -X option to see the actual statement causing the problem

	at org.springframework.beans.factory.support.AbstractBeanFactory.doGetBean(AbstractBeanFactory.java:325) ~[spring-beans-6.2.0.jar:6.2.0]
	at org.springframework.beans.factory.support.AbstractBeanFactory.getBean(AbstractBeanFactory.java:204) ~[spring-beans-6.2.0.jar:6.2.0]
	at org.springframework.context.support.AbstractApplicationContext.finishBeanFactoryInitialization(AbstractApplicationContext.java:970) ~[spring-context-6.2.0.jar:6.2.0]
	at org.springframework.context.support.AbstractApplicationContext.refresh(AbstractApplicationContext.java:627) ~[spring-context-6.2.0.jar:6.2.0]
	at org.springframework.boot.web.servlet.context.ServletWebServerApplicationContext.refresh(ServletWebServerApplicationContext.java:146) ~[spring-boot-3.4.0.jar:3.4.0]
	at org.springframework.boot.SpringApplication.refresh(SpringApplication.java:752) ~[spring-boot-3.4.0.jar:3.4.0]
	at org.springframework.boot.SpringApplication.refreshContext(SpringApplication.java:439) ~[spring-boot-3.4.0.jar:3.4.0]
	at org.springframework.boot.SpringApplication.run(SpringApplication.java:318) ~[spring-boot-3.4.0.jar:3.4.0]
	at org.springframework.boot.SpringApplication.run(SpringApplication.java:1361) ~[spring-boot-3.4.0.jar:3.4.0]
	at org.springframework.boot.SpringApplication.run(SpringApplication.java:1350) ~[spring-boot-3.4.0.jar:3.4.0]
	at com.ReservaPro.ms_disponibilidad.MsDisponibilidadApplication.main(MsDisponibilidadApplication.java:14) ~[classes/:na]
Caused by: org.springframework.beans.factory.BeanCreationException: Error creating bean with name 'flywayInitializer' defined in class path resource [org/springframework/boot/autoconfigure/flyway/FlywayAutoConfiguration$FlywayConfiguration.class]: Script V3__insert_diponibilidad.sql failed
------------------------------------------
SQL State  : 42000
Error Code : 1064
Message    : You have an error in your SQL syntax; check the manual that corresponds to your MySQL server version for the right syntax to use near '' at line 2
Location   : db/migration/V3__insert_diponibilidad.sql (C:\Users\va-alumno\Desktop\Evaluacion-Semestral\com.ReservaPro\ms-disponibilidad\target\classes\db\migration\V3__insert_diponibilidad.sql)
Line       : 1
Statement  : Run Flyway with -X option to see the actual statement causing the problem

	at org.springframework.beans.factory.support.AbstractAutowireCapableBeanFactory.initializeBean(AbstractAutowireCapableBeanFactory.java:1802) ~[spring-beans-6.2.0.jar:6.2.0]
	at org.springframework.beans.factory.support.AbstractAutowireCapableBeanFactory.doCreateBean(AbstractAutowireCapableBeanFactory.java:601) ~[spring-beans-6.2.0.jar:6.2.0]
	at org.springframework.beans.factory.support.AbstractAutowireCapableBeanFactory.createBean(AbstractAutowireCapableBeanFactory.java:523) ~[spring-beans-6.2.0.jar:6.2.0]
	at org.springframework.beans.factory.support.AbstractBeanFactory.lambda$doGetBean$0(AbstractBeanFactory.java:336) ~[spring-beans-6.2.0.jar:6.2.0]
	at org.springframework.beans.factory.support.DefaultSingletonBeanRegistry.getSingleton(DefaultSingletonBeanRegistry.java:288) ~[spring-beans-6.2.0.jar:6.2.0]
	at org.springframework.beans.factory.support.AbstractBeanFactory.doGetBean(AbstractBeanFactory.java:334) ~[spring-beans-6.2.0.jar:6.2.0]
	at org.springframework.beans.factory.support.AbstractBeanFactory.getBean(AbstractBeanFactory.java:199) ~[spring-beans-6.2.0.jar:6.2.0]
	at org.springframework.beans.factory.support.AbstractBeanFactory.doGetBean(AbstractBeanFactory.java:312) ~[spring-beans-6.2.0.jar:6.2.0]
	... 10 common frames omitted
Caused by: org.flywaydb.core.internal.exception.FlywayMigrateException: Script V3__insert_diponibilidad.sql failed
------------------------------------------
SQL State  : 42000
Error Code : 1064
Message    : You have an error in your SQL syntax; check the manual that corresponds to your MySQL server version for the right syntax to use near '' at line 2
Location   : db/migration/V3__insert_diponibilidad.sql (C:\Users\va-alumno\Desktop\Evaluacion-Semestral\com.ReservaPro\ms-disponibilidad\target\classes\db\migration\V3__insert_diponibilidad.sql)
Line       : 1
Statement  : Run Flyway with -X option to see the actual statement causing the problem

	at org.flywaydb.core.internal.command.DbMigrate.doMigrateGroup(DbMigrate.java:399) ~[flyway-core-10.20.1.jar:na]
	at org.flywaydb.core.internal.command.DbMigrate.lambda$applyMigrations$1(DbMigrate.java:283) ~[flyway-core-10.20.1.jar:na]
	at org.flywaydb.core.internal.jdbc.TransactionalExecutionTemplate.execute(TransactionalExecutionTemplate.java:59) ~[flyway-core-10.20.1.jar:na]
	at org.flywaydb.core.internal.command.DbMigrate.applyMigrations(DbMigrate.java:282) ~[flyway-core-10.20.1.jar:na]
	at org.flywaydb.core.internal.command.DbMigrate.migrateGroup(DbMigrate.java:255) ~[flyway-core-10.20.1.jar:na]
	at org.flywaydb.core.internal.command.DbMigrate.lambda$migrateAll$0(DbMigrate.java:153) ~[flyway-core-10.20.1.jar:na]
	at org.flywaydb.database.mysql.MySQLNamedLockTemplate.execute(MySQLNamedLockTemplate.java:62) ~[flyway-mysql-10.20.1.jar:na]
	at org.flywaydb.database.mysql.MySQLConnection.lock(MySQLConnection.java:159) ~[flyway-mysql-10.20.1.jar:na]
	at org.flywaydb.core.internal.schemahistory.JdbcTableSchemaHistory.lock(JdbcTableSchemaHistory.java:149) ~[flyway-core-10.20.1.jar:na]
	at org.flywaydb.core.internal.command.DbMigrate.migrateAll(DbMigrate.java:153) ~[flyway-core-10.20.1.jar:na]
	at org.flywaydb.core.internal.command.DbMigrate.migrate(DbMigrate.java:104) ~[flyway-core-10.20.1.jar:na]
	at org.flywaydb.core.Flyway.lambda$migrate$1(Flyway.java:230) ~[flyway-core-10.20.1.jar:na]
	at org.flywaydb.core.FlywayExecutor.execute(FlywayExecutor.java:213) ~[flyway-core-10.20.1.jar:na]
	at org.flywaydb.core.Flyway.migrate(Flyway.java:176) ~[flyway-core-10.20.1.jar:na]
	at org.springframework.boot.autoconfigure.flyway.FlywayMigrationInitializer.afterPropertiesSet(FlywayMigrationInitializer.java:66) ~[spring-boot-autoconfigure-3.4.0.jar:3.4.0]
	at org.springframework.beans.factory.support.AbstractAutowireCapableBeanFactory.invokeInitMethods(AbstractAutowireCapableBeanFactory.java:1849) ~[spring-beans-6.2.0.jar:6.2.0]
	at org.springframework.beans.factory.support.AbstractAutowireCapableBeanFactory.initializeBean(AbstractAutowireCapableBeanFactory.java:1798) ~[spring-beans-6.2.0.jar:6.2.0]
	... 17 common frames omitted
Caused by: org.flywaydb.core.internal.sqlscript.FlywaySqlScriptException: Script V3__insert_diponibilidad.sql failed
------------------------------------------
SQL State  : 42000
Error Code : 1064
Message    : You have an error in your SQL syntax; check the manual that corresponds to your MySQL server version for the right syntax to use near '' at line 2
Location   : db/migration/V3__insert_diponibilidad.sql (C:\Users\va-alumno\Desktop\Evaluacion-Semestral\com.ReservaPro\ms-disponibilidad\target\classes\db\migration\V3__insert_diponibilidad.sql)
Line       : 1
Statement  : Run Flyway with -X option to see the actual statement causing the problem

	at org.flywaydb.core.internal.sqlscript.DefaultSqlScriptExecutor.handleException(DefaultSqlScriptExecutor.java:256) ~[flyway-core-10.20.1.jar:na]
	at org.flywaydb.core.internal.sqlscript.DefaultSqlScriptExecutor.executeStatement(DefaultSqlScriptExecutor.java:217) ~[flyway-core-10.20.1.jar:na]
	at org.flywaydb.core.internal.sqlscript.DefaultSqlScriptExecutor.execute(DefaultSqlScriptExecutor.java:137) ~[flyway-core-10.20.1.jar:na]
	at org.flywaydb.core.internal.resolver.sql.SqlMigrationExecutor.executeOnce(SqlMigrationExecutor.java:75) ~[flyway-core-10.20.1.jar:na]
	at org.flywaydb.core.internal.resolver.sql.SqlMigrationExecutor.lambda$execute$0(SqlMigrationExecutor.java:66) ~[flyway-core-10.20.1.jar:na]
	at org.flywaydb.core.internal.database.DefaultExecutionStrategy.execute(DefaultExecutionStrategy.java:31) ~[flyway-core-10.20.1.jar:na]
	at org.flywaydb.core.internal.resolver.sql.SqlMigrationExecutor.execute(SqlMigrationExecutor.java:65) ~[flyway-core-10.20.1.jar:na]
	at org.flywaydb.core.internal.command.DbMigrate.doMigrateGroup(DbMigrate.java:391) ~[flyway-core-10.20.1.jar:na]
	... 33 common frames omitted
Caused by: java.sql.SQLSyntaxErrorException: You have an error in your SQL syntax; check the manual that corresponds to your MySQL server version for the right syntax to use near '' at line 2
	at com.mysql.cj.jdbc.exceptions.SQLError.createSQLException(SQLError.java:112) ~[mysql-connector-j-9.1.0.jar:9.1.0]
	at com.mysql.cj.jdbc.exceptions.SQLExceptionsMapping.translateException(SQLExceptionsMapping.java:114) ~[mysql-connector-j-9.1.0.jar:9.1.0]
	at com.mysql.cj.jdbc.StatementImpl.executeInternal(StatementImpl.java:837) ~[mysql-connector-j-9.1.0.jar:9.1.0]
	at com.mysql.cj.jdbc.StatementImpl.execute(StatementImpl.java:685) ~[mysql-connector-j-9.1.0.jar:9.1.0]
	at com.zaxxer.hikari.pool.ProxyStatement.execute(ProxyStatement.java:94) ~[HikariCP-5.1.0.jar:na]
	at com.zaxxer.hikari.pool.HikariProxyStatement.execute(HikariProxyStatement.java) ~[HikariCP-5.1.0.jar:na]
	at org.flywaydb.core.internal.jdbc.JdbcTemplate.executeStatement(JdbcTemplate.java:210) ~[flyway-core-10.20.1.jar:na]
	at org.flywaydb.core.internal.sqlscript.ParsedSqlStatement.execute(ParsedSqlStatement.java:88) ~[flyway-core-10.20.1.jar:na]
	at org.flywaydb.core.internal.sqlscript.DefaultSqlScriptExecutor.executeStatement(DefaultSqlScriptExecutor.java:212) ~[flyway-core-10.20.1.jar:na]
	... 39 common frames omitted

2026-07-03T19:50:10.563-04:00  INFO 27932 --- [ms-disponibilidad] [main] c.R.m.MsDisponibilidadApplication        : Starting MsDisponibilidadApplication using Java 21.0.9 with PID 27932 (C:\Users\va-alumno\Desktop\Evaluacion-Semestral\com.ReservaPro\ms-disponibilidad\target\classes started by VA-Alumno in C:\Users\va-alumno\Desktop\Evaluacion-Semestral)
2026-07-03T19:50:10.565-04:00  INFO 27932 --- [ms-disponibilidad] [main] c.R.m.MsDisponibilidadApplication        : No active profile set, falling back to 1 default profile: "default"
2026-07-03T19:50:11.325-04:00  INFO 27932 --- [ms-disponibilidad] [main] .s.d.r.c.RepositoryConfigurationDelegate : Bootstrapping Spring Data JPA repositories in DEFAULT mode.
2026-07-03T19:50:11.459-04:00  INFO 27932 --- [ms-disponibilidad] [main] .s.d.r.c.RepositoryConfigurationDelegate : Finished Spring Data repository scanning in 126 ms. Found 1 JPA repository interface.
2026-07-03T19:50:11.675-04:00  INFO 27932 --- [ms-disponibilidad] [main] o.s.cloud.context.scope.GenericScope     : BeanFactory id=35dbfcc9-defe-3d4a-94f0-369bf601bed6
2026-07-03T19:50:12.013-04:00  INFO 27932 --- [ms-disponibilidad] [main] o.s.b.w.embedded.tomcat.TomcatWebServer  : Tomcat initialized with port 8093 (http)
2026-07-03T19:50:12.028-04:00  INFO 27932 --- [ms-disponibilidad] [main] o.apache.catalina.core.StandardService   : Starting service [Tomcat]
2026-07-03T19:50:12.029-04:00  INFO 27932 --- [ms-disponibilidad] [main] o.apache.catalina.core.StandardEngine    : Starting Servlet engine: [Apache Tomcat/10.1.33]
2026-07-03T19:50:12.124-04:00  INFO 27932 --- [ms-disponibilidad] [main] o.a.c.c.C.[Tomcat].[localhost].[/]       : Initializing Spring embedded WebApplicationContext
2026-07-03T19:50:12.125-04:00  INFO 27932 --- [ms-disponibilidad] [main] w.s.c.ServletWebServerApplicationContext : Root WebApplicationContext: initialization completed in 1516 ms
2026-07-03T19:50:12.336-04:00  INFO 27932 --- [ms-disponibilidad] [main] com.zaxxer.hikari.HikariDataSource       : HikariPool-1 - Starting...
2026-07-03T19:50:12.617-04:00  INFO 27932 --- [ms-disponibilidad] [main] com.zaxxer.hikari.pool.HikariPool        : HikariPool-1 - Added connection com.mysql.cj.jdbc.ConnectionImpl@5a90fcaa
2026-07-03T19:50:12.619-04:00  INFO 27932 --- [ms-disponibilidad] [main] com.zaxxer.hikari.HikariDataSource       : HikariPool-1 - Start completed.
2026-07-03T19:50:12.671-04:00  INFO 27932 --- [ms-disponibilidad] [main] org.flywaydb.core.FlywayExecutor         : Database: jdbc:mysql://localhost:3306/ms_disponibilidad (MySQL 8.4)
2026-07-03T19:50:12.683-04:00  WARN 27932 --- [ms-disponibilidad] [main] o.f.c.internal.database.base.Database    : Flyway upgrade recommended: MySQL 8.4 is newer than this version of Flyway and support has not been tested. The latest supported version of MySQL is 8.1.
2026-07-03T19:50:12.727-04:00  WARN 27932 --- [ms-disponibilidad] [main] ConfigServletWebServerApplicationContext : Exception encountered during context initialization - cancelling refresh attempt: org.springframework.beans.factory.BeanCreationException: Error creating bean with name 'entityManagerFactory' defined in class path resource [org/springframework/boot/autoconfigure/orm/jpa/HibernateJpaConfiguration.class]: Failed to initialize dependency 'flywayInitializer' of LoadTimeWeaverAware bean 'entityManagerFactory': Error creating bean with name 'flywayInitializer' defined in class path resource [org/springframework/boot/autoconfigure/flyway/FlywayAutoConfiguration$FlywayConfiguration.class]: Validate failed: Migrations have failed validation
Detected failed migration to version 3 (insert diponibilidad).
Please remove any half-completed changes then run repair to fix the schema history.
Need more flexibility with validation rules? Learn more: https://rd.gt/3AbJUZE
2026-07-03T19:50:12.728-04:00  INFO 27932 --- [ms-disponibilidad] [main] com.zaxxer.hikari.HikariDataSource       : HikariPool-1 - Shutdown initiated...
2026-07-03T19:50:12.732-04:00  INFO 27932 --- [ms-disponibilidad] [main] com.zaxxer.hikari.HikariDataSource       : HikariPool-1 - Shutdown completed.
2026-07-03T19:50:12.735-04:00  INFO 27932 --- [ms-disponibilidad] [main] o.apache.catalina.core.StandardService   : Stopping service [Tomcat]
2026-07-03T19:50:12.745-04:00  INFO 27932 --- [ms-disponibilidad] [main] .s.b.a.l.ConditionEvaluationReportLogger : 

Error starting ApplicationContext. To display the condition evaluation report re-run your application with 'debug' enabled.
2026-07-03T19:50:12.761-04:00 ERROR 27932 --- [ms-disponibilidad] [main] o.s.boot.SpringApplication               : Application run failed

org.springframework.beans.factory.BeanCreationException: Error creating bean with name 'entityManagerFactory' defined in class path resource [org/springframework/boot/autoconfigure/orm/jpa/HibernateJpaConfiguration.class]: Failed to initialize dependency 'flywayInitializer' of LoadTimeWeaverAware bean 'entityManagerFactory': Error creating bean with name 'flywayInitializer' defined in class path resource [org/springframework/boot/autoconfigure/flyway/FlywayAutoConfiguration$FlywayConfiguration.class]: Validate failed: Migrations have failed validation
Detected failed migration to version 3 (insert diponibilidad).
Please remove any half-completed changes then run repair to fix the schema history.
Need more flexibility with validation rules? Learn more: https://rd.gt/3AbJUZE
	at org.springframework.beans.factory.support.AbstractBeanFactory.doGetBean(AbstractBeanFactory.java:325) ~[spring-beans-6.2.0.jar:6.2.0]
	at org.springframework.beans.factory.support.AbstractBeanFactory.getBean(AbstractBeanFactory.java:204) ~[spring-beans-6.2.0.jar:6.2.0]
	at org.springframework.context.support.AbstractApplicationContext.finishBeanFactoryInitialization(AbstractApplicationContext.java:970) ~[spring-context-6.2.0.jar:6.2.0]
	at org.springframework.context.support.AbstractApplicationContext.refresh(AbstractApplicationContext.java:627) ~[spring-context-6.2.0.jar:6.2.0]
	at org.springframework.boot.web.servlet.context.ServletWebServerApplicationContext.refresh(ServletWebServerApplicationContext.java:146) ~[spring-boot-3.4.0.jar:3.4.0]
	at org.springframework.boot.SpringApplication.refresh(SpringApplication.java:752) ~[spring-boot-3.4.0.jar:3.4.0]
	at org.springframework.boot.SpringApplication.refreshContext(SpringApplication.java:439) ~[spring-boot-3.4.0.jar:3.4.0]
	at org.springframework.boot.SpringApplication.run(SpringApplication.java:318) ~[spring-boot-3.4.0.jar:3.4.0]
	at org.springframework.boot.SpringApplication.run(SpringApplication.java:1361) ~[spring-boot-3.4.0.jar:3.4.0]
	at org.springframework.boot.SpringApplication.run(SpringApplication.java:1350) ~[spring-boot-3.4.0.jar:3.4.0]
	at com.ReservaPro.ms_disponibilidad.MsDisponibilidadApplication.main(MsDisponibilidadApplication.java:14) ~[classes/:na]
Caused by: org.springframework.beans.factory.BeanCreationException: Error creating bean with name 'flywayInitializer' defined in class path resource [org/springframework/boot/autoconfigure/flyway/FlywayAutoConfiguration$FlywayConfiguration.class]: Validate failed: Migrations have failed validation
Detected failed migration to version 3 (insert diponibilidad).
Please remove any half-completed changes then run repair to fix the schema history.
Need more flexibility with validation rules? Learn more: https://rd.gt/3AbJUZE
	at org.springframework.beans.factory.support.AbstractAutowireCapableBeanFactory.initializeBean(AbstractAutowireCapableBeanFactory.java:1802) ~[spring-beans-6.2.0.jar:6.2.0]
	at org.springframework.beans.factory.support.AbstractAutowireCapableBeanFactory.doCreateBean(AbstractAutowireCapableBeanFactory.java:601) ~[spring-beans-6.2.0.jar:6.2.0]
	at org.springframework.beans.factory.support.AbstractAutowireCapableBeanFactory.createBean(AbstractAutowireCapableBeanFactory.java:523) ~[spring-beans-6.2.0.jar:6.2.0]
	at org.springframework.beans.factory.support.AbstractBeanFactory.lambda$doGetBean$0(AbstractBeanFactory.java:336) ~[spring-beans-6.2.0.jar:6.2.0]
	at org.springframework.beans.factory.support.DefaultSingletonBeanRegistry.getSingleton(DefaultSingletonBeanRegistry.java:288) ~[spring-beans-6.2.0.jar:6.2.0]
	at org.springframework.beans.factory.support.AbstractBeanFactory.doGetBean(AbstractBeanFactory.java:334) ~[spring-beans-6.2.0.jar:6.2.0]
	at org.springframework.beans.factory.support.AbstractBeanFactory.getBean(AbstractBeanFactory.java:199) ~[spring-beans-6.2.0.jar:6.2.0]
	at org.springframework.beans.factory.support.AbstractBeanFactory.doGetBean(AbstractBeanFactory.java:312) ~[spring-beans-6.2.0.jar:6.2.0]
	... 10 common frames omitted
Caused by: org.flywaydb.core.api.exception.FlywayValidateException: Validate failed: Migrations have failed validation
Detected failed migration to version 3 (insert diponibilidad).
Please remove any half-completed changes then run repair to fix the schema history.
Need more flexibility with validation rules? Learn more: https://rd.gt/3AbJUZE
	at org.flywaydb.core.Flyway.lambda$migrate$1(Flyway.java:189) ~[flyway-core-10.20.1.jar:na]
	at org.flywaydb.core.FlywayExecutor.execute(FlywayExecutor.java:213) ~[flyway-core-10.20.1.jar:na]
	at org.flywaydb.core.Flyway.migrate(Flyway.java:176) ~[flyway-core-10.20.1.jar:na]
	at org.springframework.boot.autoconfigure.flyway.FlywayMigrationInitializer.afterPropertiesSet(FlywayMigrationInitializer.java:66) ~[spring-boot-autoconfigure-3.4.0.jar:3.4.0]
	at org.springframework.beans.factory.support.AbstractAutowireCapableBeanFactory.invokeInitMethods(AbstractAutowireCapableBeanFactory.java:1849) ~[spring-beans-6.2.0.jar:6.2.0]
	at org.springframework.beans.factory.support.AbstractAutowireCapableBeanFactory.initializeBean(AbstractAutowireCapableBeanFactory.java:1798) ~[spring-beans-6.2.0.jar:6.2.0]
	... 17 common frames omitted

2026-07-03T19:52:23.455-04:00  INFO 29028 --- [ms-disponibilidad] [main] c.R.m.MsDisponibilidadApplication        : Starting MsDisponibilidadApplication using Java 21.0.9 with PID 29028 (C:\Users\va-alumno\Desktop\Evaluacion-Semestral\com.ReservaPro\ms-disponibilidad\target\classes started by VA-Alumno in C:\Users\va-alumno\Desktop\Evaluacion-Semestral)
2026-07-03T19:52:23.457-04:00  INFO 29028 --- [ms-disponibilidad] [main] c.R.m.MsDisponibilidadApplication        : No active profile set, falling back to 1 default profile: "default"
2026-07-03T19:52:24.221-04:00  INFO 29028 --- [ms-disponibilidad] [main] .s.d.r.c.RepositoryConfigurationDelegate : Bootstrapping Spring Data JPA repositories in DEFAULT mode.
2026-07-03T19:52:24.352-04:00  INFO 29028 --- [ms-disponibilidad] [main] .s.d.r.c.RepositoryConfigurationDelegate : Finished Spring Data repository scanning in 123 ms. Found 1 JPA repository interface.
2026-07-03T19:52:24.570-04:00  INFO 29028 --- [ms-disponibilidad] [main] o.s.cloud.context.scope.GenericScope     : BeanFactory id=35dbfcc9-defe-3d4a-94f0-369bf601bed6
2026-07-03T19:52:24.903-04:00  INFO 29028 --- [ms-disponibilidad] [main] o.s.b.w.embedded.tomcat.TomcatWebServer  : Tomcat initialized with port 8093 (http)
2026-07-03T19:52:24.917-04:00  INFO 29028 --- [ms-disponibilidad] [main] o.apache.catalina.core.StandardService   : Starting service [Tomcat]
2026-07-03T19:52:24.918-04:00  INFO 29028 --- [ms-disponibilidad] [main] o.apache.catalina.core.StandardEngine    : Starting Servlet engine: [Apache Tomcat/10.1.33]
2026-07-03T19:52:25.013-04:00  INFO 29028 --- [ms-disponibilidad] [main] o.a.c.c.C.[Tomcat].[localhost].[/]       : Initializing Spring embedded WebApplicationContext
2026-07-03T19:52:25.014-04:00  INFO 29028 --- [ms-disponibilidad] [main] w.s.c.ServletWebServerApplicationContext : Root WebApplicationContext: initialization completed in 1512 ms
2026-07-03T19:52:25.222-04:00  INFO 29028 --- [ms-disponibilidad] [main] com.zaxxer.hikari.HikariDataSource       : HikariPool-1 - Starting...
2026-07-03T19:52:25.489-04:00  INFO 29028 --- [ms-disponibilidad] [main] com.zaxxer.hikari.pool.HikariPool        : HikariPool-1 - Added connection com.mysql.cj.jdbc.ConnectionImpl@5a90fcaa
2026-07-03T19:52:25.491-04:00  INFO 29028 --- [ms-disponibilidad] [main] com.zaxxer.hikari.HikariDataSource       : HikariPool-1 - Start completed.
2026-07-03T19:52:25.530-04:00  INFO 29028 --- [ms-disponibilidad] [main] org.flywaydb.core.FlywayExecutor         : Database: jdbc:mysql://localhost:3306/ms_disponibilidad (MySQL 8.4)
2026-07-03T19:52:25.543-04:00  WARN 29028 --- [ms-disponibilidad] [main] o.f.c.internal.database.base.Database    : Flyway upgrade recommended: MySQL 8.4 is newer than this version of Flyway and support has not been tested. The latest supported version of MySQL is 8.1.
2026-07-03T19:52:25.569-04:00  INFO 29028 --- [ms-disponibilidad] [main] o.f.c.i.s.JdbcTableSchemaHistory         : Schema history table `ms_disponibilidad`.`flyway_schema_history` does not exist yet
2026-07-03T19:52:25.573-04:00  INFO 29028 --- [ms-disponibilidad] [main] o.f.core.internal.command.DbValidate     : Successfully validated 2 migrations (execution time 00:00.021s)
2026-07-03T19:52:25.594-04:00  INFO 29028 --- [ms-disponibilidad] [main] o.f.c.i.s.JdbcTableSchemaHistory         : Creating Schema History table `ms_disponibilidad`.`flyway_schema_history` ...
2026-07-03T19:52:25.674-04:00  INFO 29028 --- [ms-disponibilidad] [main] o.f.core.internal.command.DbMigrate      : Current version of schema `ms_disponibilidad`: << Empty Schema >>
2026-07-03T19:52:25.686-04:00  INFO 29028 --- [ms-disponibilidad] [main] o.f.core.internal.command.DbMigrate      : Migrating schema `ms_disponibilidad` to version "1 - crear tabla"
2026-07-03T19:52:26.105-04:00  WARN 29028 --- [ms-disponibilidad] [main] o.f.c.i.s.DefaultSqlScriptExecutor       : DB: Integer display width is deprecated and will be removed in a future release. (SQL State: HY000 - Error Code: 1681)
2026-07-03T19:52:26.105-04:00  WARN 29028 --- [ms-disponibilidad] [main] o.f.c.i.s.DefaultSqlScriptExecutor       : DB: Integer display width is deprecated and will be removed in a future release. (SQL State: HY000 - Error Code: 1681)
2026-07-03T19:52:26.105-04:00  WARN 29028 --- [ms-disponibilidad] [main] o.f.c.i.s.DefaultSqlScriptExecutor       : DB: 'utf8' is currently an alias for the character set UTF8MB3, but will be an alias for UTF8MB4 in a future release. Please consider using UTF8MB4 in order to be unambiguous. (SQL State: HY000 - Error Code: 3719)
2026-07-03T19:52:26.106-04:00  WARN 29028 --- [ms-disponibilidad] [main] o.f.c.i.s.DefaultSqlScriptExecutor       : DB: 'utf8mb3_unicode_ci' is a collation of the deprecated character set UTF8MB3. Please consider using UTF8MB4 with an appropriate collation instead. (SQL State: HY000 - Error Code: 3778)
2026-07-03T19:52:26.197-04:00  WARN 29028 --- [ms-disponibilidad] [main] o.f.c.i.s.DefaultSqlScriptExecutor       : DB: Integer display width is deprecated and will be removed in a future release. (SQL State: HY000 - Error Code: 1681)
2026-07-03T19:52:26.226-04:00  INFO 29028 --- [ms-disponibilidad] [main] o.f.core.internal.command.DbMigrate      : Migrating schema `ms_disponibilidad` to version "2 - insert disponibilidad"
2026-07-03T19:52:26.241-04:00 ERROR 29028 --- [ms-disponibilidad] [main] o.f.core.internal.command.DbMigrate      : Migration of schema `ms_disponibilidad` to version "2 - insert disponibilidad" failed! Please restore backups and roll back database and code!
2026-07-03T19:52:26.260-04:00  WARN 29028 --- [ms-disponibilidad] [main] ConfigServletWebServerApplicationContext : Exception encountered during context initialization - cancelling refresh attempt: org.springframework.beans.factory.BeanCreationException: Error creating bean with name 'entityManagerFactory' defined in class path resource [org/springframework/boot/autoconfigure/orm/jpa/HibernateJpaConfiguration.class]: Failed to initialize dependency 'flywayInitializer' of LoadTimeWeaverAware bean 'entityManagerFactory': Error creating bean with name 'flywayInitializer' defined in class path resource [org/springframework/boot/autoconfigure/flyway/FlywayAutoConfiguration$FlywayConfiguration.class]: Script V2__insert_disponibilidad.sql failed
-------------------------------------------
SQL State  : HY000
Error Code : 1364
Message    : Field 'id_servicio' doesn't have a default value
Location   : db/migration/V2__insert_disponibilidad.sql (C:\Users\va-alumno\Desktop\Evaluacion-Semestral\com.ReservaPro\ms-disponibilidad\target\classes\db\migration\V2__insert_disponibilidad.sql)
Line       : 1
Statement  : Run Flyway with -X option to see the actual statement causing the problem

2026-07-03T19:52:26.260-04:00  INFO 29028 --- [ms-disponibilidad] [main] com.zaxxer.hikari.HikariDataSource       : HikariPool-1 - Shutdown initiated...
2026-07-03T19:52:26.270-04:00  INFO 29028 --- [ms-disponibilidad] [main] com.zaxxer.hikari.HikariDataSource       : HikariPool-1 - Shutdown completed.
2026-07-03T19:52:26.273-04:00  INFO 29028 --- [ms-disponibilidad] [main] o.apache.catalina.core.StandardService   : Stopping service [Tomcat]
2026-07-03T19:52:26.287-04:00  INFO 29028 --- [ms-disponibilidad] [main] .s.b.a.l.ConditionEvaluationReportLogger : 

Error starting ApplicationContext. To display the condition evaluation report re-run your application with 'debug' enabled.
2026-07-03T19:52:26.302-04:00 ERROR 29028 --- [ms-disponibilidad] [main] o.s.boot.SpringApplication               : Application run failed

org.springframework.beans.factory.BeanCreationException: Error creating bean with name 'entityManagerFactory' defined in class path resource [org/springframework/boot/autoconfigure/orm/jpa/HibernateJpaConfiguration.class]: Failed to initialize dependency 'flywayInitializer' of LoadTimeWeaverAware bean 'entityManagerFactory': Error creating bean with name 'flywayInitializer' defined in class path resource [org/springframework/boot/autoconfigure/flyway/FlywayAutoConfiguration$FlywayConfiguration.class]: Script V2__insert_disponibilidad.sql failed
-------------------------------------------
SQL State  : HY000
Error Code : 1364
Message    : Field 'id_servicio' doesn't have a default value
Location   : db/migration/V2__insert_disponibilidad.sql (C:\Users\va-alumno\Desktop\Evaluacion-Semestral\com.ReservaPro\ms-disponibilidad\target\classes\db\migration\V2__insert_disponibilidad.sql)
Line       : 1
Statement  : Run Flyway with -X option to see the actual statement causing the problem

	at org.springframework.beans.factory.support.AbstractBeanFactory.doGetBean(AbstractBeanFactory.java:325) ~[spring-beans-6.2.0.jar:6.2.0]
	at org.springframework.beans.factory.support.AbstractBeanFactory.getBean(AbstractBeanFactory.java:204) ~[spring-beans-6.2.0.jar:6.2.0]
	at org.springframework.context.support.AbstractApplicationContext.finishBeanFactoryInitialization(AbstractApplicationContext.java:970) ~[spring-context-6.2.0.jar:6.2.0]
	at org.springframework.context.support.AbstractApplicationContext.refresh(AbstractApplicationContext.java:627) ~[spring-context-6.2.0.jar:6.2.0]
	at org.springframework.boot.web.servlet.context.ServletWebServerApplicationContext.refresh(ServletWebServerApplicationContext.java:146) ~[spring-boot-3.4.0.jar:3.4.0]
	at org.springframework.boot.SpringApplication.refresh(SpringApplication.java:752) ~[spring-boot-3.4.0.jar:3.4.0]
	at org.springframework.boot.SpringApplication.refreshContext(SpringApplication.java:439) ~[spring-boot-3.4.0.jar:3.4.0]
	at org.springframework.boot.SpringApplication.run(SpringApplication.java:318) ~[spring-boot-3.4.0.jar:3.4.0]
	at org.springframework.boot.SpringApplication.run(SpringApplication.java:1361) ~[spring-boot-3.4.0.jar:3.4.0]
	at org.springframework.boot.SpringApplication.run(SpringApplication.java:1350) ~[spring-boot-3.4.0.jar:3.4.0]
	at com.ReservaPro.ms_disponibilidad.MsDisponibilidadApplication.main(MsDisponibilidadApplication.java:14) ~[classes/:na]
Caused by: org.springframework.beans.factory.BeanCreationException: Error creating bean with name 'flywayInitializer' defined in class path resource [org/springframework/boot/autoconfigure/flyway/FlywayAutoConfiguration$FlywayConfiguration.class]: Script V2__insert_disponibilidad.sql failed
-------------------------------------------
SQL State  : HY000
Error Code : 1364
Message    : Field 'id_servicio' doesn't have a default value
Location   : db/migration/V2__insert_disponibilidad.sql (C:\Users\va-alumno\Desktop\Evaluacion-Semestral\com.ReservaPro\ms-disponibilidad\target\classes\db\migration\V2__insert_disponibilidad.sql)
Line       : 1
Statement  : Run Flyway with -X option to see the actual statement causing the problem

	at org.springframework.beans.factory.support.AbstractAutowireCapableBeanFactory.initializeBean(AbstractAutowireCapableBeanFactory.java:1802) ~[spring-beans-6.2.0.jar:6.2.0]
	at org.springframework.beans.factory.support.AbstractAutowireCapableBeanFactory.doCreateBean(AbstractAutowireCapableBeanFactory.java:601) ~[spring-beans-6.2.0.jar:6.2.0]
	at org.springframework.beans.factory.support.AbstractAutowireCapableBeanFactory.createBean(AbstractAutowireCapableBeanFactory.java:523) ~[spring-beans-6.2.0.jar:6.2.0]
	at org.springframework.beans.factory.support.AbstractBeanFactory.lambda$doGetBean$0(AbstractBeanFactory.java:336) ~[spring-beans-6.2.0.jar:6.2.0]
	at org.springframework.beans.factory.support.DefaultSingletonBeanRegistry.getSingleton(DefaultSingletonBeanRegistry.java:288) ~[spring-beans-6.2.0.jar:6.2.0]
	at org.springframework.beans.factory.support.AbstractBeanFactory.doGetBean(AbstractBeanFactory.java:334) ~[spring-beans-6.2.0.jar:6.2.0]
	at org.springframework.beans.factory.support.AbstractBeanFactory.getBean(AbstractBeanFactory.java:199) ~[spring-beans-6.2.0.jar:6.2.0]
	at org.springframework.beans.factory.support.AbstractBeanFactory.doGetBean(AbstractBeanFactory.java:312) ~[spring-beans-6.2.0.jar:6.2.0]
	... 10 common frames omitted
Caused by: org.flywaydb.core.internal.exception.FlywayMigrateException: Script V2__insert_disponibilidad.sql failed
-------------------------------------------
SQL State  : HY000
Error Code : 1364
Message    : Field 'id_servicio' doesn't have a default value
Location   : db/migration/V2__insert_disponibilidad.sql (C:\Users\va-alumno\Desktop\Evaluacion-Semestral\com.ReservaPro\ms-disponibilidad\target\classes\db\migration\V2__insert_disponibilidad.sql)
Line       : 1
Statement  : Run Flyway with -X option to see the actual statement causing the problem

	at org.flywaydb.core.internal.command.DbMigrate.doMigrateGroup(DbMigrate.java:399) ~[flyway-core-10.20.1.jar:na]
	at org.flywaydb.core.internal.command.DbMigrate.lambda$applyMigrations$1(DbMigrate.java:283) ~[flyway-core-10.20.1.jar:na]
	at org.flywaydb.core.internal.jdbc.TransactionalExecutionTemplate.execute(TransactionalExecutionTemplate.java:59) ~[flyway-core-10.20.1.jar:na]
	at org.flywaydb.core.internal.command.DbMigrate.applyMigrations(DbMigrate.java:282) ~[flyway-core-10.20.1.jar:na]
	at org.flywaydb.core.internal.command.DbMigrate.migrateGroup(DbMigrate.java:255) ~[flyway-core-10.20.1.jar:na]
	at org.flywaydb.core.internal.command.DbMigrate.lambda$migrateAll$0(DbMigrate.java:153) ~[flyway-core-10.20.1.jar:na]
	at org.flywaydb.database.mysql.MySQLNamedLockTemplate.execute(MySQLNamedLockTemplate.java:62) ~[flyway-mysql-10.20.1.jar:na]
	at org.flywaydb.database.mysql.MySQLConnection.lock(MySQLConnection.java:159) ~[flyway-mysql-10.20.1.jar:na]
	at org.flywaydb.core.internal.schemahistory.JdbcTableSchemaHistory.lock(JdbcTableSchemaHistory.java:149) ~[flyway-core-10.20.1.jar:na]
	at org.flywaydb.core.internal.command.DbMigrate.migrateAll(DbMigrate.java:153) ~[flyway-core-10.20.1.jar:na]
	at org.flywaydb.core.internal.command.DbMigrate.migrate(DbMigrate.java:104) ~[flyway-core-10.20.1.jar:na]
	at org.flywaydb.core.Flyway.lambda$migrate$1(Flyway.java:230) ~[flyway-core-10.20.1.jar:na]
	at org.flywaydb.core.FlywayExecutor.execute(FlywayExecutor.java:213) ~[flyway-core-10.20.1.jar:na]
	at org.flywaydb.core.Flyway.migrate(Flyway.java:176) ~[flyway-core-10.20.1.jar:na]
	at org.springframework.boot.autoconfigure.flyway.FlywayMigrationInitializer.afterPropertiesSet(FlywayMigrationInitializer.java:66) ~[spring-boot-autoconfigure-3.4.0.jar:3.4.0]
	at org.springframework.beans.factory.support.AbstractAutowireCapableBeanFactory.invokeInitMethods(AbstractAutowireCapableBeanFactory.java:1849) ~[spring-beans-6.2.0.jar:6.2.0]
	at org.springframework.beans.factory.support.AbstractAutowireCapableBeanFactory.initializeBean(AbstractAutowireCapableBeanFactory.java:1798) ~[spring-beans-6.2.0.jar:6.2.0]
	... 17 common frames omitted
Caused by: org.flywaydb.core.internal.sqlscript.FlywaySqlScriptException: Script V2__insert_disponibilidad.sql failed
-------------------------------------------
SQL State  : HY000
Error Code : 1364
Message    : Field 'id_servicio' doesn't have a default value
Location   : db/migration/V2__insert_disponibilidad.sql (C:\Users\va-alumno\Desktop\Evaluacion-Semestral\com.ReservaPro\ms-disponibilidad\target\classes\db\migration\V2__insert_disponibilidad.sql)
Line       : 1
Statement  : Run Flyway with -X option to see the actual statement causing the problem

	at org.flywaydb.core.internal.sqlscript.DefaultSqlScriptExecutor.handleException(DefaultSqlScriptExecutor.java:256) ~[flyway-core-10.20.1.jar:na]
	at org.flywaydb.core.internal.sqlscript.DefaultSqlScriptExecutor.executeStatement(DefaultSqlScriptExecutor.java:217) ~[flyway-core-10.20.1.jar:na]
	at org.flywaydb.core.internal.sqlscript.DefaultSqlScriptExecutor.execute(DefaultSqlScriptExecutor.java:137) ~[flyway-core-10.20.1.jar:na]
	at org.flywaydb.core.internal.resolver.sql.SqlMigrationExecutor.executeOnce(SqlMigrationExecutor.java:75) ~[flyway-core-10.20.1.jar:na]
	at org.flywaydb.core.internal.resolver.sql.SqlMigrationExecutor.lambda$execute$0(SqlMigrationExecutor.java:66) ~[flyway-core-10.20.1.jar:na]
	at org.flywaydb.core.internal.database.DefaultExecutionStrategy.execute(DefaultExecutionStrategy.java:31) ~[flyway-core-10.20.1.jar:na]
	at org.flywaydb.core.internal.resolver.sql.SqlMigrationExecutor.execute(SqlMigrationExecutor.java:65) ~[flyway-core-10.20.1.jar:na]
	at org.flywaydb.core.internal.command.DbMigrate.doMigrateGroup(DbMigrate.java:391) ~[flyway-core-10.20.1.jar:na]
	... 33 common frames omitted
Caused by: java.sql.SQLException: Field 'id_servicio' doesn't have a default value
	at com.mysql.cj.jdbc.exceptions.SQLError.createSQLException(SQLError.java:121) ~[mysql-connector-j-9.1.0.jar:9.1.0]
	at com.mysql.cj.jdbc.exceptions.SQLExceptionsMapping.translateException(SQLExceptionsMapping.java:114) ~[mysql-connector-j-9.1.0.jar:9.1.0]
	at com.mysql.cj.jdbc.StatementImpl.executeInternal(StatementImpl.java:837) ~[mysql-connector-j-9.1.0.jar:9.1.0]
	at com.mysql.cj.jdbc.StatementImpl.execute(StatementImpl.java:685) ~[mysql-connector-j-9.1.0.jar:9.1.0]
	at com.zaxxer.hikari.pool.ProxyStatement.execute(ProxyStatement.java:94) ~[HikariCP-5.1.0.jar:na]
	at com.zaxxer.hikari.pool.HikariProxyStatement.execute(HikariProxyStatement.java) ~[HikariCP-5.1.0.jar:na]
	at org.flywaydb.core.internal.jdbc.JdbcTemplate.executeStatement(JdbcTemplate.java:210) ~[flyway-core-10.20.1.jar:na]
	at org.flywaydb.core.internal.sqlscript.ParsedSqlStatement.execute(ParsedSqlStatement.java:88) ~[flyway-core-10.20.1.jar:na]
	at org.flywaydb.core.internal.sqlscript.DefaultSqlScriptExecutor.executeStatement(DefaultSqlScriptExecutor.java:212) ~[flyway-core-10.20.1.jar:na]
	... 39 common frames omitted

2026-07-03T19:54:51.598-04:00  INFO 18840 --- [ms-disponibilidad] [main] c.R.m.MsDisponibilidadApplication        : Starting MsDisponibilidadApplication using Java 21.0.9 with PID 18840 (C:\Users\va-alumno\Desktop\Evaluacion-Semestral\com.ReservaPro\ms-disponibilidad\target\classes started by VA-Alumno in C:\Users\va-alumno\Desktop\Evaluacion-Semestral)
2026-07-03T19:54:51.600-04:00  INFO 18840 --- [ms-disponibilidad] [main] c.R.m.MsDisponibilidadApplication        : No active profile set, falling back to 1 default profile: "default"
2026-07-03T19:54:52.386-04:00  INFO 18840 --- [ms-disponibilidad] [main] .s.d.r.c.RepositoryConfigurationDelegate : Bootstrapping Spring Data JPA repositories in DEFAULT mode.
2026-07-03T19:54:52.538-04:00  INFO 18840 --- [ms-disponibilidad] [main] .s.d.r.c.RepositoryConfigurationDelegate : Finished Spring Data repository scanning in 143 ms. Found 1 JPA repository interface.
2026-07-03T19:54:52.774-04:00  INFO 18840 --- [ms-disponibilidad] [main] o.s.cloud.context.scope.GenericScope     : BeanFactory id=35dbfcc9-defe-3d4a-94f0-369bf601bed6
2026-07-03T19:54:53.124-04:00  INFO 18840 --- [ms-disponibilidad] [main] o.s.b.w.embedded.tomcat.TomcatWebServer  : Tomcat initialized with port 8093 (http)
2026-07-03T19:54:53.136-04:00  INFO 18840 --- [ms-disponibilidad] [main] o.apache.catalina.core.StandardService   : Starting service [Tomcat]
2026-07-03T19:54:53.136-04:00  INFO 18840 --- [ms-disponibilidad] [main] o.apache.catalina.core.StandardEngine    : Starting Servlet engine: [Apache Tomcat/10.1.33]
2026-07-03T19:54:53.229-04:00  INFO 18840 --- [ms-disponibilidad] [main] o.a.c.c.C.[Tomcat].[localhost].[/]       : Initializing Spring embedded WebApplicationContext
2026-07-03T19:54:53.230-04:00  INFO 18840 --- [ms-disponibilidad] [main] w.s.c.ServletWebServerApplicationContext : Root WebApplicationContext: initialization completed in 1589 ms
2026-07-03T19:54:53.442-04:00  INFO 18840 --- [ms-disponibilidad] [main] com.zaxxer.hikari.HikariDataSource       : HikariPool-1 - Starting...
2026-07-03T19:54:53.722-04:00  INFO 18840 --- [ms-disponibilidad] [main] com.zaxxer.hikari.pool.HikariPool        : HikariPool-1 - Added connection com.mysql.cj.jdbc.ConnectionImpl@5a90fcaa
2026-07-03T19:54:53.724-04:00  INFO 18840 --- [ms-disponibilidad] [main] com.zaxxer.hikari.HikariDataSource       : HikariPool-1 - Start completed.
2026-07-03T19:54:53.764-04:00  INFO 18840 --- [ms-disponibilidad] [main] org.flywaydb.core.FlywayExecutor         : Database: jdbc:mysql://localhost:3306/ms_disponibilidad (MySQL 8.4)
2026-07-03T19:54:53.778-04:00  WARN 18840 --- [ms-disponibilidad] [main] o.f.c.internal.database.base.Database    : Flyway upgrade recommended: MySQL 8.4 is newer than this version of Flyway and support has not been tested. The latest supported version of MySQL is 8.1.
2026-07-03T19:54:53.803-04:00  INFO 18840 --- [ms-disponibilidad] [main] o.f.c.i.s.JdbcTableSchemaHistory         : Schema history table `ms_disponibilidad`.`flyway_schema_history` does not exist yet
2026-07-03T19:54:53.807-04:00  INFO 18840 --- [ms-disponibilidad] [main] o.f.core.internal.command.DbValidate     : Successfully validated 2 migrations (execution time 00:00.019s)
2026-07-03T19:54:53.824-04:00  INFO 18840 --- [ms-disponibilidad] [main] o.f.c.i.s.JdbcTableSchemaHistory         : Creating Schema History table `ms_disponibilidad`.`flyway_schema_history` ...
2026-07-03T19:54:53.897-04:00  INFO 18840 --- [ms-disponibilidad] [main] o.f.core.internal.command.DbMigrate      : Current version of schema `ms_disponibilidad`: << Empty Schema >>
2026-07-03T19:54:53.910-04:00  INFO 18840 --- [ms-disponibilidad] [main] o.f.core.internal.command.DbMigrate      : Migrating schema `ms_disponibilidad` to version "1 - crear tabla"
2026-07-03T19:54:54.340-04:00  WARN 18840 --- [ms-disponibilidad] [main] o.f.c.i.s.DefaultSqlScriptExecutor       : DB: Integer display width is deprecated and will be removed in a future release. (SQL State: HY000 - Error Code: 1681)
2026-07-03T19:54:54.341-04:00  WARN 18840 --- [ms-disponibilidad] [main] o.f.c.i.s.DefaultSqlScriptExecutor       : DB: Integer display width is deprecated and will be removed in a future release. (SQL State: HY000 - Error Code: 1681)
2026-07-03T19:54:54.341-04:00  WARN 18840 --- [ms-disponibilidad] [main] o.f.c.i.s.DefaultSqlScriptExecutor       : DB: 'utf8' is currently an alias for the character set UTF8MB3, but will be an alias for UTF8MB4 in a future release. Please consider using UTF8MB4 in order to be unambiguous. (SQL State: HY000 - Error Code: 3719)
2026-07-03T19:54:54.341-04:00  WARN 18840 --- [ms-disponibilidad] [main] o.f.c.i.s.DefaultSqlScriptExecutor       : DB: 'utf8mb3_unicode_ci' is a collation of the deprecated character set UTF8MB3. Please consider using UTF8MB4 with an appropriate collation instead. (SQL State: HY000 - Error Code: 3778)
2026-07-03T19:54:54.444-04:00  WARN 18840 --- [ms-disponibilidad] [main] o.f.c.i.s.DefaultSqlScriptExecutor       : DB: Integer display width is deprecated and will be removed in a future release. (SQL State: HY000 - Error Code: 1681)
2026-07-03T19:54:54.476-04:00  INFO 18840 --- [ms-disponibilidad] [main] o.f.core.internal.command.DbMigrate      : Migrating schema `ms_disponibilidad` to version "2 - insert disponibilidad"
2026-07-03T19:54:54.501-04:00  INFO 18840 --- [ms-disponibilidad] [main] o.f.core.internal.command.DbMigrate      : Successfully applied 2 migrations to schema `ms_disponibilidad`, now at version v2 (execution time 00:00.543s)
2026-07-03T19:54:54.579-04:00  INFO 18840 --- [ms-disponibilidad] [main] o.hibernate.jpa.internal.util.LogHelper  : HHH000204: Processing PersistenceUnitInfo [name: default]
2026-07-03T19:54:54.635-04:00  INFO 18840 --- [ms-disponibilidad] [main] org.hibernate.Version                    : HHH000412: Hibernate ORM core version 6.6.2.Final
2026-07-03T19:54:54.663-04:00  INFO 18840 --- [ms-disponibilidad] [main] o.h.c.internal.RegionFactoryInitiator    : HHH000026: Second-level cache disabled
2026-07-03T19:54:54.901-04:00  INFO 18840 --- [ms-disponibilidad] [main] o.s.o.j.p.SpringPersistenceUnitInfo      : No LoadTimeWeaver setup: ignoring JPA class transformer
2026-07-03T19:54:54.947-04:00  WARN 18840 --- [ms-disponibilidad] [main] org.hibernate.orm.deprecation            : HHH90000025: MySQLDialect does not need to be specified explicitly using 'hibernate.dialect' (remove the property setting and it will be selected by default)
2026-07-03T19:54:54.959-04:00  INFO 18840 --- [ms-disponibilidad] [main] org.hibernate.orm.connections.pooling    : HHH10001005: Database info:
	Database JDBC URL [Connecting through datasource 'HikariDataSource (HikariPool-1)']
	Database driver: undefined/unknown
	Database version: 8.4.3
	Autocommit mode: undefined/unknown
	Isolation level: undefined/unknown
	Minimum pool size: undefined/unknown
	Maximum pool size: undefined/unknown
2026-07-03T19:54:55.698-04:00  INFO 18840 --- [ms-disponibilidad] [main] o.h.e.t.j.p.i.JtaPlatformInitiator       : HHH000489: No JTA platform available (set 'hibernate.transaction.jta.platform' to enable JTA platform integration)
2026-07-03T19:54:55.726-04:00  INFO 18840 --- [ms-disponibilidad] [main] j.LocalContainerEntityManagerFactoryBean : Initialized JPA EntityManagerFactory for persistence unit 'default'
2026-07-03T19:54:56.092-04:00  WARN 18840 --- [ms-disponibilidad] [main] JpaBaseConfiguration$JpaWebConfiguration : spring.jpa.open-in-view is enabled by default. Therefore, database queries may be performed during view rendering. Explicitly configure spring.jpa.open-in-view to disable this warning
2026-07-03T19:54:57.124-04:00  INFO 18840 --- [ms-disponibilidad] [main] o.s.cloud.commons.util.InetUtils         : Cannot determine local hostname
2026-07-03T19:54:57.175-04:00  INFO 18840 --- [ms-disponibilidad] [main] o.s.c.openfeign.FeignClientFactoryBean   : For 'ms-reserva' URL not provided. Will try picking an instance via load-balancing.
2026-07-03T19:54:58.620-04:00  INFO 18840 --- [ms-disponibilidad] [main] o.s.cloud.commons.util.InetUtils         : Cannot determine local hostname
2026-07-03T19:54:58.642-04:00  INFO 18840 --- [ms-disponibilidad] [main] DiscoveryClientOptionalArgsConfiguration : Eureka HTTP Client uses RestTemplate.
2026-07-03T19:54:58.661-04:00  WARN 18840 --- [ms-disponibilidad] [main] iguration$LoadBalancerCaffeineWarnLogger : Spring Cloud LoadBalancer is currently working with the default cache. While this cache implementation is useful for development and tests, it's recommended to use Caffeine cache in production.You can switch to using Caffeine cache, by adding it and org.springframework.cache.caffeine.CaffeineCacheManager to the classpath.
2026-07-03T19:54:58.684-04:00  INFO 18840 --- [ms-disponibilidad] [main] o.s.c.n.eureka.InstanceInfoFactory       : Setting initial instance status as: STARTING
2026-07-03T19:54:58.705-04:00  INFO 18840 --- [ms-disponibilidad] [main] com.netflix.discovery.DiscoveryClient    : Initializing Eureka in region us-east-1
2026-07-03T19:54:58.709-04:00  INFO 18840 --- [ms-disponibilidad] [main] c.n.d.s.r.aws.ConfigClusterResolver      : Resolving eureka endpoints via configuration
2026-07-03T19:54:58.717-04:00  INFO 18840 --- [ms-disponibilidad] [main] com.netflix.discovery.DiscoveryClient    : Disable delta property : false
2026-07-03T19:54:58.717-04:00  INFO 18840 --- [ms-disponibilidad] [main] com.netflix.discovery.DiscoveryClient    : Single vip registry refresh property : null
2026-07-03T19:54:58.718-04:00  INFO 18840 --- [ms-disponibilidad] [main] com.netflix.discovery.DiscoveryClient    : Force full registry fetch : false
2026-07-03T19:54:58.718-04:00  INFO 18840 --- [ms-disponibilidad] [main] com.netflix.discovery.DiscoveryClient    : Application is null : false
2026-07-03T19:54:58.718-04:00  INFO 18840 --- [ms-disponibilidad] [main] com.netflix.discovery.DiscoveryClient    : Registered Applications size is zero : true
2026-07-03T19:54:58.718-04:00  INFO 18840 --- [ms-disponibilidad] [main] com.netflix.discovery.DiscoveryClient    : Application version is -1: true
2026-07-03T19:54:58.718-04:00  INFO 18840 --- [ms-disponibilidad] [main] com.netflix.discovery.DiscoveryClient    : Getting all instance registry info from the eureka server
2026-07-03T19:54:58.983-04:00  INFO 18840 --- [ms-disponibilidad] [main] com.netflix.discovery.DiscoveryClient    : The response status is 200
2026-07-03T19:54:58.985-04:00  INFO 18840 --- [ms-disponibilidad] [main] com.netflix.discovery.DiscoveryClient    : Starting heartbeat executor: renew interval is: 30
2026-07-03T19:54:58.987-04:00  INFO 18840 --- [ms-disponibilidad] [main] c.n.discovery.InstanceInfoReplicator     : InstanceInfoReplicator onDemand update allowed rate per min is 4
2026-07-03T19:54:58.988-04:00  INFO 18840 --- [ms-disponibilidad] [main] com.netflix.discovery.DiscoveryClient    : Discovery Client initialized at timestamp 1783122898988 with initial instances count: 3
2026-07-03T19:54:58.991-04:00  INFO 18840 --- [ms-disponibilidad] [main] o.s.c.n.e.s.EurekaServiceRegistry        : Registering application MS-DISPONIBILIDAD with eureka with status UP
2026-07-03T19:54:58.992-04:00  INFO 18840 --- [ms-disponibilidad] [main] com.netflix.discovery.DiscoveryClient    : Saw local status change event StatusChangeEvent [timestamp=1783122898992, current=UP, previous=STARTING]
2026-07-03T19:54:58.993-04:00  INFO 18840 --- [ms-disponibilidad] [DiscoveryClient-InstanceInfoReplicator-%d] com.netflix.discovery.DiscoveryClient    : DiscoveryClient_MS-DISPONIBILIDAD/localhost:ms-disponibilidad:8093: registering service...
2026-07-03T19:54:59.017-04:00  INFO 18840 --- [ms-disponibilidad] [main] o.s.b.w.embedded.tomcat.TomcatWebServer  : Tomcat started on port 8093 (http) with context path '/'
2026-07-03T19:54:59.018-04:00  INFO 18840 --- [ms-disponibilidad] [main] .s.c.n.e.s.EurekaAutoServiceRegistration : Updating port to 8093
2026-07-03T19:54:59.022-04:00  INFO 18840 --- [ms-disponibilidad] [DiscoveryClient-InstanceInfoReplicator-%d] com.netflix.discovery.DiscoveryClient    : DiscoveryClient_MS-DISPONIBILIDAD/localhost:ms-disponibilidad:8093 - registration status: 204
2026-07-03T19:55:00.034-04:00  INFO 18840 --- [ms-disponibilidad] [main] o.s.cloud.commons.util.InetUtils         : Cannot determine local hostname
2026-07-03T19:55:00.043-04:00  INFO 18840 --- [ms-disponibilidad] [main] c.R.m.MsDisponibilidadApplication        : Started MsDisponibilidadApplication in 9.926 seconds (process running for 10.634)
2026-07-03T19:59:58.724-04:00  INFO 18840 --- [ms-disponibilidad] [AsyncResolver-bootstrap-executor-%d] c.n.d.s.r.aws.ConfigClusterResolver      : Resolving eureka endpoints via configuration
2026-07-03T20:04:58.737-04:00  INFO 18840 --- [ms-disponibilidad] [AsyncResolver-bootstrap-executor-%d] c.n.d.s.r.aws.ConfigClusterResolver      : Resolving eureka endpoints via configuration
2026-07-03T20:09:58.742-04:00  INFO 18840 --- [ms-disponibilidad] [AsyncResolver-bootstrap-executor-%d] c.n.d.s.r.aws.ConfigClusterResolver      : Resolving eureka endpoints via configuration
2026-07-03T20:14:58.751-04:00  INFO 18840 --- [ms-disponibilidad] [AsyncResolver-bootstrap-executor-%d] c.n.d.s.r.aws.ConfigClusterResolver      : Resolving eureka endpoints via configuration
2026-07-03T20:19:58.766-04:00  INFO 18840 --- [ms-disponibilidad] [AsyncResolver-bootstrap-executor-%d] c.n.d.s.r.aws.ConfigClusterResolver      : Resolving eureka endpoints via configuration
