2026-06-24T20:03:52.711-04:00  INFO 37240 --- [ms-reserva] [main] c.R.ms_reserva.MsReservaApplication      : Starting MsReservaApplication using Java 25.0.3 with PID 37240 (C:\Users\va-alumno\Desktop\Evaluacion-Semestral\com.ReservaPro\ms-reserva\target\classes started by VA-Alumno in C:\Users\va-alumno\Desktop\Evaluacion-Semestral)
2026-06-24T20:03:52.714-04:00 DEBUG 37240 --- [ms-reserva] [main] c.R.ms_reserva.MsReservaApplication      : Running with Spring Boot v3.5.6, Spring v6.2.11
2026-06-24T20:03:52.738-04:00  INFO 37240 --- [ms-reserva] [main] c.R.ms_reserva.MsReservaApplication      : No active profile set, falling back to 1 default profile: "default"
2026-06-24T20:03:53.957-04:00  INFO 37240 --- [ms-reserva] [main] .s.d.r.c.RepositoryConfigurationDelegate : Bootstrapping Spring Data JPA repositories in DEFAULT mode.
2026-06-24T20:03:54.145-04:00  INFO 37240 --- [ms-reserva] [main] .s.d.r.c.RepositoryConfigurationDelegate : Finished Spring Data repository scanning in 177 ms. Found 1 JPA repository interface.
2026-06-24T20:03:54.420-04:00  INFO 37240 --- [ms-reserva] [main] o.s.cloud.context.scope.GenericScope     : BeanFactory id=9271f2cc-cdad-31d9-a92e-311636f2b821
2026-06-24T20:03:54.875-04:00  INFO 37240 --- [ms-reserva] [main] o.s.b.w.embedded.tomcat.TomcatWebServer  : Tomcat initialized with port 8086 (http)
2026-06-24T20:03:54.894-04:00  INFO 37240 --- [ms-reserva] [main] o.apache.catalina.core.StandardService   : Starting service [Tomcat]
2026-06-24T20:03:54.895-04:00  INFO 37240 --- [ms-reserva] [main] o.apache.catalina.core.StandardEngine    : Starting Servlet engine: [Apache Tomcat/10.1.46]
2026-06-24T20:03:55.049-04:00  INFO 37240 --- [ms-reserva] [main] o.a.c.c.C.[Tomcat].[localhost].[/]       : Initializing Spring embedded WebApplicationContext
2026-06-24T20:03:55.050-04:00  INFO 37240 --- [ms-reserva] [main] w.s.c.ServletWebServerApplicationContext : Root WebApplicationContext: initialization completed in 2259 ms
2026-06-24T20:03:55.516-04:00  INFO 37240 --- [ms-reserva] [main] com.zaxxer.hikari.HikariDataSource       : HikariPool-1 - Starting...
2026-06-24T20:03:55.833-04:00  INFO 37240 --- [ms-reserva] [main] com.zaxxer.hikari.pool.HikariPool        : HikariPool-1 - Added connection com.mysql.cj.jdbc.ConnectionImpl@390a7532
2026-06-24T20:03:55.836-04:00  INFO 37240 --- [ms-reserva] [main] com.zaxxer.hikari.HikariDataSource       : HikariPool-1 - Start completed.
2026-06-24T20:03:55.900-04:00  INFO 37240 --- [ms-reserva] [main] org.flywaydb.core.FlywayExecutor         : Database: jdbc:mysql://localhost:3306/ms_reserva (MySQL 8.4)
2026-06-24T20:03:55.947-04:00  WARN 37240 --- [ms-reserva] [main] o.f.c.internal.database.base.Database    : Flyway upgrade recommended: MySQL 8.4 is newer than this version of Flyway and support has not been tested. The latest supported version of MySQL is 8.1.
2026-06-24T20:03:55.980-04:00  INFO 37240 --- [ms-reserva] [main] o.f.c.i.s.JdbcTableSchemaHistory         : Schema history table `ms_reserva`.`flyway_schema_history` does not exist yet
2026-06-24T20:03:55.986-04:00  INFO 37240 --- [ms-reserva] [main] o.f.core.internal.command.DbValidate     : Successfully validated 0 migrations (execution time 00:00.020s)
2026-06-24T20:03:55.986-04:00  WARN 37240 --- [ms-reserva] [main] o.f.core.internal.command.DbValidate     : No migrations found. Are your locations set up correctly?
2026-06-24T20:03:56.032-04:00  INFO 37240 --- [ms-reserva] [main] org.flywaydb.core.Flyway                 : All configured schemas are empty; baseline operation skipped. A baseline or migration script with a lower version than the baseline version may execute if available. Check the Schemas parameter if this is not intended.
2026-06-24T20:03:56.043-04:00  INFO 37240 --- [ms-reserva] [main] o.f.c.i.s.JdbcTableSchemaHistory         : Creating Schema History table `ms_reserva`.`flyway_schema_history` ...
2026-06-24T20:03:56.207-04:00  INFO 37240 --- [ms-reserva] [main] o.f.core.internal.command.DbMigrate      : Current version of schema `ms_reserva`: << Empty Schema >>
2026-06-24T20:03:56.212-04:00  INFO 37240 --- [ms-reserva] [main] o.f.core.internal.command.DbMigrate      : Schema `ms_reserva` is up to date. No migration necessary.
2026-06-24T20:03:56.288-04:00  INFO 37240 --- [ms-reserva] [main] o.hibernate.jpa.internal.util.LogHelper  : HHH000204: Processing PersistenceUnitInfo [name: default]
2026-06-24T20:03:56.334-04:00  INFO 37240 --- [ms-reserva] [main] org.hibernate.Version                    : HHH000412: Hibernate ORM core version 6.6.29.Final
2026-06-24T20:03:56.366-04:00  INFO 37240 --- [ms-reserva] [main] o.h.c.internal.RegionFactoryInitiator    : HHH000026: Second-level cache disabled
2026-06-24T20:03:56.618-04:00  INFO 37240 --- [ms-reserva] [main] o.s.o.j.p.SpringPersistenceUnitInfo      : No LoadTimeWeaver setup: ignoring JPA class transformer
2026-06-24T20:03:56.668-04:00  WARN 37240 --- [ms-reserva] [main] org.hibernate.orm.deprecation            : HHH90000025: MySQLDialect does not need to be specified explicitly using 'hibernate.dialect' (remove the property setting and it will be selected by default)
2026-06-24T20:03:56.688-04:00  INFO 37240 --- [ms-reserva] [main] org.hibernate.orm.connections.pooling    : HHH10001005: Database info:
	Database JDBC URL [Connecting through datasource 'HikariDataSource (HikariPool-1)']
	Database driver: undefined/unknown
	Database version: 8.4.3
	Autocommit mode: undefined/unknown
	Isolation level: undefined/unknown
	Minimum pool size: undefined/unknown
	Maximum pool size: undefined/unknown
2026-06-24T20:03:57.490-04:00  INFO 37240 --- [ms-reserva] [main] o.h.e.t.j.p.i.JtaPlatformInitiator       : HHH000489: No JTA platform available (set 'hibernate.transaction.jta.platform' to enable JTA platform integration)
2026-06-24T20:03:57.528-04:00 ERROR 37240 --- [ms-reserva] [main] j.LocalContainerEntityManagerFactoryBean : Failed to initialize JPA EntityManagerFactory: [PersistenceUnit: default] Unable to build Hibernate SessionFactory; nested exception is org.hibernate.tool.schema.spi.SchemaManagementException: Schema-validation: missing table [reserva]
2026-06-24T20:03:57.528-04:00  WARN 37240 --- [ms-reserva] [main] ConfigServletWebServerApplicationContext : Exception encountered during context initialization - cancelling refresh attempt: org.springframework.beans.factory.BeanCreationException: Error creating bean with name 'entityManagerFactory' defined in class path resource [org/springframework/boot/autoconfigure/orm/jpa/HibernateJpaConfiguration.class]: [PersistenceUnit: default] Unable to build Hibernate SessionFactory; nested exception is org.hibernate.tool.schema.spi.SchemaManagementException: Schema-validation: missing table [reserva]
2026-06-24T20:03:57.530-04:00  INFO 37240 --- [ms-reserva] [main] com.zaxxer.hikari.HikariDataSource       : HikariPool-1 - Shutdown initiated...
2026-06-24T20:03:57.541-04:00  INFO 37240 --- [ms-reserva] [main] com.zaxxer.hikari.HikariDataSource       : HikariPool-1 - Shutdown completed.
2026-06-24T20:03:57.545-04:00  INFO 37240 --- [ms-reserva] [main] o.apache.catalina.core.StandardService   : Stopping service [Tomcat]
2026-06-24T20:03:57.571-04:00  INFO 37240 --- [ms-reserva] [main] .s.b.a.l.ConditionEvaluationReportLogger : 

Error starting ApplicationContext. To display the condition evaluation report re-run your application with 'debug' enabled.
2026-06-24T20:03:57.593-04:00 ERROR 37240 --- [ms-reserva] [main] o.s.boot.SpringApplication               : Application run failed

org.springframework.beans.factory.BeanCreationException: Error creating bean with name 'entityManagerFactory' defined in class path resource [org/springframework/boot/autoconfigure/orm/jpa/HibernateJpaConfiguration.class]: [PersistenceUnit: default] Unable to build Hibernate SessionFactory; nested exception is org.hibernate.tool.schema.spi.SchemaManagementException: Schema-validation: missing table [reserva]
	at org.springframework.beans.factory.support.AbstractAutowireCapableBeanFactory.initializeBean(AbstractAutowireCapableBeanFactory.java:1826) ~[spring-beans-6.2.11.jar:6.2.11]
	at org.springframework.beans.factory.support.AbstractAutowireCapableBeanFactory.doCreateBean(AbstractAutowireCapableBeanFactory.java:607) ~[spring-beans-6.2.11.jar:6.2.11]
	at org.springframework.beans.factory.support.AbstractAutowireCapableBeanFactory.createBean(AbstractAutowireCapableBeanFactory.java:529) ~[spring-beans-6.2.11.jar:6.2.11]
	at org.springframework.beans.factory.support.AbstractBeanFactory.lambda$doGetBean$0(AbstractBeanFactory.java:339) ~[spring-beans-6.2.11.jar:6.2.11]
	at org.springframework.beans.factory.support.DefaultSingletonBeanRegistry.getSingleton(DefaultSingletonBeanRegistry.java:373) ~[spring-beans-6.2.11.jar:6.2.11]
	at org.springframework.beans.factory.support.AbstractBeanFactory.doGetBean(AbstractBeanFactory.java:337) ~[spring-beans-6.2.11.jar:6.2.11]
	at org.springframework.beans.factory.support.AbstractBeanFactory.getBean(AbstractBeanFactory.java:207) ~[spring-beans-6.2.11.jar:6.2.11]
	at org.springframework.context.support.AbstractApplicationContext.finishBeanFactoryInitialization(AbstractApplicationContext.java:970) ~[spring-context-6.2.11.jar:6.2.11]
	at org.springframework.context.support.AbstractApplicationContext.refresh(AbstractApplicationContext.java:627) ~[spring-context-6.2.11.jar:6.2.11]
	at org.springframework.boot.web.servlet.context.ServletWebServerApplicationContext.refresh(ServletWebServerApplicationContext.java:146) ~[spring-boot-3.5.6.jar:3.5.6]
	at org.springframework.boot.SpringApplication.refresh(SpringApplication.java:752) ~[spring-boot-3.5.6.jar:3.5.6]
	at org.springframework.boot.SpringApplication.refreshContext(SpringApplication.java:439) ~[spring-boot-3.5.6.jar:3.5.6]
	at org.springframework.boot.SpringApplication.run(SpringApplication.java:318) ~[spring-boot-3.5.6.jar:3.5.6]
	at org.springframework.boot.SpringApplication.run(SpringApplication.java:1361) ~[spring-boot-3.5.6.jar:3.5.6]
	at org.springframework.boot.SpringApplication.run(SpringApplication.java:1350) ~[spring-boot-3.5.6.jar:3.5.6]
	at com.ReservaPro.ms_reserva.MsReservaApplication.main(MsReservaApplication.java:14) ~[classes/:na]
Caused by: jakarta.persistence.PersistenceException: [PersistenceUnit: default] Unable to build Hibernate SessionFactory; nested exception is org.hibernate.tool.schema.spi.SchemaManagementException: Schema-validation: missing table [reserva]
	at org.springframework.orm.jpa.AbstractEntityManagerFactoryBean.buildNativeEntityManagerFactory(AbstractEntityManagerFactoryBean.java:431) ~[spring-orm-6.2.11.jar:6.2.11]
	at org.springframework.orm.jpa.AbstractEntityManagerFactoryBean.afterPropertiesSet(AbstractEntityManagerFactoryBean.java:400) ~[spring-orm-6.2.11.jar:6.2.11]
	at org.springframework.orm.jpa.LocalContainerEntityManagerFactoryBean.afterPropertiesSet(LocalContainerEntityManagerFactoryBean.java:366) ~[spring-orm-6.2.11.jar:6.2.11]
	at org.springframework.beans.factory.support.AbstractAutowireCapableBeanFactory.invokeInitMethods(AbstractAutowireCapableBeanFactory.java:1873) ~[spring-beans-6.2.11.jar:6.2.11]
	at org.springframework.beans.factory.support.AbstractAutowireCapableBeanFactory.initializeBean(AbstractAutowireCapableBeanFactory.java:1822) ~[spring-beans-6.2.11.jar:6.2.11]
	... 15 common frames omitted
Caused by: org.hibernate.tool.schema.spi.SchemaManagementException: Schema-validation: missing table [reserva]
	at org.hibernate.tool.schema.internal.AbstractSchemaValidator.validateTable(AbstractSchemaValidator.java:136) ~[hibernate-core-6.6.29.Final.jar:6.6.29.Final]
	at org.hibernate.tool.schema.internal.GroupedSchemaValidatorImpl.validateTables(GroupedSchemaValidatorImpl.java:46) ~[hibernate-core-6.6.29.Final.jar:6.6.29.Final]
	at org.hibernate.tool.schema.internal.AbstractSchemaValidator.performValidation(AbstractSchemaValidator.java:99) ~[hibernate-core-6.6.29.Final.jar:6.6.29.Final]
	at org.hibernate.tool.schema.internal.AbstractSchemaValidator.doValidation(AbstractSchemaValidator.java:77) ~[hibernate-core-6.6.29.Final.jar:6.6.29.Final]
	at org.hibernate.tool.schema.spi.SchemaManagementToolCoordinator.performDatabaseAction(SchemaManagementToolCoordinator.java:289) ~[hibernate-core-6.6.29.Final.jar:6.6.29.Final]
	at org.hibernate.tool.schema.spi.SchemaManagementToolCoordinator.lambda$process$5(SchemaManagementToolCoordinator.java:144) ~[hibernate-core-6.6.29.Final.jar:6.6.29.Final]
	at java.base/java.util.HashMap.forEach(HashMap.java:1430) ~[na:na]
	at org.hibernate.tool.schema.spi.SchemaManagementToolCoordinator.process(SchemaManagementToolCoordinator.java:141) ~[hibernate-core-6.6.29.Final.jar:6.6.29.Final]
	at org.hibernate.boot.internal.SessionFactoryObserverForSchemaExport.sessionFactoryCreated(SessionFactoryObserverForSchemaExport.java:37) ~[hibernate-core-6.6.29.Final.jar:6.6.29.Final]
	at org.hibernate.internal.SessionFactoryObserverChain.sessionFactoryCreated(SessionFactoryObserverChain.java:35) ~[hibernate-core-6.6.29.Final.jar:6.6.29.Final]
	at org.hibernate.internal.SessionFactoryImpl.<init>(SessionFactoryImpl.java:324) ~[hibernate-core-6.6.29.Final.jar:6.6.29.Final]
	at org.hibernate.boot.internal.SessionFactoryBuilderImpl.build(SessionFactoryBuilderImpl.java:463) ~[hibernate-core-6.6.29.Final.jar:6.6.29.Final]
	at org.hibernate.jpa.boot.internal.EntityManagerFactoryBuilderImpl.build(EntityManagerFactoryBuilderImpl.java:1517) ~[hibernate-core-6.6.29.Final.jar:6.6.29.Final]
	at org.springframework.orm.jpa.vendor.SpringHibernateJpaPersistenceProvider.createContainerEntityManagerFactory(SpringHibernateJpaPersistenceProvider.java:66) ~[spring-orm-6.2.11.jar:6.2.11]
	at org.springframework.orm.jpa.LocalContainerEntityManagerFactoryBean.createNativeEntityManagerFactory(LocalContainerEntityManagerFactoryBean.java:390) ~[spring-orm-6.2.11.jar:6.2.11]
	at org.springframework.orm.jpa.AbstractEntityManagerFactoryBean.buildNativeEntityManagerFactory(AbstractEntityManagerFactoryBean.java:419) ~[spring-orm-6.2.11.jar:6.2.11]
	... 19 common frames omitted

