2026-06-10T20:54:23.073-04:00  INFO 28144 --- [ms-notificacion] [main] c.R.m.MsNotificacionApplication          : Starting MsNotificacionApplication using Java 21.0.9 with PID 28144 (C:\Users\va-alumno\Documents\GitHub\Evaluacion-Semestral\com.ReservaPro\ms-notificacion\target\classes started by VA-Alumno in C:\Users\va-alumno\Documents\GitHub\Evaluacion-Semestral\com.ReservaPro\ms-notificacion)
2026-06-10T20:54:23.075-04:00  INFO 28144 --- [ms-notificacion] [main] c.R.m.MsNotificacionApplication          : No active profile set, falling back to 1 default profile: "default"
2026-06-10T20:54:23.476-04:00  INFO 28144 --- [ms-notificacion] [main] .s.d.r.c.RepositoryConfigurationDelegate : Bootstrapping Spring Data JPA repositories in DEFAULT mode.
2026-06-10T20:54:23.504-04:00  INFO 28144 --- [ms-notificacion] [main] .s.d.r.c.RepositoryConfigurationDelegate : Finished Spring Data repository scanning in 22 ms. Found 1 JPA repository interface.
2026-06-10T20:54:23.585-04:00  INFO 28144 --- [ms-notificacion] [main] o.s.cloud.context.scope.GenericScope     : BeanFactory id=15bc51f8-488b-34b3-b59a-9efa54f92fe6
2026-06-10T20:54:23.756-04:00  INFO 28144 --- [ms-notificacion] [main] o.s.b.w.embedded.tomcat.TomcatWebServer  : Tomcat initialized with port 8081 (http)
2026-06-10T20:54:23.764-04:00  INFO 28144 --- [ms-notificacion] [main] o.apache.catalina.core.StandardService   : Starting service [Tomcat]
2026-06-10T20:54:23.764-04:00  INFO 28144 --- [ms-notificacion] [main] o.apache.catalina.core.StandardEngine    : Starting Servlet engine: [Apache Tomcat/10.1.33]
2026-06-10T20:54:23.802-04:00  INFO 28144 --- [ms-notificacion] [main] o.a.c.c.C.[Tomcat].[localhost].[/]       : Initializing Spring embedded WebApplicationContext
2026-06-10T20:54:23.802-04:00  INFO 28144 --- [ms-notificacion] [main] w.s.c.ServletWebServerApplicationContext : Root WebApplicationContext: initialization completed in 698 ms
2026-06-10T20:54:23.871-04:00  INFO 28144 --- [ms-notificacion] [main] o.hibernate.jpa.internal.util.LogHelper  : HHH000204: Processing PersistenceUnitInfo [name: default]
2026-06-10T20:54:23.894-04:00  INFO 28144 --- [ms-notificacion] [main] org.hibernate.Version                    : HHH000412: Hibernate ORM core version 6.6.2.Final
2026-06-10T20:54:23.908-04:00  INFO 28144 --- [ms-notificacion] [main] o.h.c.internal.RegionFactoryInitiator    : HHH000026: Second-level cache disabled
2026-06-10T20:54:24.040-04:00  INFO 28144 --- [ms-notificacion] [main] o.s.o.j.p.SpringPersistenceUnitInfo      : No LoadTimeWeaver setup: ignoring JPA class transformer
2026-06-10T20:54:24.055-04:00  INFO 28144 --- [ms-notificacion] [main] com.zaxxer.hikari.HikariDataSource       : HikariPool-1 - Starting...
2026-06-10T20:54:24.216-04:00  INFO 28144 --- [ms-notificacion] [main] com.zaxxer.hikari.pool.HikariPool        : HikariPool-1 - Added connection com.mysql.cj.jdbc.ConnectionImpl@5d22604e
2026-06-10T20:54:24.217-04:00  INFO 28144 --- [ms-notificacion] [main] com.zaxxer.hikari.HikariDataSource       : HikariPool-1 - Start completed.
2026-06-10T20:54:24.257-04:00  INFO 28144 --- [ms-notificacion] [main] org.hibernate.orm.connections.pooling    : HHH10001005: Database info:
	Database JDBC URL [Connecting through datasource 'HikariDataSource (HikariPool-1)']
	Database driver: undefined/unknown
	Database version: 8.4.3
	Autocommit mode: undefined/unknown
	Isolation level: undefined/unknown
	Minimum pool size: undefined/unknown
	Maximum pool size: undefined/unknown
2026-06-10T20:54:24.647-04:00  INFO 28144 --- [ms-notificacion] [main] o.h.e.t.j.p.i.JtaPlatformInitiator       : HHH000489: No JTA platform available (set 'hibernate.transaction.jta.platform' to enable JTA platform integration)
2026-06-10T20:54:24.674-04:00  INFO 28144 --- [ms-notificacion] [main] j.LocalContainerEntityManagerFactoryBean : Initialized JPA EntityManagerFactory for persistence unit 'default'
2026-06-10T20:54:24.831-04:00  WARN 28144 --- [ms-notificacion] [main] JpaBaseConfiguration$JpaWebConfiguration : spring.jpa.open-in-view is enabled by default. Therefore, database queries may be performed during view rendering. Explicitly configure spring.jpa.open-in-view to disable this warning
2026-06-10T20:54:26.053-04:00  INFO 28144 --- [ms-notificacion] [main] o.s.cloud.commons.util.InetUtils         : Cannot determine local hostname
2026-06-10T20:54:26.083-04:00  INFO 28144 --- [ms-notificacion] [main] o.s.b.w.embedded.tomcat.TomcatWebServer  : Tomcat started on port 8081 (http) with context path '/'
2026-06-10T20:54:27.096-04:00  INFO 28144 --- [ms-notificacion] [main] o.s.cloud.commons.util.InetUtils         : Cannot determine local hostname
2026-06-10T20:54:27.104-04:00  INFO 28144 --- [ms-notificacion] [main] c.R.m.MsNotificacionApplication          : Started MsNotificacionApplication in 5.272 seconds (process running for 5.561)
