2026-06-29T02:49:10.767-04:00  INFO 19976 --- [ms-reserva] [main] c.R.ms_reserva.MsReservaApplication      : Starting MsReservaApplication using Java 17.0.19 with PID 19976 (C:\Users\maldo\Desktop\Evaluacion-Semestral\com.ReservaPro\ms-reserva\target\classes started by maldo in C:\Users\maldo\Desktop\Evaluacion-Semestral\com.ReservaPro)
2026-06-29T02:49:10.780-04:00  INFO 19976 --- [ms-reserva] [main] c.R.ms_reserva.MsReservaApplication      : No active profile set, falling back to 1 default profile: "default"
2026-06-29T02:49:13.063-04:00  INFO 19976 --- [ms-reserva] [main] .s.d.r.c.RepositoryConfigurationDelegate : Bootstrapping Spring Data JPA repositories in DEFAULT mode.
2026-06-29T02:49:13.451-04:00  INFO 19976 --- [ms-reserva] [main] .s.d.r.c.RepositoryConfigurationDelegate : Finished Spring Data repository scanning in 365 ms. Found 1 JPA repository interface.
2026-06-29T02:49:14.047-04:00  INFO 19976 --- [ms-reserva] [main] o.s.cloud.context.scope.GenericScope     : BeanFactory id=31277e02-828e-3b39-856b-995c3286a4c5
2026-06-29T02:49:14.958-04:00  INFO 19976 --- [ms-reserva] [main] o.s.b.w.embedded.tomcat.TomcatWebServer  : Tomcat initialized with port 8086 (http)
2026-06-29T02:49:14.991-04:00  INFO 19976 --- [ms-reserva] [main] o.apache.catalina.core.StandardService   : Starting service [Tomcat]
2026-06-29T02:49:14.992-04:00  INFO 19976 --- [ms-reserva] [main] o.apache.catalina.core.StandardEngine    : Starting Servlet engine: [Apache Tomcat/10.1.33]
2026-06-29T02:49:15.180-04:00  INFO 19976 --- [ms-reserva] [main] o.a.c.c.C.[Tomcat].[localhost].[/]       : Initializing Spring embedded WebApplicationContext
2026-06-29T02:49:15.182-04:00  INFO 19976 --- [ms-reserva] [main] w.s.c.ServletWebServerApplicationContext : Root WebApplicationContext: initialization completed in 4231 ms
2026-06-29T02:49:15.706-04:00  INFO 19976 --- [ms-reserva] [main] com.zaxxer.hikari.HikariDataSource       : HikariPool-1 - Starting...
2026-06-29T02:49:16.427-04:00  INFO 19976 --- [ms-reserva] [main] com.zaxxer.hikari.pool.HikariPool        : HikariPool-1 - Added connection com.mysql.cj.jdbc.ConnectionImpl@3e39f08c
2026-06-29T02:49:16.432-04:00  INFO 19976 --- [ms-reserva] [main] com.zaxxer.hikari.HikariDataSource       : HikariPool-1 - Start completed.
2026-06-29T02:49:16.587-04:00  INFO 19976 --- [ms-reserva] [main] org.flywaydb.core.FlywayExecutor         : Database: jdbc:mysql://localhost:3306/ms-reserva (MySQL 8.4)
2026-06-29T02:49:16.665-04:00  WARN 19976 --- [ms-reserva] [main] o.f.c.internal.database.base.Database    : Flyway upgrade recommended: MySQL 8.4 is newer than this version of Flyway and support has not been tested. The latest supported version of MySQL is 8.1.
2026-06-29T02:49:16.751-04:00  INFO 19976 --- [ms-reserva] [main] o.f.c.i.s.JdbcTableSchemaHistory         : Schema history table `ms-reserva`.`flyway_schema_history` does not exist yet
2026-06-29T02:49:16.758-04:00  INFO 19976 --- [ms-reserva] [main] o.f.core.internal.command.DbValidate     : Successfully validated 0 migrations (execution time 00:00.059s)
2026-06-29T02:49:16.759-04:00  WARN 19976 --- [ms-reserva] [main] o.f.core.internal.command.DbValidate     : No migrations found. Are your locations set up correctly?
2026-06-29T02:49:16.864-04:00  INFO 19976 --- [ms-reserva] [main] o.f.c.i.s.JdbcTableSchemaHistory         : Creating Schema History table `ms-reserva`.`flyway_schema_history` ...
2026-06-29T02:49:17.237-04:00  INFO 19976 --- [ms-reserva] [main] o.f.core.internal.command.DbMigrate      : Current version of schema `ms-reserva`: << Empty Schema >>
2026-06-29T02:49:17.249-04:00  INFO 19976 --- [ms-reserva] [main] o.f.core.internal.command.DbMigrate      : Schema `ms-reserva` is up to date. No migration necessary.
2026-06-29T02:49:17.450-04:00  INFO 19976 --- [ms-reserva] [main] o.hibernate.jpa.internal.util.LogHelper  : HHH000204: Processing PersistenceUnitInfo [name: default]
2026-06-29T02:49:17.609-04:00  INFO 19976 --- [ms-reserva] [main] org.hibernate.Version                    : HHH000412: Hibernate ORM core version 6.6.2.Final
2026-06-29T02:49:17.715-04:00  INFO 19976 --- [ms-reserva] [main] o.h.c.internal.RegionFactoryInitiator    : HHH000026: Second-level cache disabled
2026-06-29T02:49:18.355-04:00  INFO 19976 --- [ms-reserva] [main] o.s.o.j.p.SpringPersistenceUnitInfo      : No LoadTimeWeaver setup: ignoring JPA class transformer
2026-06-29T02:49:18.496-04:00  WARN 19976 --- [ms-reserva] [main] org.hibernate.orm.deprecation            : HHH90000025: MySQLDialect does not need to be specified explicitly using 'hibernate.dialect' (remove the property setting and it will be selected by default)
2026-06-29T02:49:18.531-04:00  INFO 19976 --- [ms-reserva] [main] org.hibernate.orm.connections.pooling    : HHH10001005: Database info:
	Database JDBC URL [Connecting through datasource 'HikariDataSource (HikariPool-1)']
	Database driver: undefined/unknown
	Database version: 8.4.3
	Autocommit mode: undefined/unknown
	Isolation level: undefined/unknown
	Minimum pool size: undefined/unknown
	Maximum pool size: undefined/unknown
2026-06-29T02:49:20.512-04:00  INFO 19976 --- [ms-reserva] [main] o.h.e.t.j.p.i.JtaPlatformInitiator       : HHH000489: No JTA platform available (set 'hibernate.transaction.jta.platform' to enable JTA platform integration)
2026-06-29T02:49:20.593-04:00 ERROR 19976 --- [ms-reserva] [main] j.LocalContainerEntityManagerFactoryBean : Failed to initialize JPA EntityManagerFactory: [PersistenceUnit: default] Unable to build Hibernate SessionFactory; nested exception is org.hibernate.tool.schema.spi.SchemaManagementException: Schema-validation: missing table [reserva]
2026-06-29T02:49:20.595-04:00  WARN 19976 --- [ms-reserva] [main] ConfigServletWebServerApplicationContext : Exception encountered during context initialization - cancelling refresh attempt: org.springframework.beans.factory.BeanCreationException: Error creating bean with name 'entityManagerFactory' defined in class path resource [org/springframework/boot/autoconfigure/orm/jpa/HibernateJpaConfiguration.class]: [PersistenceUnit: default] Unable to build Hibernate SessionFactory; nested exception is org.hibernate.tool.schema.spi.SchemaManagementException: Schema-validation: missing table [reserva]
2026-06-29T02:49:20.595-04:00  INFO 19976 --- [ms-reserva] [main] com.zaxxer.hikari.HikariDataSource       : HikariPool-1 - Shutdown initiated...
2026-06-29T02:49:20.621-04:00  INFO 19976 --- [ms-reserva] [main] com.zaxxer.hikari.HikariDataSource       : HikariPool-1 - Shutdown completed.
2026-06-29T02:49:20.626-04:00  INFO 19976 --- [ms-reserva] [main] o.apache.catalina.core.StandardService   : Stopping service [Tomcat]
2026-06-29T02:49:20.655-04:00  INFO 19976 --- [ms-reserva] [main] .s.b.a.l.ConditionEvaluationReportLogger : 

Error starting ApplicationContext. To display the condition evaluation report re-run your application with 'debug' enabled.
2026-06-29T02:49:20.692-04:00 ERROR 19976 --- [ms-reserva] [main] o.s.boot.SpringApplication               : Application run failed

org.springframework.beans.factory.BeanCreationException: Error creating bean with name 'entityManagerFactory' defined in class path resource [org/springframework/boot/autoconfigure/orm/jpa/HibernateJpaConfiguration.class]: [PersistenceUnit: default] Unable to build Hibernate SessionFactory; nested exception is org.hibernate.tool.schema.spi.SchemaManagementException: Schema-validation: missing table [reserva]
	at org.springframework.beans.factory.support.AbstractAutowireCapableBeanFactory.initializeBean(AbstractAutowireCapableBeanFactory.java:1802) ~[spring-beans-6.2.0.jar:6.2.0]
	at org.springframework.beans.factory.support.AbstractAutowireCapableBeanFactory.doCreateBean(AbstractAutowireCapableBeanFactory.java:601) ~[spring-beans-6.2.0.jar:6.2.0]
	at org.springframework.beans.factory.support.AbstractAutowireCapableBeanFactory.createBean(AbstractAutowireCapableBeanFactory.java:523) ~[spring-beans-6.2.0.jar:6.2.0]
	at org.springframework.beans.factory.support.AbstractBeanFactory.lambda$doGetBean$0(AbstractBeanFactory.java:336) ~[spring-beans-6.2.0.jar:6.2.0]
	at org.springframework.beans.factory.support.DefaultSingletonBeanRegistry.getSingleton(DefaultSingletonBeanRegistry.java:288) ~[spring-beans-6.2.0.jar:6.2.0]
	at org.springframework.beans.factory.support.AbstractBeanFactory.doGetBean(AbstractBeanFactory.java:334) ~[spring-beans-6.2.0.jar:6.2.0]
	at org.springframework.beans.factory.support.AbstractBeanFactory.getBean(AbstractBeanFactory.java:204) ~[spring-beans-6.2.0.jar:6.2.0]
	at org.springframework.context.support.AbstractApplicationContext.finishBeanFactoryInitialization(AbstractApplicationContext.java:970) ~[spring-context-6.2.0.jar:6.2.0]
	at org.springframework.context.support.AbstractApplicationContext.refresh(AbstractApplicationContext.java:627) ~[spring-context-6.2.0.jar:6.2.0]
	at org.springframework.boot.web.servlet.context.ServletWebServerApplicationContext.refresh(ServletWebServerApplicationContext.java:146) ~[spring-boot-3.4.0.jar:3.4.0]
	at org.springframework.boot.SpringApplication.refresh(SpringApplication.java:752) ~[spring-boot-3.4.0.jar:3.4.0]
	at org.springframework.boot.SpringApplication.refreshContext(SpringApplication.java:439) ~[spring-boot-3.4.0.jar:3.4.0]
	at org.springframework.boot.SpringApplication.run(SpringApplication.java:318) ~[spring-boot-3.4.0.jar:3.4.0]
	at org.springframework.boot.SpringApplication.run(SpringApplication.java:1361) ~[spring-boot-3.4.0.jar:3.4.0]
	at org.springframework.boot.SpringApplication.run(SpringApplication.java:1350) ~[spring-boot-3.4.0.jar:3.4.0]
	at com.ReservaPro.ms_reserva.MsReservaApplication.main(MsReservaApplication.java:14) ~[classes/:na]
Caused by: jakarta.persistence.PersistenceException: [PersistenceUnit: default] Unable to build Hibernate SessionFactory; nested exception is org.hibernate.tool.schema.spi.SchemaManagementException: Schema-validation: missing table [reserva]
	at org.springframework.orm.jpa.AbstractEntityManagerFactoryBean.buildNativeEntityManagerFactory(AbstractEntityManagerFactoryBean.java:431) ~[spring-orm-6.2.0.jar:6.2.0]
	at org.springframework.orm.jpa.AbstractEntityManagerFactoryBean.afterPropertiesSet(AbstractEntityManagerFactoryBean.java:400) ~[spring-orm-6.2.0.jar:6.2.0]
	at org.springframework.orm.jpa.LocalContainerEntityManagerFactoryBean.afterPropertiesSet(LocalContainerEntityManagerFactoryBean.java:366) ~[spring-orm-6.2.0.jar:6.2.0]
	at org.springframework.beans.factory.support.AbstractAutowireCapableBeanFactory.invokeInitMethods(AbstractAutowireCapableBeanFactory.java:1849) ~[spring-beans-6.2.0.jar:6.2.0]
	at org.springframework.beans.factory.support.AbstractAutowireCapableBeanFactory.initializeBean(AbstractAutowireCapableBeanFactory.java:1798) ~[spring-beans-6.2.0.jar:6.2.0]
	... 15 common frames omitted
Caused by: org.hibernate.tool.schema.spi.SchemaManagementException: Schema-validation: missing table [reserva]
	at org.hibernate.tool.schema.internal.AbstractSchemaValidator.validateTable(AbstractSchemaValidator.java:136) ~[hibernate-core-6.6.2.Final.jar:6.6.2.Final]
	at org.hibernate.tool.schema.internal.GroupedSchemaValidatorImpl.validateTables(GroupedSchemaValidatorImpl.java:46) ~[hibernate-core-6.6.2.Final.jar:6.6.2.Final]
	at org.hibernate.tool.schema.internal.AbstractSchemaValidator.performValidation(AbstractSchemaValidator.java:99) ~[hibernate-core-6.6.2.Final.jar:6.6.2.Final]
	at org.hibernate.tool.schema.internal.AbstractSchemaValidator.doValidation(AbstractSchemaValidator.java:77) ~[hibernate-core-6.6.2.Final.jar:6.6.2.Final]
	at org.hibernate.tool.schema.spi.SchemaManagementToolCoordinator.performDatabaseAction(SchemaManagementToolCoordinator.java:289) ~[hibernate-core-6.6.2.Final.jar:6.6.2.Final]
	at org.hibernate.tool.schema.spi.SchemaManagementToolCoordinator.lambda$process$5(SchemaManagementToolCoordinator.java:144) ~[hibernate-core-6.6.2.Final.jar:6.6.2.Final]
	at java.base/java.util.HashMap.forEach(HashMap.java:1421) ~[na:na]
	at org.hibernate.tool.schema.spi.SchemaManagementToolCoordinator.process(SchemaManagementToolCoordinator.java:141) ~[hibernate-core-6.6.2.Final.jar:6.6.2.Final]
	at org.hibernate.boot.internal.SessionFactoryObserverForSchemaExport.sessionFactoryCreated(SessionFactoryObserverForSchemaExport.java:37) ~[hibernate-core-6.6.2.Final.jar:6.6.2.Final]
	at org.hibernate.internal.SessionFactoryObserverChain.sessionFactoryCreated(SessionFactoryObserverChain.java:35) ~[hibernate-core-6.6.2.Final.jar:6.6.2.Final]
	at org.hibernate.internal.SessionFactoryImpl.<init>(SessionFactoryImpl.java:324) ~[hibernate-core-6.6.2.Final.jar:6.6.2.Final]
	at org.hibernate.boot.internal.SessionFactoryBuilderImpl.build(SessionFactoryBuilderImpl.java:463) ~[hibernate-core-6.6.2.Final.jar:6.6.2.Final]
	at org.hibernate.jpa.boot.internal.EntityManagerFactoryBuilderImpl.build(EntityManagerFactoryBuilderImpl.java:1506) ~[hibernate-core-6.6.2.Final.jar:6.6.2.Final]
	at org.springframework.orm.jpa.vendor.SpringHibernateJpaPersistenceProvider.createContainerEntityManagerFactory(SpringHibernateJpaPersistenceProvider.java:66) ~[spring-orm-6.2.0.jar:6.2.0]
	at org.springframework.orm.jpa.LocalContainerEntityManagerFactoryBean.createNativeEntityManagerFactory(LocalContainerEntityManagerFactoryBean.java:390) ~[spring-orm-6.2.0.jar:6.2.0]
	at org.springframework.orm.jpa.AbstractEntityManagerFactoryBean.buildNativeEntityManagerFactory(AbstractEntityManagerFactoryBean.java:419) ~[spring-orm-6.2.0.jar:6.2.0]
	... 19 common frames omitted

2026-06-29T02:56:15.477-04:00  INFO 9672 --- [ms-reserva] [main] c.R.ms_reserva.MsReservaApplication      : Starting MsReservaApplication using Java 17.0.19 with PID 9672 (C:\Users\maldo\Desktop\Evaluacion-Semestral\com.ReservaPro\ms-reserva\target\classes started by maldo in C:\Users\maldo\Desktop\Evaluacion-Semestral\com.ReservaPro)
2026-06-29T02:56:15.483-04:00  INFO 9672 --- [ms-reserva] [main] c.R.ms_reserva.MsReservaApplication      : No active profile set, falling back to 1 default profile: "default"
2026-06-29T02:56:17.417-04:00  INFO 9672 --- [ms-reserva] [main] .s.d.r.c.RepositoryConfigurationDelegate : Bootstrapping Spring Data JPA repositories in DEFAULT mode.
2026-06-29T02:56:17.733-04:00  INFO 9672 --- [ms-reserva] [main] .s.d.r.c.RepositoryConfigurationDelegate : Finished Spring Data repository scanning in 298 ms. Found 1 JPA repository interface.
2026-06-29T02:56:18.320-04:00  INFO 9672 --- [ms-reserva] [main] o.s.cloud.context.scope.GenericScope     : BeanFactory id=31277e02-828e-3b39-856b-995c3286a4c5
2026-06-29T02:56:19.098-04:00  INFO 9672 --- [ms-reserva] [main] o.s.b.w.embedded.tomcat.TomcatWebServer  : Tomcat initialized with port 8086 (http)
2026-06-29T02:56:19.128-04:00  INFO 9672 --- [ms-reserva] [main] o.apache.catalina.core.StandardService   : Starting service [Tomcat]
2026-06-29T02:56:19.129-04:00  INFO 9672 --- [ms-reserva] [main] o.apache.catalina.core.StandardEngine    : Starting Servlet engine: [Apache Tomcat/10.1.33]
2026-06-29T02:56:19.297-04:00  INFO 9672 --- [ms-reserva] [main] o.a.c.c.C.[Tomcat].[localhost].[/]       : Initializing Spring embedded WebApplicationContext
2026-06-29T02:56:19.298-04:00  INFO 9672 --- [ms-reserva] [main] w.s.c.ServletWebServerApplicationContext : Root WebApplicationContext: initialization completed in 3662 ms
2026-06-29T02:56:19.802-04:00  INFO 9672 --- [ms-reserva] [main] com.zaxxer.hikari.HikariDataSource       : HikariPool-1 - Starting...
2026-06-29T02:56:20.415-04:00  INFO 9672 --- [ms-reserva] [main] com.zaxxer.hikari.pool.HikariPool        : HikariPool-1 - Added connection com.mysql.cj.jdbc.ConnectionImpl@710afd47
2026-06-29T02:56:20.420-04:00  INFO 9672 --- [ms-reserva] [main] com.zaxxer.hikari.HikariDataSource       : HikariPool-1 - Start completed.
2026-06-29T02:56:20.537-04:00  INFO 9672 --- [ms-reserva] [main] org.flywaydb.core.FlywayExecutor         : Database: jdbc:mysql://localhost:3306/ms-reserva (MySQL 8.4)
2026-06-29T02:56:20.590-04:00  WARN 9672 --- [ms-reserva] [main] o.f.c.internal.database.base.Database    : Flyway upgrade recommended: MySQL 8.4 is newer than this version of Flyway and support has not been tested. The latest supported version of MySQL is 8.1.
2026-06-29T02:56:20.674-04:00  INFO 9672 --- [ms-reserva] [main] o.f.c.i.s.JdbcTableSchemaHistory         : Schema history table `ms-reserva`.`flyway_schema_history` does not exist yet
2026-06-29T02:56:20.684-04:00  INFO 9672 --- [ms-reserva] [main] o.f.core.internal.command.DbValidate     : Successfully validated 0 migrations (execution time 00:00.071s)
2026-06-29T02:56:20.685-04:00  WARN 9672 --- [ms-reserva] [main] o.f.core.internal.command.DbValidate     : No migrations found. Are your locations set up correctly?
2026-06-29T02:56:20.796-04:00  INFO 9672 --- [ms-reserva] [main] o.f.c.i.s.JdbcTableSchemaHistory         : Creating Schema History table `ms-reserva`.`flyway_schema_history` ...
2026-06-29T02:56:21.091-04:00  INFO 9672 --- [ms-reserva] [main] o.f.core.internal.command.DbMigrate      : Current version of schema `ms-reserva`: << Empty Schema >>
2026-06-29T02:56:21.102-04:00  INFO 9672 --- [ms-reserva] [main] o.f.core.internal.command.DbMigrate      : Schema `ms-reserva` is up to date. No migration necessary.
2026-06-29T02:56:21.286-04:00  INFO 9672 --- [ms-reserva] [main] o.hibernate.jpa.internal.util.LogHelper  : HHH000204: Processing PersistenceUnitInfo [name: default]
2026-06-29T02:56:21.438-04:00  INFO 9672 --- [ms-reserva] [main] org.hibernate.Version                    : HHH000412: Hibernate ORM core version 6.6.2.Final
2026-06-29T02:56:21.549-04:00  INFO 9672 --- [ms-reserva] [main] o.h.c.internal.RegionFactoryInitiator    : HHH000026: Second-level cache disabled
2026-06-29T02:56:22.241-04:00  INFO 9672 --- [ms-reserva] [main] o.s.o.j.p.SpringPersistenceUnitInfo      : No LoadTimeWeaver setup: ignoring JPA class transformer
2026-06-29T02:56:22.381-04:00  WARN 9672 --- [ms-reserva] [main] org.hibernate.orm.deprecation            : HHH90000025: MySQLDialect does not need to be specified explicitly using 'hibernate.dialect' (remove the property setting and it will be selected by default)
2026-06-29T02:56:22.418-04:00  INFO 9672 --- [ms-reserva] [main] org.hibernate.orm.connections.pooling    : HHH10001005: Database info:
	Database JDBC URL [Connecting through datasource 'HikariDataSource (HikariPool-1)']
	Database driver: undefined/unknown
	Database version: 8.4.3
	Autocommit mode: undefined/unknown
	Isolation level: undefined/unknown
	Minimum pool size: undefined/unknown
	Maximum pool size: undefined/unknown
2026-06-29T02:56:24.346-04:00  INFO 9672 --- [ms-reserva] [main] o.h.e.t.j.p.i.JtaPlatformInitiator       : HHH000489: No JTA platform available (set 'hibernate.transaction.jta.platform' to enable JTA platform integration)
2026-06-29T02:56:24.505-04:00  INFO 9672 --- [ms-reserva] [main] j.LocalContainerEntityManagerFactoryBean : Initialized JPA EntityManagerFactory for persistence unit 'default'
2026-06-29T02:56:25.532-04:00  WARN 9672 --- [ms-reserva] [main] JpaBaseConfiguration$JpaWebConfiguration : spring.jpa.open-in-view is enabled by default. Therefore, database queries may be performed during view rendering. Explicitly configure spring.jpa.open-in-view to disable this warning
2026-06-29T02:56:25.915-04:00  INFO 9672 --- [ms-reserva] [main] o.s.c.openfeign.FeignClientFactoryBean   : For 'ms-usuario' URL not provided. Will try picking an instance via load-balancing.
2026-06-29T02:56:26.040-04:00  INFO 9672 --- [ms-reserva] [main] o.s.c.openfeign.FeignClientFactoryBean   : For 'ms-gestion-servicio' URL not provided. Will try picking an instance via load-balancing.
2026-06-29T02:56:26.082-04:00  INFO 9672 --- [ms-reserva] [main] o.s.c.openfeign.FeignClientFactoryBean   : For 'ms-pago' URL not provided. Will try picking an instance via load-balancing.
2026-06-29T02:56:26.125-04:00  INFO 9672 --- [ms-reserva] [main] o.s.c.openfeign.FeignClientFactoryBean   : For 'ms-calificacion' URL not provided. Will try picking an instance via load-balancing.
2026-06-29T02:56:26.180-04:00  INFO 9672 --- [ms-reserva] [main] o.s.c.openfeign.FeignClientFactoryBean   : For 'ms-cancelacion' URL not provided. Will try picking an instance via load-balancing.
2026-06-29T02:56:27.541-04:00  INFO 9672 --- [ms-reserva] [main] DiscoveryClientOptionalArgsConfiguration : Eureka HTTP Client uses RestTemplate.
2026-06-29T02:56:27.616-04:00  WARN 9672 --- [ms-reserva] [main] iguration$LoadBalancerCaffeineWarnLogger : Spring Cloud LoadBalancer is currently working with the default cache. While this cache implementation is useful for development and tests, it's recommended to use Caffeine cache in production.You can switch to using Caffeine cache, by adding it and org.springframework.cache.caffeine.CaffeineCacheManager to the classpath.
2026-06-29T02:56:27.706-04:00  INFO 9672 --- [ms-reserva] [main] o.s.c.n.eureka.InstanceInfoFactory       : Setting initial instance status as: STARTING
2026-06-29T02:56:27.787-04:00  INFO 9672 --- [ms-reserva] [main] com.netflix.discovery.DiscoveryClient    : Initializing Eureka in region us-east-1
2026-06-29T02:56:27.797-04:00  INFO 9672 --- [ms-reserva] [main] c.n.d.s.r.aws.ConfigClusterResolver      : Resolving eureka endpoints via configuration
2026-06-29T02:56:27.829-04:00  INFO 9672 --- [ms-reserva] [main] com.netflix.discovery.DiscoveryClient    : Disable delta property : false
2026-06-29T02:56:27.830-04:00  INFO 9672 --- [ms-reserva] [main] com.netflix.discovery.DiscoveryClient    : Single vip registry refresh property : null
2026-06-29T02:56:27.830-04:00  INFO 9672 --- [ms-reserva] [main] com.netflix.discovery.DiscoveryClient    : Force full registry fetch : false
2026-06-29T02:56:27.830-04:00  INFO 9672 --- [ms-reserva] [main] com.netflix.discovery.DiscoveryClient    : Application is null : false
2026-06-29T02:56:27.831-04:00  INFO 9672 --- [ms-reserva] [main] com.netflix.discovery.DiscoveryClient    : Registered Applications size is zero : true
2026-06-29T02:56:27.832-04:00  INFO 9672 --- [ms-reserva] [main] com.netflix.discovery.DiscoveryClient    : Application version is -1: true
2026-06-29T02:56:27.832-04:00  INFO 9672 --- [ms-reserva] [main] com.netflix.discovery.DiscoveryClient    : Getting all instance registry info from the eureka server
2026-06-29T02:56:28.706-04:00  INFO 9672 --- [ms-reserva] [main] com.netflix.discovery.DiscoveryClient    : The response status is 200
2026-06-29T02:56:28.713-04:00  INFO 9672 --- [ms-reserva] [main] com.netflix.discovery.DiscoveryClient    : Starting heartbeat executor: renew interval is: 30
2026-06-29T02:56:28.719-04:00  INFO 9672 --- [ms-reserva] [main] c.n.discovery.InstanceInfoReplicator     : InstanceInfoReplicator onDemand update allowed rate per min is 4
2026-06-29T02:56:28.726-04:00  INFO 9672 --- [ms-reserva] [main] com.netflix.discovery.DiscoveryClient    : Discovery Client initialized at timestamp 1782716188722 with initial instances count: 1
2026-06-29T02:56:28.735-04:00  INFO 9672 --- [ms-reserva] [main] o.s.c.n.e.s.EurekaServiceRegistry        : Registering application MS-RESERVA with eureka with status UP
2026-06-29T02:56:28.736-04:00  INFO 9672 --- [ms-reserva] [main] com.netflix.discovery.DiscoveryClient    : Saw local status change event StatusChangeEvent [timestamp=1782716188736, current=UP, previous=STARTING]
2026-06-29T02:56:28.740-04:00  INFO 9672 --- [ms-reserva] [DiscoveryClient-InstanceInfoReplicator-%d] com.netflix.discovery.DiscoveryClient    : DiscoveryClient_MS-RESERVA/DESKTOP-TVVBNLB:ms-reserva:8086: registering service...
2026-06-29T02:56:28.803-04:00  INFO 9672 --- [ms-reserva] [main] o.s.b.w.embedded.tomcat.TomcatWebServer  : Tomcat started on port 8086 (http) with context path '/'
2026-06-29T02:56:28.805-04:00  INFO 9672 --- [ms-reserva] [main] .s.c.n.e.s.EurekaAutoServiceRegistration : Updating port to 8086
2026-06-29T02:56:28.861-04:00  INFO 9672 --- [ms-reserva] [DiscoveryClient-InstanceInfoReplicator-%d] com.netflix.discovery.DiscoveryClient    : DiscoveryClient_MS-RESERVA/DESKTOP-TVVBNLB:ms-reserva:8086 - registration status: 204
2026-06-29T02:56:29.075-04:00  INFO 9672 --- [ms-reserva] [main] c.R.ms_reserva.MsReservaApplication      : Started MsReservaApplication in 15.157 seconds (process running for 17.35)
2026-06-29T02:58:01.298-04:00  INFO 9672 --- [ms-reserva] [http-nio-8086-exec-1] o.a.c.c.C.[Tomcat].[localhost].[/]       : Initializing Spring DispatcherServlet 'dispatcherServlet'
2026-06-29T02:58:01.299-04:00  INFO 9672 --- [ms-reserva] [http-nio-8086-exec-1] o.s.web.servlet.DispatcherServlet        : Initializing Servlet 'dispatcherServlet'
2026-06-29T02:58:01.305-04:00  INFO 9672 --- [ms-reserva] [http-nio-8086-exec-1] o.s.web.servlet.DispatcherServlet        : Completed initialization in 5 ms
2026-06-29T02:58:02.955-04:00  INFO 9672 --- [ms-reserva] [http-nio-8086-exec-3] o.springdoc.api.AbstractOpenApiResource  : Init duration for springdoc-openapi is: 1085 ms
2026-06-29T02:59:33.214-04:00  INFO 9672 --- [ms-reserva] [SpringApplicationShutdownHook] o.s.c.n.e.s.EurekaServiceRegistry        : Unregistering application MS-RESERVA with eureka with status DOWN
2026-06-29T02:59:33.215-04:00  INFO 9672 --- [ms-reserva] [SpringApplicationShutdownHook] com.netflix.discovery.DiscoveryClient    : Saw local status change event StatusChangeEvent [timestamp=1782716373214, current=DOWN, previous=UP]
2026-06-29T02:59:33.215-04:00  INFO 9672 --- [ms-reserva] [DiscoveryClient-InstanceInfoReplicator-%d] com.netflix.discovery.DiscoveryClient    : DiscoveryClient_MS-RESERVA/DESKTOP-TVVBNLB:ms-reserva:8086: registering service...
2026-06-29T02:59:33.229-04:00  INFO 9672 --- [ms-reserva] [SpringApplicationShutdownHook] o.s.b.w.e.tomcat.GracefulShutdown        : Commencing graceful shutdown. Waiting for active requests to complete
2026-06-29T02:59:33.244-04:00  INFO 9672 --- [ms-reserva] [DiscoveryClient-InstanceInfoReplicator-%d] com.netflix.discovery.DiscoveryClient    : DiscoveryClient_MS-RESERVA/DESKTOP-TVVBNLB:ms-reserva:8086 - registration status: 204
2026-06-29T02:59:33.718-04:00  INFO 9672 --- [ms-reserva] [tomcat-shutdown] o.s.b.w.e.tomcat.GracefulShutdown        : Graceful shutdown complete
2026-06-29T02:59:33.765-04:00  INFO 9672 --- [ms-reserva] [SpringApplicationShutdownHook] j.LocalContainerEntityManagerFactoryBean : Closing JPA EntityManagerFactory for persistence unit 'default'
2026-06-29T02:59:33.813-04:00  INFO 9672 --- [ms-reserva] [SpringApplicationShutdownHook] com.zaxxer.hikari.HikariDataSource       : HikariPool-1 - Shutdown initiated...
2026-06-29T02:59:33.889-04:00  INFO 9672 --- [ms-reserva] [SpringApplicationShutdownHook] com.zaxxer.hikari.HikariDataSource       : HikariPool-1 - Shutdown completed.
2026-06-29T02:59:33.892-04:00  INFO 9672 --- [ms-reserva] [SpringApplicationShutdownHook] com.netflix.discovery.DiscoveryClient    : Shutting down DiscoveryClient ...
2026-06-29T02:59:36.900-04:00  INFO 9672 --- [ms-reserva] [SpringApplicationShutdownHook] com.netflix.discovery.DiscoveryClient    : Unregistering ...
2026-06-29T02:59:36.932-04:00  INFO 9672 --- [ms-reserva] [SpringApplicationShutdownHook] com.netflix.discovery.DiscoveryClient    : DiscoveryClient_MS-RESERVA/DESKTOP-TVVBNLB:ms-reserva:8086 - deregister  status: 200
2026-06-29T02:59:36.936-04:00  INFO 9672 --- [ms-reserva] [SpringApplicationShutdownHook] com.netflix.discovery.DiscoveryClient    : Completed shut down of DiscoveryClient
