2026-06-29T01:22:44.315-04:00  INFO 13768 --- [ms-usuario] [main] c.R.ms_usuario.MsUsuarioApplication      : Starting MsUsuarioApplication using Java 17.0.19 with PID 13768 (C:\Users\maldo\Desktop\Evaluacion-Semestral\com.ReservaPro\ms-usuario\target\classes started by maldo in C:\Users\maldo\Desktop\Evaluacion-Semestral\com.ReservaPro)
2026-06-29T01:22:44.320-04:00  INFO 13768 --- [ms-usuario] [main] c.R.ms_usuario.MsUsuarioApplication      : No active profile set, falling back to 1 default profile: "default"
2026-06-29T01:22:46.086-04:00  INFO 13768 --- [ms-usuario] [main] .s.d.r.c.RepositoryConfigurationDelegate : Bootstrapping Spring Data JPA repositories in DEFAULT mode.
2026-06-29T01:22:46.386-04:00  INFO 13768 --- [ms-usuario] [main] .s.d.r.c.RepositoryConfigurationDelegate : Finished Spring Data repository scanning in 270 ms. Found 1 JPA repository interface.
2026-06-29T01:22:46.866-04:00  INFO 13768 --- [ms-usuario] [main] o.s.cloud.context.scope.GenericScope     : BeanFactory id=8c4f4502-c596-3abb-a758-8e6f091df428
2026-06-29T01:22:47.587-04:00  INFO 13768 --- [ms-usuario] [main] o.s.b.w.embedded.tomcat.TomcatWebServer  : Tomcat initialized with port 8084 (http)
2026-06-29T01:22:47.610-04:00  INFO 13768 --- [ms-usuario] [main] o.apache.catalina.core.StandardService   : Starting service [Tomcat]
2026-06-29T01:22:47.611-04:00  INFO 13768 --- [ms-usuario] [main] o.apache.catalina.core.StandardEngine    : Starting Servlet engine: [Apache Tomcat/10.1.46]
2026-06-29T01:22:47.744-04:00  INFO 13768 --- [ms-usuario] [main] o.a.c.c.C.[Tomcat].[localhost].[/]       : Initializing Spring embedded WebApplicationContext
2026-06-29T01:22:47.745-04:00  INFO 13768 --- [ms-usuario] [main] w.s.c.ServletWebServerApplicationContext : Root WebApplicationContext: initialization completed in 3315 ms
2026-06-29T01:22:48.215-04:00  INFO 13768 --- [ms-usuario] [main] com.zaxxer.hikari.HikariDataSource       : HikariPool-1 - Starting...
2026-06-29T01:22:48.857-04:00  INFO 13768 --- [ms-usuario] [main] com.zaxxer.hikari.pool.HikariPool        : HikariPool-1 - Added connection com.mysql.cj.jdbc.ConnectionImpl@a55e82a
2026-06-29T01:22:48.861-04:00  INFO 13768 --- [ms-usuario] [main] com.zaxxer.hikari.HikariDataSource       : HikariPool-1 - Start completed.
2026-06-29T01:22:48.957-04:00  INFO 13768 --- [ms-usuario] [main] org.flywaydb.core.FlywayExecutor         : Database: jdbc:mysql://localhost:3306/ms-usuario (MySQL 8.4)
2026-06-29T01:22:48.997-04:00  WARN 13768 --- [ms-usuario] [main] o.f.c.internal.database.base.Database    : Flyway upgrade recommended: MySQL 8.4 is newer than this version of Flyway and support has not been tested. The latest supported version of MySQL is 8.1.
2026-06-29T01:22:49.084-04:00  INFO 13768 --- [ms-usuario] [main] o.f.c.i.s.JdbcTableSchemaHistory         : Schema history table `ms-usuario`.`flyway_schema_history` does not exist yet
2026-06-29T01:22:49.097-04:00  INFO 13768 --- [ms-usuario] [main] o.f.core.internal.command.DbValidate     : Successfully validated 2 migrations (execution time 00:00.077s)
2026-06-29T01:22:49.188-04:00  INFO 13768 --- [ms-usuario] [main] o.f.c.i.s.JdbcTableSchemaHistory         : Creating Schema History table `ms-usuario`.`flyway_schema_history` ...
2026-06-29T01:22:49.481-04:00  INFO 13768 --- [ms-usuario] [main] o.f.core.internal.command.DbMigrate      : Current version of schema `ms-usuario`: << Empty Schema >>
2026-06-29T01:22:49.499-04:00  INFO 13768 --- [ms-usuario] [main] o.f.core.internal.command.DbMigrate      : Migrating schema `ms-usuario` to version "1 - crear tabla usuario"
2026-06-29T01:22:49.640-04:00  INFO 13768 --- [ms-usuario] [main] o.f.core.internal.command.DbMigrate      : Migrating schema `ms-usuario` to version "2 - insert usuario"
2026-06-29T01:22:49.713-04:00  INFO 13768 --- [ms-usuario] [main] o.f.core.internal.command.DbMigrate      : Successfully applied 2 migrations to schema `ms-usuario`, now at version v2 (execution time 00:00.086s)
2026-06-29T01:22:49.872-04:00  INFO 13768 --- [ms-usuario] [main] o.hibernate.jpa.internal.util.LogHelper  : HHH000204: Processing PersistenceUnitInfo [name: default]
2026-06-29T01:22:50.016-04:00  INFO 13768 --- [ms-usuario] [main] org.hibernate.Version                    : HHH000412: Hibernate ORM core version 6.6.29.Final
2026-06-29T01:22:50.086-04:00  INFO 13768 --- [ms-usuario] [main] o.h.c.internal.RegionFactoryInitiator    : HHH000026: Second-level cache disabled
2026-06-29T01:22:50.619-04:00  INFO 13768 --- [ms-usuario] [main] o.s.o.j.p.SpringPersistenceUnitInfo      : No LoadTimeWeaver setup: ignoring JPA class transformer
2026-06-29T01:22:50.715-04:00  WARN 13768 --- [ms-usuario] [main] org.hibernate.orm.deprecation            : HHH90000025: MySQLDialect does not need to be specified explicitly using 'hibernate.dialect' (remove the property setting and it will be selected by default)
2026-06-29T01:22:50.740-04:00  INFO 13768 --- [ms-usuario] [main] org.hibernate.orm.connections.pooling    : HHH10001005: Database info:
	Database JDBC URL [Connecting through datasource 'HikariDataSource (HikariPool-1)']
	Database driver: undefined/unknown
	Database version: 8.4.3
	Autocommit mode: undefined/unknown
	Isolation level: undefined/unknown
	Minimum pool size: undefined/unknown
	Maximum pool size: undefined/unknown
2026-06-29T01:22:52.094-04:00  INFO 13768 --- [ms-usuario] [main] o.h.e.t.j.p.i.JtaPlatformInitiator       : HHH000489: No JTA platform available (set 'hibernate.transaction.jta.platform' to enable JTA platform integration)
2026-06-29T01:22:52.160-04:00  INFO 13768 --- [ms-usuario] [main] j.LocalContainerEntityManagerFactoryBean : Initialized JPA EntityManagerFactory for persistence unit 'default'
2026-06-29T01:22:52.856-04:00  WARN 13768 --- [ms-usuario] [main] JpaBaseConfiguration$JpaWebConfiguration : spring.jpa.open-in-view is enabled by default. Therefore, database queries may be performed during view rendering. Explicitly configure spring.jpa.open-in-view to disable this warning
2026-06-29T01:22:53.995-04:00  INFO 13768 --- [ms-usuario] [main] DiscoveryClientOptionalArgsConfiguration : Eureka HTTP Client uses RestTemplate.
2026-06-29T01:22:54.049-04:00  WARN 13768 --- [ms-usuario] [main] ConfigServletWebServerApplicationContext : Exception encountered during context initialization - cancelling refresh attempt: org.springframework.beans.factory.BeanCreationException: Error creating bean with name 'compositeCompatibilityVerifier' defined in class path resource [org/springframework/cloud/configuration/CompatibilityVerifierAutoConfiguration.class]: Failed to instantiate [org.springframework.cloud.configuration.CompositeCompatibilityVerifier]: Factory method 'compositeCompatibilityVerifier' threw exception with message: Spring Cloud/ Spring Boot version compatibility checks have failed: [[VerificationResult@1b42eb0f description = 'Spring Boot [3.5.6] is not compatible with this Spring Cloud release train', action = 'Change Spring Boot version to one of the following versions [3.4.x] .
You can find the latest Spring Boot versions here [https://spring.io/projects/spring-boot#learn]. 
If you want to learn more about the Spring Cloud Release train compatibility, you can visit this page [https://spring.io/projects/spring-cloud#overview] and check the [Release Trains] section.
If you want to disable this check, just set the property [spring.cloud.compatibility-verifier.enabled=false]']]
2026-06-29T01:22:54.053-04:00  INFO 13768 --- [ms-usuario] [main] j.LocalContainerEntityManagerFactoryBean : Closing JPA EntityManagerFactory for persistence unit 'default'
2026-06-29T01:22:54.058-04:00  INFO 13768 --- [ms-usuario] [main] com.zaxxer.hikari.HikariDataSource       : HikariPool-1 - Shutdown initiated...
2026-06-29T01:22:54.073-04:00  INFO 13768 --- [ms-usuario] [main] com.zaxxer.hikari.HikariDataSource       : HikariPool-1 - Shutdown completed.
2026-06-29T01:22:54.077-04:00  INFO 13768 --- [ms-usuario] [main] o.apache.catalina.core.StandardService   : Stopping service [Tomcat]
2026-06-29T01:22:54.102-04:00  INFO 13768 --- [ms-usuario] [main] .s.b.a.l.ConditionEvaluationReportLogger : 

Error starting ApplicationContext. To display the condition evaluation report re-run your application with 'debug' enabled.
2026-06-29T01:22:54.132-04:00 ERROR 13768 --- [ms-usuario] [main] o.s.b.d.LoggingFailureAnalysisReporter   : 

***************************
APPLICATION FAILED TO START
***************************

Description:

Your project setup is incompatible with our requirements due to following reasons:

- Spring Boot [3.5.6] is not compatible with this Spring Cloud release train


Action:

Consider applying the following actions:

- Change Spring Boot version to one of the following versions [3.4.x] .
You can find the latest Spring Boot versions here [https://spring.io/projects/spring-boot#learn]. 
If you want to learn more about the Spring Cloud Release train compatibility, you can visit this page [https://spring.io/projects/spring-cloud#overview] and check the [Release Trains] section.
If you want to disable this check, just set the property [spring.cloud.compatibility-verifier.enabled=false]


2026-06-29T01:26:08.443-04:00  INFO 10160 --- [ms-usuario] [main] c.R.ms_usuario.MsUsuarioApplication      : Starting MsUsuarioApplication using Java 17.0.19 with PID 10160 (C:\Users\maldo\Desktop\Evaluacion-Semestral\com.ReservaPro\ms-usuario\target\classes started by maldo in C:\Users\maldo\Desktop\Evaluacion-Semestral\com.ReservaPro)
2026-06-29T01:26:08.447-04:00  INFO 10160 --- [ms-usuario] [main] c.R.ms_usuario.MsUsuarioApplication      : No active profile set, falling back to 1 default profile: "default"
2026-06-29T01:26:09.897-04:00  INFO 10160 --- [ms-usuario] [main] .s.d.r.c.RepositoryConfigurationDelegate : Bootstrapping Spring Data JPA repositories in DEFAULT mode.
2026-06-29T01:26:10.202-04:00  INFO 10160 --- [ms-usuario] [main] .s.d.r.c.RepositoryConfigurationDelegate : Finished Spring Data repository scanning in 290 ms. Found 1 JPA repository interface.
2026-06-29T01:26:10.658-04:00  INFO 10160 --- [ms-usuario] [main] o.s.cloud.context.scope.GenericScope     : BeanFactory id=d3473399-4995-3a3c-ac98-92cf805ab583
2026-06-29T01:26:11.348-04:00  INFO 10160 --- [ms-usuario] [main] o.s.b.w.embedded.tomcat.TomcatWebServer  : Tomcat initialized with port 8084 (http)
2026-06-29T01:26:11.373-04:00  INFO 10160 --- [ms-usuario] [main] o.apache.catalina.core.StandardService   : Starting service [Tomcat]
2026-06-29T01:26:11.374-04:00  INFO 10160 --- [ms-usuario] [main] o.apache.catalina.core.StandardEngine    : Starting Servlet engine: [Apache Tomcat/10.1.33]
2026-06-29T01:26:11.500-04:00  INFO 10160 --- [ms-usuario] [main] o.a.c.c.C.[Tomcat].[localhost].[/]       : Initializing Spring embedded WebApplicationContext
2026-06-29T01:26:11.500-04:00  INFO 10160 --- [ms-usuario] [main] w.s.c.ServletWebServerApplicationContext : Root WebApplicationContext: initialization completed in 2963 ms
2026-06-29T01:26:11.858-04:00  INFO 10160 --- [ms-usuario] [main] com.zaxxer.hikari.HikariDataSource       : HikariPool-1 - Starting...
2026-06-29T01:26:12.469-04:00  INFO 10160 --- [ms-usuario] [main] com.zaxxer.hikari.pool.HikariPool        : HikariPool-1 - Added connection com.mysql.cj.jdbc.ConnectionImpl@37986daf
2026-06-29T01:26:12.473-04:00  INFO 10160 --- [ms-usuario] [main] com.zaxxer.hikari.HikariDataSource       : HikariPool-1 - Start completed.
2026-06-29T01:26:12.600-04:00  INFO 10160 --- [ms-usuario] [main] org.flywaydb.core.FlywayExecutor         : Database: jdbc:mysql://localhost:3306/ms-usuario (MySQL 8.4)
2026-06-29T01:26:12.674-04:00  WARN 10160 --- [ms-usuario] [main] o.f.c.internal.database.base.Database    : Flyway upgrade recommended: MySQL 8.4 is newer than this version of Flyway and support has not been tested. The latest supported version of MySQL is 8.1.
2026-06-29T01:26:12.795-04:00  INFO 10160 --- [ms-usuario] [main] o.f.core.internal.command.DbValidate     : Successfully validated 2 migrations (execution time 00:00.085s)
2026-06-29T01:26:12.835-04:00  INFO 10160 --- [ms-usuario] [main] o.f.core.internal.command.DbMigrate      : Current version of schema `ms-usuario`: 2
2026-06-29T01:26:12.844-04:00  INFO 10160 --- [ms-usuario] [main] o.f.core.internal.command.DbMigrate      : Schema `ms-usuario` is up to date. No migration necessary.
2026-06-29T01:26:13.105-04:00  INFO 10160 --- [ms-usuario] [main] o.hibernate.jpa.internal.util.LogHelper  : HHH000204: Processing PersistenceUnitInfo [name: default]
2026-06-29T01:26:13.307-04:00  INFO 10160 --- [ms-usuario] [main] org.hibernate.Version                    : HHH000412: Hibernate ORM core version 6.6.2.Final
2026-06-29T01:26:13.370-04:00  INFO 10160 --- [ms-usuario] [main] o.h.c.internal.RegionFactoryInitiator    : HHH000026: Second-level cache disabled
2026-06-29T01:26:13.792-04:00  INFO 10160 --- [ms-usuario] [main] o.s.o.j.p.SpringPersistenceUnitInfo      : No LoadTimeWeaver setup: ignoring JPA class transformer
2026-06-29T01:26:13.877-04:00  WARN 10160 --- [ms-usuario] [main] org.hibernate.orm.deprecation            : HHH90000025: MySQLDialect does not need to be specified explicitly using 'hibernate.dialect' (remove the property setting and it will be selected by default)
2026-06-29T01:26:13.896-04:00  INFO 10160 --- [ms-usuario] [main] org.hibernate.orm.connections.pooling    : HHH10001005: Database info:
	Database JDBC URL [Connecting through datasource 'HikariDataSource (HikariPool-1)']
	Database driver: undefined/unknown
	Database version: 8.4.3
	Autocommit mode: undefined/unknown
	Isolation level: undefined/unknown
	Minimum pool size: undefined/unknown
	Maximum pool size: undefined/unknown
2026-06-29T01:26:14.999-04:00  INFO 10160 --- [ms-usuario] [main] o.h.e.t.j.p.i.JtaPlatformInitiator       : HHH000489: No JTA platform available (set 'hibernate.transaction.jta.platform' to enable JTA platform integration)
2026-06-29T01:26:15.063-04:00  INFO 10160 --- [ms-usuario] [main] j.LocalContainerEntityManagerFactoryBean : Initialized JPA EntityManagerFactory for persistence unit 'default'
2026-06-29T01:26:15.654-04:00  WARN 10160 --- [ms-usuario] [main] JpaBaseConfiguration$JpaWebConfiguration : spring.jpa.open-in-view is enabled by default. Therefore, database queries may be performed during view rendering. Explicitly configure spring.jpa.open-in-view to disable this warning
2026-06-29T01:26:16.645-04:00  INFO 10160 --- [ms-usuario] [main] DiscoveryClientOptionalArgsConfiguration : Eureka HTTP Client uses RestTemplate.
2026-06-29T01:26:16.695-04:00  WARN 10160 --- [ms-usuario] [main] iguration$LoadBalancerCaffeineWarnLogger : Spring Cloud LoadBalancer is currently working with the default cache. While this cache implementation is useful for development and tests, it's recommended to use Caffeine cache in production.You can switch to using Caffeine cache, by adding it and org.springframework.cache.caffeine.CaffeineCacheManager to the classpath.
2026-06-29T01:26:16.747-04:00  INFO 10160 --- [ms-usuario] [main] o.s.c.n.eureka.InstanceInfoFactory       : Setting initial instance status as: STARTING
2026-06-29T01:26:16.779-04:00  INFO 10160 --- [ms-usuario] [main] com.netflix.discovery.DiscoveryClient    : Initializing Eureka in region us-east-1
2026-06-29T01:26:16.784-04:00  INFO 10160 --- [ms-usuario] [main] c.n.d.s.r.aws.ConfigClusterResolver      : Resolving eureka endpoints via configuration
2026-06-29T01:26:16.796-04:00  INFO 10160 --- [ms-usuario] [main] com.netflix.discovery.DiscoveryClient    : Disable delta property : false
2026-06-29T01:26:16.796-04:00  INFO 10160 --- [ms-usuario] [main] com.netflix.discovery.DiscoveryClient    : Single vip registry refresh property : null
2026-06-29T01:26:16.796-04:00  INFO 10160 --- [ms-usuario] [main] com.netflix.discovery.DiscoveryClient    : Force full registry fetch : false
2026-06-29T01:26:16.796-04:00  INFO 10160 --- [ms-usuario] [main] com.netflix.discovery.DiscoveryClient    : Application is null : false
2026-06-29T01:26:16.797-04:00  INFO 10160 --- [ms-usuario] [main] com.netflix.discovery.DiscoveryClient    : Registered Applications size is zero : true
2026-06-29T01:26:16.797-04:00  INFO 10160 --- [ms-usuario] [main] com.netflix.discovery.DiscoveryClient    : Application version is -1: true
2026-06-29T01:26:16.797-04:00  INFO 10160 --- [ms-usuario] [main] com.netflix.discovery.DiscoveryClient    : Getting all instance registry info from the eureka server
2026-06-29T01:26:17.279-04:00  INFO 10160 --- [ms-usuario] [main] com.netflix.discovery.DiscoveryClient    : The response status is 200
2026-06-29T01:26:17.282-04:00  INFO 10160 --- [ms-usuario] [main] com.netflix.discovery.DiscoveryClient    : Starting heartbeat executor: renew interval is: 30
2026-06-29T01:26:17.285-04:00  INFO 10160 --- [ms-usuario] [main] c.n.discovery.InstanceInfoReplicator     : InstanceInfoReplicator onDemand update allowed rate per min is 4
2026-06-29T01:26:17.287-04:00  INFO 10160 --- [ms-usuario] [main] com.netflix.discovery.DiscoveryClient    : Discovery Client initialized at timestamp 1782710777286 with initial instances count: 1
2026-06-29T01:26:17.292-04:00  INFO 10160 --- [ms-usuario] [main] o.s.c.n.e.s.EurekaServiceRegistry        : Registering application MS-USUARIO with eureka with status UP
2026-06-29T01:26:17.293-04:00  INFO 10160 --- [ms-usuario] [main] com.netflix.discovery.DiscoveryClient    : Saw local status change event StatusChangeEvent [timestamp=1782710777293, current=UP, previous=STARTING]
2026-06-29T01:26:17.296-04:00  INFO 10160 --- [ms-usuario] [DiscoveryClient-InstanceInfoReplicator-%d] com.netflix.discovery.DiscoveryClient    : DiscoveryClient_MS-USUARIO/DESKTOP-TVVBNLB:ms-usuario:8084: registering service...
2026-06-29T01:26:17.327-04:00  INFO 10160 --- [ms-usuario] [main] o.s.b.w.embedded.tomcat.TomcatWebServer  : Tomcat started on port 8084 (http) with context path '/'
2026-06-29T01:26:17.328-04:00  INFO 10160 --- [ms-usuario] [main] .s.c.n.e.s.EurekaAutoServiceRegistration : Updating port to 8084
2026-06-29T01:26:17.378-04:00  INFO 10160 --- [ms-usuario] [DiscoveryClient-InstanceInfoReplicator-%d] com.netflix.discovery.DiscoveryClient    : DiscoveryClient_MS-USUARIO/DESKTOP-TVVBNLB:ms-usuario:8084 - registration status: 204
2026-06-29T01:26:17.463-04:00  INFO 10160 --- [ms-usuario] [main] c.R.ms_usuario.MsUsuarioApplication      : Started MsUsuarioApplication in 10.333 seconds (process running for 12.142)
2026-06-29T01:27:49.788-04:00  INFO 10160 --- [ms-usuario] [http-nio-8084-exec-1] o.a.c.c.C.[Tomcat].[localhost].[/]       : Initializing Spring DispatcherServlet 'dispatcherServlet'
2026-06-29T01:27:49.789-04:00  INFO 10160 --- [ms-usuario] [http-nio-8084-exec-1] o.s.web.servlet.DispatcherServlet        : Initializing Servlet 'dispatcherServlet'
2026-06-29T01:27:49.796-04:00  INFO 10160 --- [ms-usuario] [http-nio-8084-exec-1] o.s.web.servlet.DispatcherServlet        : Completed initialization in 6 ms
2026-06-29T01:27:50.803-04:00  INFO 10160 --- [ms-usuario] [http-nio-8084-exec-9] o.springdoc.api.AbstractOpenApiResource  : Init duration for springdoc-openapi is: 406 ms
2026-06-29T01:28:02.370-04:00  INFO 10160 --- [ms-usuario] [http-nio-8084-exec-10] c.R.ms_usuario.service.UsuarioService    : Buscando usuario con ID: 1
2026-06-29T01:28:26.173-04:00  INFO 10160 --- [ms-usuario] [http-nio-8084-exec-1] c.R.ms_usuario.service.UsuarioService    : Buscando usuario con ID: 2
2026-06-29T01:28:27.996-04:00  INFO 10160 --- [ms-usuario] [http-nio-8084-exec-2] c.R.ms_usuario.service.UsuarioService    : Buscando usuario con ID: 2
2026-06-29T01:31:06.511-04:00  INFO 10160 --- [ms-usuario] [http-nio-8084-exec-7] c.R.ms_usuario.service.UsuarioService    : Obteniendo todos los usuarios
2026-06-29T01:31:16.813-04:00  INFO 10160 --- [ms-usuario] [AsyncResolver-bootstrap-executor-%d] c.n.d.s.r.aws.ConfigClusterResolver      : Resolving eureka endpoints via configuration
